;  LST file generated by mikroListExporter - v.2.0 
; Date/Time: 29/10/2017 00:22:19
;----------------------------------------------

;Address Opcode 	ASM
0x0000	0xF001EFFC  	GOTO        1016
0x0004	0x0000      	NOP
0x0006	0x0000      	NOP
0x0008	0xF000EF00  	GOTO        0
0x000C	0x0000      	NOP
0x000E	0x0000      	NOP
0x0010	0x0000      	NOP
0x0012	0x0000      	NOP
0x0014	0x0000      	NOP
0x0016	0x0000      	NOP
0x0018	0xD7F3      	BRA         0
_Delay_5500us:
;__Lib_Delays.c,31 :: 		void Delay_5500us() {
;__Lib_Delays.c,32 :: 		Delay_us(5500);
0x001C	0x0E0F      	MOVLW       15
0x001E	0x6E0C      	MOVWF       R12, 0
0x0020	0x0E47      	MOVLW       71
0x0022	0x6E0D      	MOVWF       R13, 0
L_Delay_5500us5:
0x0024	0x2E0D      	DECFSZ      R13, 1, 0
0x0026	0xD7FE      	BRA         L_Delay_5500us5
0x0028	0x2E0C      	DECFSZ      R12, 1, 0
0x002A	0xD7FC      	BRA         L_Delay_5500us5
0x002C	0x0000      	NOP
0x002E	0x0000      	NOP
;__Lib_Delays.c,33 :: 		}
0x0030	0x0012      	RETURN      0
; end of _Delay_5500us
_Delay_50us:
;__Lib_Delays.c,19 :: 		void Delay_50us() {
;__Lib_Delays.c,20 :: 		Delay_us(50);
0x0032	0x0E21      	MOVLW       33
0x0034	0x6E0D      	MOVWF       R13, 0
L_Delay_50us2:
0x0036	0x2E0D      	DECFSZ      R13, 1, 0
0x0038	0xD7FE      	BRA         L_Delay_50us2
;__Lib_Delays.c,21 :: 		}
0x003A	0x0012      	RETURN      0
; end of _Delay_50us
_Delay_1us:
;__Lib_Delays.c,7 :: 		void Delay_1us() {
;__Lib_Delays.c,8 :: 		Delay_us(1);
0x003C	0x0000      	NOP
0x003E	0x0000      	NOP
;__Lib_Delays.c,9 :: 		}
0x0040	0x0012      	RETURN      0
; end of _Delay_1us
_Lcd_Cmd:
;__Lib_Lcd.c,18 :: 		
;__Lib_Lcd.c,20 :: 		
0x0042	0xBE1C      	BTFSC       FARG_Lcd_Cmd_out_char, 7 
0x0044	0xD002      	BRA         L__Lcd_Cmd20
0x0046	0x9E83      	BCF         LCD_D7, BitPos(LCD_D7+0) 
0x0048	0xD001      	BRA         L__Lcd_Cmd21
L__Lcd_Cmd20:
0x004A	0x8E83      	BSF         LCD_D7, BitPos(LCD_D7+0) 
L__Lcd_Cmd21:
;__Lib_Lcd.c,21 :: 		
0x004C	0xBC1C      	BTFSC       FARG_Lcd_Cmd_out_char, 6 
0x004E	0xD002      	BRA         L__Lcd_Cmd22
0x0050	0x9C83      	BCF         LCD_D6, BitPos(LCD_D6+0) 
0x0052	0xD001      	BRA         L__Lcd_Cmd23
L__Lcd_Cmd22:
0x0054	0x8C83      	BSF         LCD_D6, BitPos(LCD_D6+0) 
L__Lcd_Cmd23:
;__Lib_Lcd.c,22 :: 		
0x0056	0xBA1C      	BTFSC       FARG_Lcd_Cmd_out_char, 5 
0x0058	0xD002      	BRA         L__Lcd_Cmd24
0x005A	0x9A83      	BCF         LCD_D5, BitPos(LCD_D5+0) 
0x005C	0xD001      	BRA         L__Lcd_Cmd25
L__Lcd_Cmd24:
0x005E	0x8A83      	BSF         LCD_D5, BitPos(LCD_D5+0) 
L__Lcd_Cmd25:
;__Lib_Lcd.c,23 :: 		
0x0060	0xB81C      	BTFSC       FARG_Lcd_Cmd_out_char, 4 
0x0062	0xD002      	BRA         L__Lcd_Cmd26
0x0064	0x9883      	BCF         LCD_D4, BitPos(LCD_D4+0) 
0x0066	0xD001      	BRA         L__Lcd_Cmd27
L__Lcd_Cmd26:
0x0068	0x8883      	BSF         LCD_D4, BitPos(LCD_D4+0) 
L__Lcd_Cmd27:
;__Lib_Lcd.c,25 :: 		
0x006A	0xB015      	BTFSC       __Lib_Lcd_cmd_status, BitPos(__Lib_Lcd_cmd_status+0) 
0x006C	0xD002      	BRA         L__Lcd_Cmd28
0x006E	0x8683      	BSF         LCD_RS, BitPos(LCD_RS+0) 
0x0070	0xD001      	BRA         L__Lcd_Cmd29
L__Lcd_Cmd28:
0x0072	0x9683      	BCF         LCD_RS, BitPos(LCD_RS+0) 
L__Lcd_Cmd29:
;__Lib_Lcd.c,28 :: 		
0x0074	0x8483      	BSF         LCD_EN, BitPos(LCD_EN+0) 
;__Lib_Lcd.c,29 :: 		
0x0076	0xDFE2      	RCALL       _Delay_1us
;__Lib_Lcd.c,30 :: 		
0x0078	0x9483      	BCF         LCD_EN, BitPos(LCD_EN+0) 
;__Lib_Lcd.c,33 :: 		
0x007A	0xB61C      	BTFSC       FARG_Lcd_Cmd_out_char, 3 
0x007C	0xD002      	BRA         L__Lcd_Cmd30
0x007E	0x9E83      	BCF         LCD_D7, BitPos(LCD_D7+0) 
0x0080	0xD001      	BRA         L__Lcd_Cmd31
L__Lcd_Cmd30:
0x0082	0x8E83      	BSF         LCD_D7, BitPos(LCD_D7+0) 
L__Lcd_Cmd31:
;__Lib_Lcd.c,34 :: 		
0x0084	0xB41C      	BTFSC       FARG_Lcd_Cmd_out_char, 2 
0x0086	0xD002      	BRA         L__Lcd_Cmd32
0x0088	0x9C83      	BCF         LCD_D6, BitPos(LCD_D6+0) 
0x008A	0xD001      	BRA         L__Lcd_Cmd33
L__Lcd_Cmd32:
0x008C	0x8C83      	BSF         LCD_D6, BitPos(LCD_D6+0) 
L__Lcd_Cmd33:
;__Lib_Lcd.c,35 :: 		
0x008E	0xB21C      	BTFSC       FARG_Lcd_Cmd_out_char, 1 
0x0090	0xD002      	BRA         L__Lcd_Cmd34
0x0092	0x9A83      	BCF         LCD_D5, BitPos(LCD_D5+0) 
0x0094	0xD001      	BRA         L__Lcd_Cmd35
L__Lcd_Cmd34:
0x0096	0x8A83      	BSF         LCD_D5, BitPos(LCD_D5+0) 
L__Lcd_Cmd35:
;__Lib_Lcd.c,36 :: 		
0x0098	0xB01C      	BTFSC       FARG_Lcd_Cmd_out_char, 0 
0x009A	0xD002      	BRA         L__Lcd_Cmd36
0x009C	0x9883      	BCF         LCD_D4, BitPos(LCD_D4+0) 
0x009E	0xD001      	BRA         L__Lcd_Cmd37
L__Lcd_Cmd36:
0x00A0	0x8883      	BSF         LCD_D4, BitPos(LCD_D4+0) 
L__Lcd_Cmd37:
;__Lib_Lcd.c,38 :: 		
0x00A2	0xB015      	BTFSC       __Lib_Lcd_cmd_status, BitPos(__Lib_Lcd_cmd_status+0) 
0x00A4	0xD002      	BRA         L__Lcd_Cmd38
0x00A6	0x8683      	BSF         LCD_RS, BitPos(LCD_RS+0) 
0x00A8	0xD001      	BRA         L__Lcd_Cmd39
L__Lcd_Cmd38:
0x00AA	0x9683      	BCF         LCD_RS, BitPos(LCD_RS+0) 
L__Lcd_Cmd39:
;__Lib_Lcd.c,40 :: 		
0x00AC	0x8483      	BSF         LCD_EN, BitPos(LCD_EN+0) 
;__Lib_Lcd.c,41 :: 		
0x00AE	0xDFC6      	RCALL       _Delay_1us
;__Lib_Lcd.c,42 :: 		
0x00B0	0x9483      	BCF         LCD_EN, BitPos(LCD_EN+0) 
;__Lib_Lcd.c,44 :: 		
0x00B2	0xA015      	BTFSS       __Lib_Lcd_cmd_status, BitPos(__Lib_Lcd_cmd_status+0) 
0x00B4	0xD002      	BRA         L_Lcd_Cmd0
;__Lib_Lcd.c,45 :: 		
0x00B6	0xDFB2      	RCALL       _Delay_5500us
0x00B8	0xD001      	BRA         L_Lcd_Cmd1
L_Lcd_Cmd0:
;__Lib_Lcd.c,47 :: 		
0x00BA	0xDFBB      	RCALL       _Delay_50us
L_Lcd_Cmd1:
;__Lib_Lcd.c,48 :: 		
0x00BC	0x0012      	RETURN      0
; end of _Lcd_Cmd
_Lcd_Chr:
;__Lib_Lcd.c,65 :: 		
;__Lib_Lcd.c,66 :: 		
0x00BE	0xD00F      	BRA         L_Lcd_Chr4
;__Lib_Lcd.c,67 :: 		
L_Lcd_Chr6:
0x00C0	0x0E80      	MOVLW       128
0x00C2	0x6E19      	MOVWF       FARG_Lcd_Chr_row 
0x00C4	0xD019      	BRA         L_Lcd_Chr5
;__Lib_Lcd.c,68 :: 		
L_Lcd_Chr7:
0x00C6	0x0EC0      	MOVLW       192
0x00C8	0x6E19      	MOVWF       FARG_Lcd_Chr_row 
0x00CA	0xD016      	BRA         L_Lcd_Chr5
;__Lib_Lcd.c,69 :: 		
L_Lcd_Chr8:
0x00CC	0x0E94      	MOVLW       148
0x00CE	0x6E19      	MOVWF       FARG_Lcd_Chr_row 
0x00D0	0xD013      	BRA         L_Lcd_Chr5
;__Lib_Lcd.c,70 :: 		
L_Lcd_Chr9:
0x00D2	0x0ED4      	MOVLW       212
0x00D4	0x6E19      	MOVWF       FARG_Lcd_Chr_row 
0x00D6	0xD010      	BRA         L_Lcd_Chr5
;__Lib_Lcd.c,71 :: 		
L_Lcd_Chr10:
0x00D8	0x0E80      	MOVLW       128
0x00DA	0x6E19      	MOVWF       FARG_Lcd_Chr_row 
;__Lib_Lcd.c,72 :: 		
0x00DC	0xD00D      	BRA         L_Lcd_Chr5
L_Lcd_Chr4:
0x00DE	0x5019      	MOVF        FARG_Lcd_Chr_row, 0 
0x00E0	0x0A01      	XORLW       1
0x00E2	0xE0EE      	BZ          L_Lcd_Chr6
0x00E4	0x5019      	MOVF        FARG_Lcd_Chr_row, 0 
0x00E6	0x0A02      	XORLW       2
0x00E8	0xE0EE      	BZ          L_Lcd_Chr7
0x00EA	0x5019      	MOVF        FARG_Lcd_Chr_row, 0 
0x00EC	0x0A03      	XORLW       3
0x00EE	0xE0EE      	BZ          L_Lcd_Chr8
0x00F0	0x5019      	MOVF        FARG_Lcd_Chr_row, 0 
0x00F2	0x0A04      	XORLW       4
0x00F4	0xE0EE      	BZ          L_Lcd_Chr9
0x00F6	0xD7F0      	BRA         L_Lcd_Chr10
L_Lcd_Chr5:
;__Lib_Lcd.c,74 :: 		
0x00F8	0x041A      	DECF        FARG_Lcd_Chr_column, 0 
0x00FA	0x6E00      	MOVWF       R0 
0x00FC	0x5019      	MOVF        FARG_Lcd_Chr_row, 0 
0x00FE	0x2600      	ADDWF       R0, 1 
0x0100	0xF019C000  	MOVFF       R0, FARG_Lcd_Chr_row
;__Lib_Lcd.c,76 :: 		
0x0104	0x8015      	BSF         __Lib_Lcd_cmd_status, BitPos(__Lib_Lcd_cmd_status+0) 
;__Lib_Lcd.c,77 :: 		
0x0106	0xF01CC000  	MOVFF       R0, FARG_Lcd_Cmd_out_char
0x010A	0xDF9B      	RCALL       _Lcd_Cmd
;__Lib_Lcd.c,79 :: 		
0x010C	0x9015      	BCF         __Lib_Lcd_cmd_status, BitPos(__Lib_Lcd_cmd_status+0) 
;__Lib_Lcd.c,80 :: 		
0x010E	0xF01CC01B  	MOVFF       FARG_Lcd_Chr_out_char, FARG_Lcd_Cmd_out_char
0x0112	0xDF97      	RCALL       _Lcd_Cmd
;__Lib_Lcd.c,81 :: 		
0x0114	0x8015      	BSF         __Lib_Lcd_cmd_status, BitPos(__Lib_Lcd_cmd_status+0) 
;__Lib_Lcd.c,82 :: 		
0x0116	0x0012      	RETURN      0
; end of _Lcd_Chr
_Lcd_Chr_CP:
;__Lib_Lcd.c,50 :: 		
;__Lib_Lcd.c,52 :: 		
0x0118	0x9015      	BCF         __Lib_Lcd_cmd_status, BitPos(__Lib_Lcd_cmd_status+0) 
;__Lib_Lcd.c,53 :: 		
0x011A	0xF01CC019  	MOVFF       FARG_Lcd_Chr_CP_out_char, FARG_Lcd_Cmd_out_char
0x011E	0xDF91      	RCALL       _Lcd_Cmd
;__Lib_Lcd.c,54 :: 		
0x0120	0x8015      	BSF         __Lib_Lcd_cmd_status, BitPos(__Lib_Lcd_cmd_status+0) 
;__Lib_Lcd.c,55 :: 		
0x0122	0x0012      	RETURN      0
; end of _Lcd_Chr_CP
_CustomChar1:
;LCD caractere especial.c,32 :: 		void CustomChar1(char pos_row, char pos_char) {
;LCD caractere especial.c,34 :: 		Lcd_Cmd(72);
0x0124	0x0E48      	MOVLW       72
0x0126	0x6E1C      	MOVWF       FARG_Lcd_Cmd_out_char 
0x0128	0xDF8C      	RCALL       _Lcd_Cmd
;LCD caractere especial.c,35 :: 		for (i = 0; i<=7; i++) Lcd_Chr_CP(character1[i]);
0x012A	0x6A18      	CLRF        CustomChar1_i_L0 
L_CustomChar13:
0x012C	0x5018      	MOVF        CustomChar1_i_L0, 0 
0x012E	0x0807      	SUBLW       7
0x0130	0xE311      	BNC         L_CustomChar14
0x0132	0x0EB6      	MOVLW       _character1
0x0134	0x2418      	ADDWF       CustomChar1_i_L0, 0 
0x0136	0x6EF6      	MOVWF       4086 
0x0138	0x0E04      	MOVLW       hi_addr(_character1)
0x013A	0x6EF7      	MOVWF       TBLPTRH 
0x013C	0x0E00      	MOVLW       0
0x013E	0x22F7      	ADDWFC      TBLPTRH, 1 
0x0140	0x0E00      	MOVLW       higher_addr(_character1)
0x0142	0x6EF8      	MOVWF       TBLPTRU 
0x0144	0x0E00      	MOVLW       0
0x0146	0x22F8      	ADDWFC      TBLPTRU, 1 
0x0148	0x0009      	TBLRD*+
0x014A	0xF019CFF5  	MOVFF       TABLAT, FARG_Lcd_Chr_CP_out_char
0x014E	0xDFE4      	RCALL       _Lcd_Chr_CP
0x0150	0x2A18      	INCF        CustomChar1_i_L0, 1 
0x0152	0xD7EC      	BRA         L_CustomChar13
L_CustomChar14:
;LCD caractere especial.c,36 :: 		Lcd_Cmd(_LCD_RETURN_HOME);
0x0154	0x0E02      	MOVLW       2
0x0156	0x6E1C      	MOVWF       FARG_Lcd_Cmd_out_char 
0x0158	0xDF74      	RCALL       _Lcd_Cmd
;LCD caractere especial.c,37 :: 		Lcd_Chr(pos_row, pos_char, 1);
0x015A	0xF019C016  	MOVFF       FARG_CustomChar1_pos_row, FARG_Lcd_Chr_row
0x015E	0xF01AC017  	MOVFF       FARG_CustomChar1_pos_char, FARG_Lcd_Chr_column
0x0162	0x0E01      	MOVLW       1
0x0164	0x6E1B      	MOVWF       FARG_Lcd_Chr_out_char 
0x0166	0xDFAB      	RCALL       _Lcd_Chr
;LCD caractere especial.c,38 :: 		}
0x0168	0x0012      	RETURN      0
; end of _CustomChar1
_CustomChar2:
;LCD caractere especial.c,40 :: 		void CustomChar2(char pos_row, char pos_char) {
;LCD caractere especial.c,42 :: 		Lcd_Cmd(80);
0x016A	0x0E50      	MOVLW       80
0x016C	0x6E1C      	MOVWF       FARG_Lcd_Cmd_out_char 
0x016E	0xDF69      	RCALL       _Lcd_Cmd
;LCD caractere especial.c,43 :: 		for (i = 0; i<=7; i++) Lcd_Chr_CP(character2[i]);
0x0170	0x6A18      	CLRF        CustomChar2_i_L0 
L_CustomChar26:
0x0172	0x5018      	MOVF        CustomChar2_i_L0, 0 
0x0174	0x0807      	SUBLW       7
0x0176	0xE311      	BNC         L_CustomChar27
0x0178	0x0EAE      	MOVLW       _character2
0x017A	0x2418      	ADDWF       CustomChar2_i_L0, 0 
0x017C	0x6EF6      	MOVWF       4086 
0x017E	0x0E04      	MOVLW       hi_addr(_character2)
0x0180	0x6EF7      	MOVWF       TBLPTRH 
0x0182	0x0E00      	MOVLW       0
0x0184	0x22F7      	ADDWFC      TBLPTRH, 1 
0x0186	0x0E00      	MOVLW       higher_addr(_character2)
0x0188	0x6EF8      	MOVWF       TBLPTRU 
0x018A	0x0E00      	MOVLW       0
0x018C	0x22F8      	ADDWFC      TBLPTRU, 1 
0x018E	0x0009      	TBLRD*+
0x0190	0xF019CFF5  	MOVFF       TABLAT, FARG_Lcd_Chr_CP_out_char
0x0194	0xDFC1      	RCALL       _Lcd_Chr_CP
0x0196	0x2A18      	INCF        CustomChar2_i_L0, 1 
0x0198	0xD7EC      	BRA         L_CustomChar26
L_CustomChar27:
;LCD caractere especial.c,44 :: 		Lcd_Cmd(_LCD_RETURN_HOME);
0x019A	0x0E02      	MOVLW       2
0x019C	0x6E1C      	MOVWF       FARG_Lcd_Cmd_out_char 
0x019E	0xDF51      	RCALL       _Lcd_Cmd
;LCD caractere especial.c,45 :: 		Lcd_Chr(pos_row, pos_char, 2);
0x01A0	0xF019C016  	MOVFF       FARG_CustomChar2_pos_row, FARG_Lcd_Chr_row
0x01A4	0xF01AC017  	MOVFF       FARG_CustomChar2_pos_char, FARG_Lcd_Chr_column
0x01A8	0x0E02      	MOVLW       2
0x01AA	0x6E1B      	MOVWF       FARG_Lcd_Chr_out_char 
0x01AC	0xDF88      	RCALL       _Lcd_Chr
;LCD caractere especial.c,46 :: 		}
0x01AE	0x0012      	RETURN      0
; end of _CustomChar2
_CustomChar3:
;LCD caractere especial.c,48 :: 		void CustomChar3(char pos_row, char pos_char) {
;LCD caractere especial.c,50 :: 		Lcd_Cmd(88);
0x01B0	0x0E58      	MOVLW       88
0x01B2	0x6E1C      	MOVWF       FARG_Lcd_Cmd_out_char 
0x01B4	0xDF46      	RCALL       _Lcd_Cmd
;LCD caractere especial.c,51 :: 		for (i = 0; i<=7; i++) Lcd_Chr_CP(character3[i]);
0x01B6	0x6A18      	CLRF        CustomChar3_i_L0 
L_CustomChar39:
0x01B8	0x5018      	MOVF        CustomChar3_i_L0, 0 
0x01BA	0x0807      	SUBLW       7
0x01BC	0xE311      	BNC         L_CustomChar310
0x01BE	0x0EA6      	MOVLW       _character3
0x01C0	0x2418      	ADDWF       CustomChar3_i_L0, 0 
0x01C2	0x6EF6      	MOVWF       4086 
0x01C4	0x0E04      	MOVLW       hi_addr(_character3)
0x01C6	0x6EF7      	MOVWF       TBLPTRH 
0x01C8	0x0E00      	MOVLW       0
0x01CA	0x22F7      	ADDWFC      TBLPTRH, 1 
0x01CC	0x0E00      	MOVLW       higher_addr(_character3)
0x01CE	0x6EF8      	MOVWF       TBLPTRU 
0x01D0	0x0E00      	MOVLW       0
0x01D2	0x22F8      	ADDWFC      TBLPTRU, 1 
0x01D4	0x0009      	TBLRD*+
0x01D6	0xF019CFF5  	MOVFF       TABLAT, FARG_Lcd_Chr_CP_out_char
0x01DA	0xDF9E      	RCALL       _Lcd_Chr_CP
0x01DC	0x2A18      	INCF        CustomChar3_i_L0, 1 
0x01DE	0xD7EC      	BRA         L_CustomChar39
L_CustomChar310:
;LCD caractere especial.c,52 :: 		Lcd_Cmd(_LCD_RETURN_HOME);
0x01E0	0x0E02      	MOVLW       2
0x01E2	0x6E1C      	MOVWF       FARG_Lcd_Cmd_out_char 
0x01E4	0xDF2E      	RCALL       _Lcd_Cmd
;LCD caractere especial.c,53 :: 		Lcd_Chr(pos_row, pos_char, 3);
0x01E6	0xF019C016  	MOVFF       FARG_CustomChar3_pos_row, FARG_Lcd_Chr_row
0x01EA	0xF01AC017  	MOVFF       FARG_CustomChar3_pos_char, FARG_Lcd_Chr_column
0x01EE	0x0E03      	MOVLW       3
0x01F0	0x6E1B      	MOVWF       FARG_Lcd_Chr_out_char 
0x01F2	0xDF65      	RCALL       _Lcd_Chr
;LCD caractere especial.c,54 :: 		}
0x01F4	0x0012      	RETURN      0
; end of _CustomChar3
___CC2DW:
;__Lib_System.c,21 :: 		
;__Lib_System.c,23 :: 		
_CC2DL_Loop1:
;__Lib_System.c,24 :: 		
0x01F6	0x0009      	TBLRD*+
;__Lib_System.c,25 :: 		
0x01F8	0xFFE6CFF5  	MOVFF       TABLAT, POSTINC1
;__Lib_System.c,26 :: 		
0x01FC	0x0600      	DECF        R0, 1, 0
;__Lib_System.c,27 :: 		
0x01FE	0xE1FB      	BNZ         _CC2DL_Loop1
;__Lib_System.c,28 :: 		
0x0200	0x0601      	DECF        R1, 1, 0
;__Lib_System.c,29 :: 		
0x0202	0xE1F9      	BNZ         _CC2DL_Loop1
;__Lib_System.c,31 :: 		
0x0204	0x0012      	RETURN      0
; end of ___CC2DW
_CustomChar0:
;LCD caractere especial.c,24 :: 		void CustomChar0(char pos_row, char pos_char) {
;LCD caractere especial.c,26 :: 		Lcd_Cmd(64);
0x0206	0x0E40      	MOVLW       64
0x0208	0x6E1C      	MOVWF       FARG_Lcd_Cmd_out_char 
0x020A	0xDF1B      	RCALL       _Lcd_Cmd
;LCD caractere especial.c,27 :: 		for (i = 0; i<=7; i++) Lcd_Chr_CP(character0[i]);
0x020C	0x6A18      	CLRF        CustomChar0_i_L0 
L_CustomChar00:
0x020E	0x5018      	MOVF        CustomChar0_i_L0, 0 
0x0210	0x0807      	SUBLW       7
0x0212	0xE311      	BNC         L_CustomChar01
0x0214	0x0E96      	MOVLW       _character0
0x0216	0x2418      	ADDWF       CustomChar0_i_L0, 0 
0x0218	0x6EF6      	MOVWF       4086 
0x021A	0x0E04      	MOVLW       hi_addr(_character0)
0x021C	0x6EF7      	MOVWF       TBLPTRH 
0x021E	0x0E00      	MOVLW       0
0x0220	0x22F7      	ADDWFC      TBLPTRH, 1 
0x0222	0x0E00      	MOVLW       higher_addr(_character0)
0x0224	0x6EF8      	MOVWF       TBLPTRU 
0x0226	0x0E00      	MOVLW       0
0x0228	0x22F8      	ADDWFC      TBLPTRU, 1 
0x022A	0x0009      	TBLRD*+
0x022C	0xF019CFF5  	MOVFF       TABLAT, FARG_Lcd_Chr_CP_out_char
0x0230	0xDF73      	RCALL       _Lcd_Chr_CP
0x0232	0x2A18      	INCF        CustomChar0_i_L0, 1 
0x0234	0xD7EC      	BRA         L_CustomChar00
L_CustomChar01:
;LCD caractere especial.c,28 :: 		Lcd_Cmd(_LCD_RETURN_HOME);
0x0236	0x0E02      	MOVLW       2
0x0238	0x6E1C      	MOVWF       FARG_Lcd_Cmd_out_char 
0x023A	0xDF03      	RCALL       _Lcd_Cmd
;LCD caractere especial.c,29 :: 		Lcd_Chr(pos_row, pos_char, 0);
0x023C	0xF019C016  	MOVFF       FARG_CustomChar0_pos_row, FARG_Lcd_Chr_row
0x0240	0xF01AC017  	MOVFF       FARG_CustomChar0_pos_char, FARG_Lcd_Chr_column
0x0244	0x6A1B      	CLRF        FARG_Lcd_Chr_out_char 
0x0246	0xDF3B      	RCALL       _Lcd_Chr
;LCD caractere especial.c,30 :: 		}
0x0248	0x0012      	RETURN      0
; end of _CustomChar0
_Lcd_Init:
;__Lib_Lcd.c,84 :: 		
;__Lib_Lcd.c,86 :: 		
0x024A	0x9495      	BCF         LCD_EN_Direction, BitPos(LCD_EN_Direction+0) 
;__Lib_Lcd.c,87 :: 		
0x024C	0x9695      	BCF         LCD_RS_Direction, BitPos(LCD_RS_Direction+0) 
;__Lib_Lcd.c,88 :: 		
0x024E	0x9895      	BCF         LCD_D4_Direction, BitPos(LCD_D4_Direction+0) 
;__Lib_Lcd.c,89 :: 		
0x0250	0x9A95      	BCF         LCD_D5_Direction, BitPos(LCD_D5_Direction+0) 
;__Lib_Lcd.c,90 :: 		
0x0252	0x9C95      	BCF         LCD_D6_Direction, BitPos(LCD_D6_Direction+0) 
;__Lib_Lcd.c,91 :: 		
0x0254	0x9E95      	BCF         LCD_D7_Direction, BitPos(LCD_D7_Direction+0) 
;__Lib_Lcd.c,93 :: 		
0x0256	0x9483      	BCF         LCD_EN, BitPos(LCD_EN+0) 
;__Lib_Lcd.c,94 :: 		
0x0258	0x9683      	BCF         LCD_RS, BitPos(LCD_RS+0) 
;__Lib_Lcd.c,95 :: 		
0x025A	0x9E83      	BCF         LCD_D7, BitPos(LCD_D7+0) 
;__Lib_Lcd.c,96 :: 		
0x025C	0x9C83      	BCF         LCD_D6, BitPos(LCD_D6+0) 
;__Lib_Lcd.c,97 :: 		
0x025E	0x9A83      	BCF         LCD_D5, BitPos(LCD_D5+0) 
;__Lib_Lcd.c,98 :: 		
0x0260	0x9883      	BCF         LCD_D4, BitPos(LCD_D4+0) 
;__Lib_Lcd.c,100 :: 		
0x0262	0xDEDC      	RCALL       _Delay_5500us
;__Lib_Lcd.c,101 :: 		
0x0264	0xDEDB      	RCALL       _Delay_5500us
;__Lib_Lcd.c,102 :: 		
0x0266	0xDEDA      	RCALL       _Delay_5500us
;__Lib_Lcd.c,105 :: 		
0x0268	0x8A83      	BSF         LCD_D5, BitPos(LCD_D5+0) 
;__Lib_Lcd.c,106 :: 		
0x026A	0x8883      	BSF         LCD_D4, BitPos(LCD_D4+0) 
;__Lib_Lcd.c,107 :: 		
0x026C	0x8483      	BSF         LCD_EN, BitPos(LCD_EN+0) 
;__Lib_Lcd.c,108 :: 		
0x026E	0xDEE6      	RCALL       _Delay_1us
;__Lib_Lcd.c,109 :: 		
0x0270	0x9483      	BCF         LCD_EN, BitPos(LCD_EN+0) 
;__Lib_Lcd.c,110 :: 		
0x0272	0xDED4      	RCALL       _Delay_5500us
;__Lib_Lcd.c,112 :: 		
0x0274	0x8483      	BSF         LCD_EN, BitPos(LCD_EN+0) 
;__Lib_Lcd.c,113 :: 		
0x0276	0xDEE2      	RCALL       _Delay_1us
;__Lib_Lcd.c,114 :: 		
0x0278	0x9483      	BCF         LCD_EN, BitPos(LCD_EN+0) 
;__Lib_Lcd.c,115 :: 		
0x027A	0xDED0      	RCALL       _Delay_5500us
;__Lib_Lcd.c,117 :: 		
0x027C	0x8483      	BSF         LCD_EN, BitPos(LCD_EN+0) 
;__Lib_Lcd.c,118 :: 		
0x027E	0xDEDE      	RCALL       _Delay_1us
;__Lib_Lcd.c,119 :: 		
0x0280	0x9483      	BCF         LCD_EN, BitPos(LCD_EN+0) 
;__Lib_Lcd.c,120 :: 		
0x0282	0xDECC      	RCALL       _Delay_5500us
;__Lib_Lcd.c,123 :: 		
0x0284	0x9883      	BCF         LCD_D4, BitPos(LCD_D4+0) 
;__Lib_Lcd.c,124 :: 		
0x0286	0x8483      	BSF         LCD_EN, BitPos(LCD_EN+0) 
;__Lib_Lcd.c,125 :: 		
0x0288	0xDED9      	RCALL       _Delay_1us
;__Lib_Lcd.c,126 :: 		
0x028A	0x9483      	BCF         LCD_EN, BitPos(LCD_EN+0) 
;__Lib_Lcd.c,127 :: 		
0x028C	0xDEC7      	RCALL       _Delay_5500us
;__Lib_Lcd.c,130 :: 		
0x028E	0x8483      	BSF         LCD_EN, BitPos(LCD_EN+0) 
;__Lib_Lcd.c,131 :: 		
0x0290	0xDED5      	RCALL       _Delay_1us
;__Lib_Lcd.c,132 :: 		
0x0292	0x9483      	BCF         LCD_EN, BitPos(LCD_EN+0) 
;__Lib_Lcd.c,134 :: 		
0x0294	0x9A83      	BCF         LCD_D5, BitPos(LCD_D5+0) 
;__Lib_Lcd.c,135 :: 		
0x0296	0x8E83      	BSF         LCD_D7, BitPos(LCD_D7+0) 
;__Lib_Lcd.c,136 :: 		
0x0298	0x8483      	BSF         LCD_EN, BitPos(LCD_EN+0) 
;__Lib_Lcd.c,137 :: 		
0x029A	0xDED0      	RCALL       _Delay_1us
;__Lib_Lcd.c,138 :: 		
0x029C	0x9483      	BCF         LCD_EN, BitPos(LCD_EN+0) 
;__Lib_Lcd.c,139 :: 		
0x029E	0xDEBE      	RCALL       _Delay_5500us
;__Lib_Lcd.c,142 :: 		
0x02A0	0x9E83      	BCF         LCD_D7, BitPos(LCD_D7+0) 
;__Lib_Lcd.c,143 :: 		
0x02A2	0x8883      	BSF         LCD_D4, BitPos(LCD_D4+0) 
;__Lib_Lcd.c,144 :: 		
0x02A4	0x8483      	BSF         LCD_EN, BitPos(LCD_EN+0) 
;__Lib_Lcd.c,145 :: 		
0x02A6	0xDECA      	RCALL       _Delay_1us
;__Lib_Lcd.c,146 :: 		
0x02A8	0x9483      	BCF         LCD_EN, BitPos(LCD_EN+0) 
;__Lib_Lcd.c,148 :: 		
0x02AA	0x9883      	BCF         LCD_D4, BitPos(LCD_D4+0) 
;__Lib_Lcd.c,149 :: 		
0x02AC	0x8483      	BSF         LCD_EN, BitPos(LCD_EN+0) 
;__Lib_Lcd.c,150 :: 		
0x02AE	0xDEC6      	RCALL       _Delay_1us
;__Lib_Lcd.c,151 :: 		
0x02B0	0x9483      	BCF         LCD_EN, BitPos(LCD_EN+0) 
;__Lib_Lcd.c,152 :: 		
0x02B2	0xDEB4      	RCALL       _Delay_5500us
;__Lib_Lcd.c,155 :: 		
0x02B4	0x8483      	BSF         LCD_EN, BitPos(LCD_EN+0) 
;__Lib_Lcd.c,156 :: 		
0x02B6	0xDEC2      	RCALL       _Delay_1us
;__Lib_Lcd.c,157 :: 		
0x02B8	0x9483      	BCF         LCD_EN, BitPos(LCD_EN+0) 
;__Lib_Lcd.c,159 :: 		
0x02BA	0x8883      	BSF         LCD_D4, BitPos(LCD_D4+0) 
;__Lib_Lcd.c,160 :: 		
0x02BC	0x8483      	BSF         LCD_EN, BitPos(LCD_EN+0) 
;__Lib_Lcd.c,161 :: 		
0x02BE	0xDEBE      	RCALL       _Delay_1us
;__Lib_Lcd.c,162 :: 		
0x02C0	0x9483      	BCF         LCD_EN, BitPos(LCD_EN+0) 
;__Lib_Lcd.c,163 :: 		
0x02C2	0xDEAC      	RCALL       _Delay_5500us
;__Lib_Lcd.c,166 :: 		
0x02C4	0x9883      	BCF         LCD_D4, BitPos(LCD_D4+0) 
;__Lib_Lcd.c,167 :: 		
0x02C6	0x8483      	BSF         LCD_EN, BitPos(LCD_EN+0) 
;__Lib_Lcd.c,168 :: 		
0x02C8	0xDEB9      	RCALL       _Delay_1us
;__Lib_Lcd.c,169 :: 		
0x02CA	0x9483      	BCF         LCD_EN, BitPos(LCD_EN+0) 
;__Lib_Lcd.c,171 :: 		
0x02CC	0x8E83      	BSF         LCD_D7, BitPos(LCD_D7+0) 
;__Lib_Lcd.c,172 :: 		
0x02CE	0x8C83      	BSF         LCD_D6, BitPos(LCD_D6+0) 
;__Lib_Lcd.c,173 :: 		
0x02D0	0x8A83      	BSF         LCD_D5, BitPos(LCD_D5+0) 
;__Lib_Lcd.c,174 :: 		
0x02D2	0x8883      	BSF         LCD_D4, BitPos(LCD_D4+0) 
;__Lib_Lcd.c,175 :: 		
0x02D4	0x8483      	BSF         LCD_EN, BitPos(LCD_EN+0) 
;__Lib_Lcd.c,176 :: 		
0x02D6	0xDEB2      	RCALL       _Delay_1us
;__Lib_Lcd.c,177 :: 		
0x02D8	0x9483      	BCF         LCD_EN, BitPos(LCD_EN+0) 
;__Lib_Lcd.c,179 :: 		
0x02DA	0xDEA0      	RCALL       _Delay_5500us
;__Lib_Lcd.c,181 :: 		
0x02DC	0x8015      	BSF         __Lib_Lcd_cmd_status, BitPos(__Lib_Lcd_cmd_status+0) 
;__Lib_Lcd.c,182 :: 		
0x02DE	0x0012      	RETURN      0
; end of _Lcd_Init
_CustomChar7:
;LCD caractere especial.c,80 :: 		void CustomChar7(char pos_row, char pos_char) {
;LCD caractere especial.c,82 :: 		Lcd_Cmd(120);
0x02E0	0x0E78      	MOVLW       120
0x02E2	0x6E1C      	MOVWF       FARG_Lcd_Cmd_out_char 
0x02E4	0xDEAE      	RCALL       _Lcd_Cmd
;LCD caractere especial.c,83 :: 		for (i = 0; i<=7; i++) Lcd_Chr_CP(character7[i]);
0x02E6	0x6A18      	CLRF        CustomChar7_i_L0 
L_CustomChar721:
0x02E8	0x5018      	MOVF        CustomChar7_i_L0, 0 
0x02EA	0x0807      	SUBLW       7
0x02EC	0xE311      	BNC         L_CustomChar722
0x02EE	0x0E86      	MOVLW       _character7
0x02F0	0x2418      	ADDWF       CustomChar7_i_L0, 0 
0x02F2	0x6EF6      	MOVWF       4086 
0x02F4	0x0E04      	MOVLW       hi_addr(_character7)
0x02F6	0x6EF7      	MOVWF       TBLPTRH 
0x02F8	0x0E00      	MOVLW       0
0x02FA	0x22F7      	ADDWFC      TBLPTRH, 1 
0x02FC	0x0E00      	MOVLW       higher_addr(_character7)
0x02FE	0x6EF8      	MOVWF       TBLPTRU 
0x0300	0x0E00      	MOVLW       0
0x0302	0x22F8      	ADDWFC      TBLPTRU, 1 
0x0304	0x0009      	TBLRD*+
0x0306	0xF019CFF5  	MOVFF       TABLAT, FARG_Lcd_Chr_CP_out_char
0x030A	0xDF06      	RCALL       _Lcd_Chr_CP
0x030C	0x2A18      	INCF        CustomChar7_i_L0, 1 
0x030E	0xD7EC      	BRA         L_CustomChar721
L_CustomChar722:
;LCD caractere especial.c,84 :: 		Lcd_Cmd(_LCD_RETURN_HOME);
0x0310	0x0E02      	MOVLW       2
0x0312	0x6E1C      	MOVWF       FARG_Lcd_Cmd_out_char 
0x0314	0xDE96      	RCALL       _Lcd_Cmd
;LCD caractere especial.c,85 :: 		Lcd_Chr(pos_row, pos_char, 7);
0x0316	0xF019C016  	MOVFF       FARG_CustomChar7_pos_row, FARG_Lcd_Chr_row
0x031A	0xF01AC017  	MOVFF       FARG_CustomChar7_pos_char, FARG_Lcd_Chr_column
0x031E	0x0E07      	MOVLW       7
0x0320	0x6E1B      	MOVWF       FARG_Lcd_Chr_out_char 
0x0322	0xDECD      	RCALL       _Lcd_Chr
;LCD caractere especial.c,86 :: 		}
0x0324	0x0012      	RETURN      0
; end of _CustomChar7
_CustomChar4:
;LCD caractere especial.c,56 :: 		void CustomChar4(char pos_row, char pos_char) {
;LCD caractere especial.c,58 :: 		Lcd_Cmd(96);
0x0326	0x0E60      	MOVLW       96
0x0328	0x6E1C      	MOVWF       FARG_Lcd_Cmd_out_char 
0x032A	0xDE8B      	RCALL       _Lcd_Cmd
;LCD caractere especial.c,59 :: 		for (i = 0; i<=7; i++) Lcd_Chr_CP(character4[i]);
0x032C	0x6A18      	CLRF        CustomChar4_i_L0 
L_CustomChar412:
0x032E	0x5018      	MOVF        CustomChar4_i_L0, 0 
0x0330	0x0807      	SUBLW       7
0x0332	0xE311      	BNC         L_CustomChar413
0x0334	0x0EBE      	MOVLW       _character4
0x0336	0x2418      	ADDWF       CustomChar4_i_L0, 0 
0x0338	0x6EF6      	MOVWF       4086 
0x033A	0x0E04      	MOVLW       hi_addr(_character4)
0x033C	0x6EF7      	MOVWF       TBLPTRH 
0x033E	0x0E00      	MOVLW       0
0x0340	0x22F7      	ADDWFC      TBLPTRH, 1 
0x0342	0x0E00      	MOVLW       higher_addr(_character4)
0x0344	0x6EF8      	MOVWF       TBLPTRU 
0x0346	0x0E00      	MOVLW       0
0x0348	0x22F8      	ADDWFC      TBLPTRU, 1 
0x034A	0x0009      	TBLRD*+
0x034C	0xF019CFF5  	MOVFF       TABLAT, FARG_Lcd_Chr_CP_out_char
0x0350	0xDEE3      	RCALL       _Lcd_Chr_CP
0x0352	0x2A18      	INCF        CustomChar4_i_L0, 1 
0x0354	0xD7EC      	BRA         L_CustomChar412
L_CustomChar413:
;LCD caractere especial.c,60 :: 		Lcd_Cmd(_LCD_RETURN_HOME);
0x0356	0x0E02      	MOVLW       2
0x0358	0x6E1C      	MOVWF       FARG_Lcd_Cmd_out_char 
0x035A	0xDE73      	RCALL       _Lcd_Cmd
;LCD caractere especial.c,61 :: 		Lcd_Chr(pos_row, pos_char, 4);
0x035C	0xF019C016  	MOVFF       FARG_CustomChar4_pos_row, FARG_Lcd_Chr_row
0x0360	0xF01AC017  	MOVFF       FARG_CustomChar4_pos_char, FARG_Lcd_Chr_column
0x0364	0x0E04      	MOVLW       4
0x0366	0x6E1B      	MOVWF       FARG_Lcd_Chr_out_char 
0x0368	0xDEAA      	RCALL       _Lcd_Chr
;LCD caractere especial.c,62 :: 		}
0x036A	0x0012      	RETURN      0
; end of _CustomChar4
_CustomChar5:
;LCD caractere especial.c,64 :: 		void CustomChar5(char pos_row, char pos_char) {
;LCD caractere especial.c,66 :: 		Lcd_Cmd(104);
0x036C	0x0E68      	MOVLW       104
0x036E	0x6E1C      	MOVWF       FARG_Lcd_Cmd_out_char 
0x0370	0xDE68      	RCALL       _Lcd_Cmd
;LCD caractere especial.c,67 :: 		for (i = 0; i<=7; i++) Lcd_Chr_CP(character5[i]);
0x0372	0x6A18      	CLRF        CustomChar5_i_L0 
L_CustomChar515:
0x0374	0x5018      	MOVF        CustomChar5_i_L0, 0 
0x0376	0x0807      	SUBLW       7
0x0378	0xE311      	BNC         L_CustomChar516
0x037A	0x0E8E      	MOVLW       _character5
0x037C	0x2418      	ADDWF       CustomChar5_i_L0, 0 
0x037E	0x6EF6      	MOVWF       4086 
0x0380	0x0E04      	MOVLW       hi_addr(_character5)
0x0382	0x6EF7      	MOVWF       TBLPTRH 
0x0384	0x0E00      	MOVLW       0
0x0386	0x22F7      	ADDWFC      TBLPTRH, 1 
0x0388	0x0E00      	MOVLW       higher_addr(_character5)
0x038A	0x6EF8      	MOVWF       TBLPTRU 
0x038C	0x0E00      	MOVLW       0
0x038E	0x22F8      	ADDWFC      TBLPTRU, 1 
0x0390	0x0009      	TBLRD*+
0x0392	0xF019CFF5  	MOVFF       TABLAT, FARG_Lcd_Chr_CP_out_char
0x0396	0xDEC0      	RCALL       _Lcd_Chr_CP
0x0398	0x2A18      	INCF        CustomChar5_i_L0, 1 
0x039A	0xD7EC      	BRA         L_CustomChar515
L_CustomChar516:
;LCD caractere especial.c,68 :: 		Lcd_Cmd(_LCD_RETURN_HOME);
0x039C	0x0E02      	MOVLW       2
0x039E	0x6E1C      	MOVWF       FARG_Lcd_Cmd_out_char 
0x03A0	0xDE50      	RCALL       _Lcd_Cmd
;LCD caractere especial.c,69 :: 		Lcd_Chr(pos_row, pos_char, 5);
0x03A2	0xF019C016  	MOVFF       FARG_CustomChar5_pos_row, FARG_Lcd_Chr_row
0x03A6	0xF01AC017  	MOVFF       FARG_CustomChar5_pos_char, FARG_Lcd_Chr_column
0x03AA	0x0E05      	MOVLW       5
0x03AC	0x6E1B      	MOVWF       FARG_Lcd_Chr_out_char 
0x03AE	0xDE87      	RCALL       _Lcd_Chr
;LCD caractere especial.c,70 :: 		}
0x03B0	0x0012      	RETURN      0
; end of _CustomChar5
_CustomChar6:
;LCD caractere especial.c,72 :: 		void CustomChar6(char pos_row, char pos_char) {
;LCD caractere especial.c,74 :: 		Lcd_Cmd(112);
0x03B2	0x0E70      	MOVLW       112
0x03B4	0x6E1C      	MOVWF       FARG_Lcd_Cmd_out_char 
0x03B6	0xDE45      	RCALL       _Lcd_Cmd
;LCD caractere especial.c,75 :: 		for (i = 0; i<=7; i++) Lcd_Chr_CP(character6[i]);
0x03B8	0x6A18      	CLRF        CustomChar6_i_L0 
L_CustomChar618:
0x03BA	0x5018      	MOVF        CustomChar6_i_L0, 0 
0x03BC	0x0807      	SUBLW       7
0x03BE	0xE311      	BNC         L_CustomChar619
0x03C0	0x0E9E      	MOVLW       _character6
0x03C2	0x2418      	ADDWF       CustomChar6_i_L0, 0 
0x03C4	0x6EF6      	MOVWF       4086 
0x03C6	0x0E04      	MOVLW       hi_addr(_character6)
0x03C8	0x6EF7      	MOVWF       TBLPTRH 
0x03CA	0x0E00      	MOVLW       0
0x03CC	0x22F7      	ADDWFC      TBLPTRH, 1 
0x03CE	0x0E00      	MOVLW       higher_addr(_character6)
0x03D0	0x6EF8      	MOVWF       TBLPTRU 
0x03D2	0x0E00      	MOVLW       0
0x03D4	0x22F8      	ADDWFC      TBLPTRU, 1 
0x03D6	0x0009      	TBLRD*+
0x03D8	0xF019CFF5  	MOVFF       TABLAT, FARG_Lcd_Chr_CP_out_char
0x03DC	0xDE9D      	RCALL       _Lcd_Chr_CP
0x03DE	0x2A18      	INCF        CustomChar6_i_L0, 1 
0x03E0	0xD7EC      	BRA         L_CustomChar618
L_CustomChar619:
;LCD caractere especial.c,76 :: 		Lcd_Cmd(_LCD_RETURN_HOME);
0x03E2	0x0E02      	MOVLW       2
0x03E4	0x6E1C      	MOVWF       FARG_Lcd_Cmd_out_char 
0x03E6	0xDE2D      	RCALL       _Lcd_Cmd
;LCD caractere especial.c,77 :: 		Lcd_Chr(pos_row, pos_char, 6);
0x03E8	0xF019C016  	MOVFF       FARG_CustomChar6_pos_row, FARG_Lcd_Chr_row
0x03EC	0xF01AC017  	MOVFF       FARG_CustomChar6_pos_char, FARG_Lcd_Chr_column
0x03F0	0x0E06      	MOVLW       6
0x03F2	0x6E1B      	MOVWF       FARG_Lcd_Chr_out_char 
0x03F4	0xDE64      	RCALL       _Lcd_Chr
;LCD caractere especial.c,78 :: 		}
0x03F6	0x0012      	RETURN      0
; end of _CustomChar6
_main:
;LCD caractere especial.c,89 :: 		void main() {
;LCD caractere especial.c,90 :: 		TRISD = 0x00;
0x03F8	0x6A95      	CLRF        TRISD 
;LCD caractere especial.c,91 :: 		PORTD = 0x00;
0x03FA	0x6A83      	CLRF        PORTD 
;LCD caractere especial.c,92 :: 		Lcd_Init();
0x03FC	0xDF26      	RCALL       _Lcd_Init
;LCD caractere especial.c,93 :: 		Lcd_Cmd(_LCD_CLEAR);
0x03FE	0x0E01      	MOVLW       1
0x0400	0x6E1C      	MOVWF       FARG_Lcd_Cmd_out_char 
0x0402	0xDE1F      	RCALL       _Lcd_Cmd
;LCD caractere especial.c,94 :: 		Lcd_Cmd(_LCD_CURSOR_OFF);
0x0404	0x0E0C      	MOVLW       12
0x0406	0x6E1C      	MOVWF       FARG_Lcd_Cmd_out_char 
0x0408	0xDE1C      	RCALL       _Lcd_Cmd
;LCD caractere especial.c,96 :: 		while(1){
L_main24:
;LCD caractere especial.c,97 :: 		CustomChar0(1,1);
0x040A	0x0E01      	MOVLW       1
0x040C	0x6E16      	MOVWF       FARG_CustomChar0_pos_row 
0x040E	0x0E01      	MOVLW       1
0x0410	0x6E17      	MOVWF       FARG_CustomChar0_pos_char 
0x0412	0xDEF9      	RCALL       _CustomChar0
;LCD caractere especial.c,98 :: 		CustomChar1(1,2);
0x0414	0x0E01      	MOVLW       1
0x0416	0x6E16      	MOVWF       FARG_CustomChar1_pos_row 
0x0418	0x0E02      	MOVLW       2
0x041A	0x6E17      	MOVWF       FARG_CustomChar1_pos_char 
0x041C	0xDE83      	RCALL       _CustomChar1
;LCD caractere especial.c,99 :: 		CustomChar2(1,3);
0x041E	0x0E01      	MOVLW       1
0x0420	0x6E16      	MOVWF       FARG_CustomChar2_pos_row 
0x0422	0x0E03      	MOVLW       3
0x0424	0x6E17      	MOVWF       FARG_CustomChar2_pos_char 
0x0426	0xDEA1      	RCALL       _CustomChar2
;LCD caractere especial.c,100 :: 		CustomChar3(1,5);
0x0428	0x0E01      	MOVLW       1
0x042A	0x6E16      	MOVWF       FARG_CustomChar3_pos_row 
0x042C	0x0E05      	MOVLW       5
0x042E	0x6E17      	MOVWF       FARG_CustomChar3_pos_char 
0x0430	0xDEBF      	RCALL       _CustomChar3
;LCD caractere especial.c,101 :: 		CustomChar4(1,6);
0x0432	0x0E01      	MOVLW       1
0x0434	0x6E16      	MOVWF       FARG_CustomChar4_pos_row 
0x0436	0x0E06      	MOVLW       6
0x0438	0x6E17      	MOVWF       FARG_CustomChar4_pos_char 
0x043A	0xDF75      	RCALL       _CustomChar4
;LCD caractere especial.c,102 :: 		CustomChar5(1,7);
0x043C	0x0E01      	MOVLW       1
0x043E	0x6E16      	MOVWF       FARG_CustomChar5_pos_row 
0x0440	0x0E07      	MOVLW       7
0x0442	0x6E17      	MOVWF       FARG_CustomChar5_pos_char 
0x0444	0xDF93      	RCALL       _CustomChar5
;LCD caractere especial.c,103 :: 		CustomChar6(1,9);
0x0446	0x0E01      	MOVLW       1
0x0448	0x6E16      	MOVWF       FARG_CustomChar6_pos_row 
0x044A	0x0E09      	MOVLW       9
0x044C	0x6E17      	MOVWF       FARG_CustomChar6_pos_char 
0x044E	0xDFB1      	RCALL       _CustomChar6
;LCD caractere especial.c,104 :: 		CustomChar4(1,10);
0x0450	0x0E01      	MOVLW       1
0x0452	0x6E16      	MOVWF       FARG_CustomChar4_pos_row 
0x0454	0x0E0A      	MOVLW       10
0x0456	0x6E17      	MOVWF       FARG_CustomChar4_pos_char 
0x0458	0xDF66      	RCALL       _CustomChar4
;LCD caractere especial.c,105 :: 		CustomChar7(1,11);
0x045A	0x0E01      	MOVLW       1
0x045C	0x6E16      	MOVWF       FARG_CustomChar7_pos_row 
0x045E	0x0E0B      	MOVLW       11
0x0460	0x6E17      	MOVWF       FARG_CustomChar7_pos_char 
0x0462	0xDF3E      	RCALL       _CustomChar7
;LCD caractere especial.c,106 :: 		CustomChar0(1,13);
0x0464	0x0E01      	MOVLW       1
0x0466	0x6E16      	MOVWF       FARG_CustomChar0_pos_row 
0x0468	0x0E0D      	MOVLW       13
0x046A	0x6E17      	MOVWF       FARG_CustomChar0_pos_char 
0x046C	0xDECC      	RCALL       _CustomChar0
;LCD caractere especial.c,107 :: 		CustomChar1(1,14);
0x046E	0x0E01      	MOVLW       1
0x0470	0x6E16      	MOVWF       FARG_CustomChar1_pos_row 
0x0472	0x0E0E      	MOVLW       14
0x0474	0x6E17      	MOVWF       FARG_CustomChar1_pos_char 
0x0476	0xDE56      	RCALL       _CustomChar1
;LCD caractere especial.c,108 :: 		CustomChar2(1,15);
0x0478	0x0E01      	MOVLW       1
0x047A	0x6E16      	MOVWF       FARG_CustomChar2_pos_row 
0x047C	0x0E0F      	MOVLW       15
0x047E	0x6E17      	MOVWF       FARG_CustomChar2_pos_char 
0x0480	0xDE74      	RCALL       _CustomChar2
;LCD caractere especial.c,110 :: 		}
0x0482	0xD7C3      	BRA         L_main24
;LCD caractere especial.c,114 :: 		}
0x0484	0xD7FF      	BRA         $+0
; end of _main
;LCD caractere especial.c,22 :: _character7
0x0486	0x0000 ;_character7+0
0x0488	0x111F ;_character7+2
0x048A	0x1217 ;_character7+4
0x048C	0x0011 ;_character7+6
; end of _character7
;LCD caractere especial.c,20 :: _character5
0x048E	0x0000 ;_character5+0
0x0490	0x041F ;_character5+2
0x0492	0x0404 ;_character5+4
0x0494	0x001F ;_character5+6
; end of _character5
;LCD caractere especial.c,15 :: _character0
0x0496	0x0000 ;_character0+0
0x0498	0x1911 ;_character0+2
0x049A	0x1315 ;_character0+4
0x049C	0x0011 ;_character0+6
; end of _character0
;LCD caractere especial.c,21 :: _character6
0x049E	0x0000 ;_character6+0
0x04A0	0x111E ;_character6+2
0x04A2	0x1111 ;_character6+4
0x04A4	0x001E ;_character6+6
; end of _character6
;LCD caractere especial.c,18 :: _character3
0x04A6	0x0000 ;_character3+0
0x04A8	0x1111 ;_character3+2
0x04AA	0x0A11 ;_character3+4
0x04AC	0x0004 ;_character3+6
; end of _character3
;LCD caractere especial.c,17 :: _character2
0x04AE	0x0000 ;_character2+0
0x04B0	0x110E ;_character2+2
0x04B2	0x1111 ;_character2+4
0x04B4	0x000E ;_character2+6
; end of _character2
;LCD caractere especial.c,16 :: _character1
0x04B6	0x171D ;_character1+0
0x04B8	0x110E ;_character1+2
0x04BA	0x1F11 ;_character1+4
0x04BC	0x0011 ;_character1+6
; end of _character1
;LCD caractere especial.c,19 :: _character4
0x04BE	0x0000 ;_character4+0
0x04C0	0x110E ;_character4+2
0x04C2	0x1F11 ;_character4+4
0x04C4	0x0011 ;_character4+6
; end of _character4
Symbol List:
//** Routines locations **
//ADDRESS    SIZE    PROCEDURE
//----------------------------------------------
0x001C      [22]    _Delay_5500us
0x0032      [10]    _Delay_50us
0x003C       [6]    _Delay_1us
0x0042     [124]    _Lcd_Cmd
0x00BE      [90]    _Lcd_Chr
0x0118      [12]    _Lcd_Chr_CP
0x0124      [70]    _CustomChar1
0x016A      [70]    _CustomChar2
0x01B0      [70]    _CustomChar3
0x01F6      [16]    ___CC2DW
0x0206      [68]    _CustomChar0
0x024A     [150]    _Lcd_Init
0x02E0      [70]    _CustomChar7
0x0326      [70]    _CustomChar4
0x036C      [70]    _CustomChar5
0x03B2      [70]    _CustomChar6
0x03F8     [142]    _main
//** Variables locations ** 
//ADDRESS    SIZE    VARIABLE
//----------------------------------------------
0x0000       [1]    FLASH_Erase_64_SaveINTCON_L0
0x0000       [1]    __Lib_SoftI2C_PutZerosToLATScl_temp_scl_L0
0x0000       [1]    SPI1_Write_tmp_L0
0x0000       [1]    __Lib_SoftI2C_PutZerosToLATSda_temp_sda_L0
0x0000       [1]    EEPROM_Write_SaveINTCON_L0
0x0000       [1]    UART1_Init_tmp_L0
0x0000       [1]    R0
0x0001       [1]    __Lib_PS2_Wait_Falling_nsample_L0
0x0001       [1]    R1
0x0001       [1]    FLASH_Write_32_i_L0
0x0001       [1]    FLASH_Erase_Write_64_i_L0
0x0001       [1]    ispunct_rslt_L0
0x0001       [1]    I2C1_Rd_tmp_L0
0x0001       [1]    UART1_Read___tmp_UART1_Read_L0
0x0001       [2]    FLASH_Read_N_Bytes_i_L0
0x0002       [2]    memcpy_dd_L0
0x0002       [1]    FLASH_Write_32_SaveINTCON_L0
0x0002       [2]    memset_pp_L0
0x0002       [1]    R2
0x0002       [2]    memchr_s_L0
0x0002       [2]    __Lib_USB_genHID_memset_usb_pp_L0
0x0002       [2]    strlen_cp_L0
0x0002       [1]    FLASH_Erase_Write_64_j_L0
0x0002       [2]    __Lib_USB_genHID_memset_usb_int_pp_L0
0x0003       [2]    memmove_tt_L0
0x0003       [1]    FLASH_Erase_Write_64_SaveINTCON_L0
0x0003       [2]    __Lib_USB_genHID_USB_CtrlTrf_Tx_Service_byteToSend_L0
0x0003       [1]    R3
0x0003       [2]    Ltrim_original_L0
0x0004       [2]    __Lib_USB_genHID_USB_Std_Feature_Req_Handler_p_L0
0x0004       [2]    __Lib_USB_genHID_USB_Get_Status_Handler_p_L2
0x0004       [2]    strcpy_cp_L0
0x0004       [2]    strncat_cp_L0
0x0004       [2]    frexp_pom_L0
0x0004       [1]    R4
0x0004       [2]    strncpy_cp_L0
0x0004       [2]    strcat_cp_L0
0x0004       [2]    memcpy_ss_L0
0x0004       [2]    __Lib_USB_genHID_USB_Transfer_Packet_Int_handle_L0
0x0004       [2]    __Lib_USB_genHID_USB_Transfer_Packet_handle_L0
0x0005       [2]    LongWordToHex_input_half_L0
0x0005       [2]    LongIntToHex_input_half_L0
0x0005       [2]    Ltrim_p_L0
0x0005       [2]    __Lib_USB_genHID_USB_Configure_Endpoint_handle_L0
0x0005       [2]    memmove_ff_L0
0x0005       [1]    R5
0x0006       [1]    R6
0x0007       [1]    R7
0x0008       [1]    R8
0x0009       [1]    R9
0x000A       [1]    R10
0x000B       [1]    R11
0x000C       [1]    R12
0x000D       [1]    R13
0x000E       [1]    R14
0x000F       [1]    R15
0x0010       [1]    R16
0x0011       [1]    R17
0x0012       [1]    R18
0x0013       [1]    R19
0x0014       [1]    R20
0x0015       [0]    __Lib_Lcd_cmd_status
0x0016       [1]    FARG_CustomChar0_pos_row
0x0016       [1]    FARG_CustomChar6_pos_row
0x0016       [1]    FARG_CustomChar7_pos_row
0x0016       [1]    FARG_CustomChar1_pos_row
0x0016       [1]    FARG_CustomChar5_pos_row
0x0016       [1]    FARG_CustomChar4_pos_row
0x0016       [1]    FARG_CustomChar2_pos_row
0x0016       [1]    FARG_CustomChar3_pos_row
0x0017       [1]    FARG_CustomChar2_pos_char
0x0017       [1]    FARG_CustomChar6_pos_char
0x0017       [1]    FARG_CustomChar5_pos_char
0x0017       [1]    FARG_CustomChar4_pos_char
0x0017       [1]    FARG_CustomChar3_pos_char
0x0017       [1]    FARG_CustomChar1_pos_char
0x0017       [1]    FARG_CustomChar7_pos_char
0x0017       [1]    FARG_CustomChar0_pos_char
0x0018       [1]    CustomChar0_i_L0
0x0018       [1]    CustomChar4_i_L0
0x0018       [1]    CustomChar3_i_L0
0x0018       [1]    CustomChar7_i_L0
0x0018       [1]    CustomChar6_i_L0
0x0018       [1]    CustomChar1_i_L0
0x0018       [1]    CustomChar2_i_L0
0x0018       [1]    CustomChar5_i_L0
0x0019       [1]    FARG_Lcd_Chr_CP_out_char
0x0019       [1]    FARG_Lcd_Chr_row
0x001A       [1]    FARG_Lcd_Chr_column
0x001B       [1]    FARG_Lcd_Chr_out_char
0x001C       [1]    FARG_Lcd_Cmd_out_char
0x0400      [32]    __Lib_USB_genHID_BDT
0x0420       [8]    __Lib_USB_genHID_SetupPkt
0x0428       [8]    __Lib_USB_genHID_CtrlTrfData
0x0430       [3]    __Lib_USB_genHID_hid_report_out
0x0433       [3]    __Lib_USB_genHID_hid_report_in
0x0F62       [1]    SPPDATA
0x0F63       [0]    WS2_bit
0x0F63       [0]    WS3_bit
0x0F63       [0]    WS1_bit
0x0F63       [1]    SPPCFG
0x0F63       [0]    WS0_bit
0x0F63       [0]    CLKCFG0_bit
0x0F63       [0]    CLKCFG1_bit
0x0F63       [0]    CLK1EN_bit
0x0F63       [0]    CSEN_bit
0x0F64       [0]    WRSPP_bit
0x0F64       [0]    SPPBUSY_bit
0x0F64       [1]    SPPEPS
0x0F64       [0]    RDSPP_bit
0x0F64       [0]    ADDR3_bit
0x0F64       [0]    ADDR0_bit
0x0F64       [0]    ADDR1_bit
0x0F64       [0]    ADDR2_bit
0x0F65       [0]    SPPEN_bit
0x0F65       [1]    SPPCON
0x0F65       [0]    SPPOWN_bit
0x0F66       [0]    FRM2_bit
0x0F66       [0]    FRM1_bit
0x0F66       [0]    FRM0_bit
0x0F66       [0]    FRM4_bit
0x0F66       [0]    FRM3_bit
0x0F66       [1]    UFRM
0x0F66       [0]    FRM7_bit
0x0F66       [0]    FRM6_bit
0x0F66       [0]    FRM5_bit
0x0F66       [1]    UFRML
0x0F67       [0]    FRM8_bit
0x0F67       [0]    FRM10_bit
0x0F67       [0]    FRM9_bit
0x0F67       [1]    UFRMH
0x0F68       [0]    TRNIF_bit
0x0F68       [0]    ACTVIF_bit
0x0F68       [0]    IDLEIF_bit
0x0F68       [0]    SOFIF_bit
0x0F68       [0]    STALLIF_bit
0x0F68       [0]    UERRIF_bit
0x0F68       [1]    UIR
0x0F68       [0]    URSTIF_bit
0x0F69       [0]    TRNIE_bit
0x0F69       [0]    ACTVIE_bit
0x0F69       [0]    SOFIE_bit
0x0F69       [0]    STALLIE_bit
0x0F69       [0]    IDLEIE_bit
0x0F69       [1]    UIE
0x0F69       [0]    URSTIE_bit
0x0F69       [0]    UERRIE_bit
0x0F6A       [0]    DFN8EF_bit
0x0F6A       [0]    CRC16EF_bit
0x0F6A       [0]    BTSEF_bit
0x0F6A       [0]    BTOEF_bit
0x0F6A       [1]    UEIR
0x0F6A       [0]    PIDEF_bit
0x0F6A       [0]    CRC5EF_bit
0x0F6B       [0]    CRC16EE_bit
0x0F6B       [0]    DFN8EE_bit
0x0F6B       [0]    CRC5EE_bit
0x0F6B       [1]    UEIE
0x0F6B       [0]    PIDEE_bit
0x0F6B       [0]    BTSEE_bit
0x0F6B       [0]    BTOEE_bit
0x0F6C       [0]    ENDP2_bit
0x0F6C       [0]    ENDP3_bit
0x0F6C       [1]    USTAT
0x0F6C       [0]    ENDP1_bit
0x0F6C       [0]    PPBI_bit
0x0F6C       [0]    DIR__bit
0x0F6C       [0]    ENDP0_bit
0x0F6D       [0]    SE0_bit
0x0F6D       [0]    PPBRST_bit
0x0F6D       [1]    UCON
0x0F6D       [0]    RESUME__bit
0x0F6D       [0]    SUSPND_bit
0x0F6D       [0]    PKTDIS_bit
0x0F6D       [0]    USBEN_bit
0x0F6E       [0]    ADDR5_bit
0x0F6E       [0]    ADDR6_bit
0x0F6E       [1]    UADDR
0x0F6E       [0]    ADDR0_UADDR_bit
0x0F6E       [0]    ADDR1_UADDR_bit
0x0F6E       [0]    ADDR2_UADDR_bit
0x0F6E       [0]    ADDR4_bit
0x0F6E       [0]    ADDR3_UADDR_bit
0x0F6F       [0]    UTEYE_bit
0x0F6F       [1]    UCFG
0x0F6F       [0]    UOEMON_bit
0x0F6F       [0]    FSEN_bit
0x0F6F       [0]    UTRDIS_bit
0x0F6F       [0]    PPB1_bit
0x0F6F       [0]    UPUEN_bit
0x0F6F       [0]    PPB0_bit
0x0F70       [0]    EPHSHK_bit
0x0F70       [0]    EPINEN_bit
0x0F70       [0]    EPSTALL_bit
0x0F70       [0]    EPCONDIS_bit
0x0F70       [0]    EPOUTEN_bit
0x0F70       [1]    UEP0
0x0F71       [0]    EPINEN_UEP1_bit
0x0F71       [0]    EPOUTEN_UEP1_bit
0x0F71       [0]    EPHSHK_UEP1_bit
0x0F71       [0]    EPCONDIS_UEP1_bit
0x0F71       [1]    UEP1
0x0F71       [0]    EPSTALL_UEP1_bit
0x0F72       [0]    EPOUTEN_UEP2_bit
0x0F72       [0]    EPHSHK_UEP2_bit
0x0F72       [0]    EPCONDIS_UEP2_bit
0x0F72       [0]    EPINEN_UEP2_bit
0x0F72       [1]    UEP2
0x0F72       [0]    EPSTALL_UEP2_bit
0x0F73       [0]    EPOUTEN_UEP3_bit
0x0F73       [0]    EPCONDIS_UEP3_bit
0x0F73       [0]    EPHSHK_UEP3_bit
0x0F73       [1]    UEP3
0x0F73       [0]    EPSTALL_UEP3_bit
0x0F73       [0]    EPINEN_UEP3_bit
0x0F74       [0]    EPCONDIS_UEP4_bit
0x0F74       [0]    EPHSHK_UEP4_bit
0x0F74       [1]    UEP4
0x0F74       [0]    EPSTALL_UEP4_bit
0x0F74       [0]    EPINEN_UEP4_bit
0x0F74       [0]    EPOUTEN_UEP4_bit
0x0F75       [0]    EPHSHK_UEP5_bit
0x0F75       [1]    UEP5
0x0F75       [0]    EPCONDIS_UEP5_bit
0x0F75       [0]    EPINEN_UEP5_bit
0x0F75       [0]    EPSTALL_UEP5_bit
0x0F75       [0]    EPOUTEN_UEP5_bit
0x0F76       [0]    EPHSHK_UEP6_bit
0x0F76       [1]    UEP6
0x0F76       [0]    EPINEN_UEP6_bit
0x0F76       [0]    EPOUTEN_UEP6_bit
0x0F76       [0]    EPSTALL_UEP6_bit
0x0F76       [0]    EPCONDIS_UEP6_bit
0x0F77       [1]    UEP7
0x0F77       [0]    EPHSHK_UEP7_bit
0x0F77       [0]    EPINEN_UEP7_bit
0x0F77       [0]    EPSTALL_UEP7_bit
0x0F77       [0]    EPCONDIS_UEP7_bit
0x0F77       [0]    EPOUTEN_UEP7_bit
0x0F78       [0]    EPOUTEN_UEP8_bit
0x0F78       [0]    EPCONDIS_UEP8_bit
0x0F78       [0]    EPHSHK_UEP8_bit
0x0F78       [0]    EPINEN_UEP8_bit
0x0F78       [0]    EPSTALL_UEP8_bit
0x0F78       [1]    UEP8
0x0F79       [0]    EPOUTEN_UEP9_bit
0x0F79       [0]    EPCONDIS_UEP9_bit
0x0F79       [0]    EPINEN_UEP9_bit
0x0F79       [1]    UEP9
0x0F79       [0]    EPSTALL_UEP9_bit
0x0F79       [0]    EPHSHK_UEP9_bit
0x0F7A       [0]    EPCONDIS_UEP10_bit
0x0F7A       [0]    EPHSHK_UEP10_bit
0x0F7A       [1]    UEP10
0x0F7A       [0]    EPSTALL_UEP10_bit
0x0F7A       [0]    EPINEN_UEP10_bit
0x0F7A       [0]    EPOUTEN_UEP10_bit
0x0F7B       [0]    EPCONDIS_UEP11_bit
0x0F7B       [0]    EPHSHK_UEP11_bit
0x0F7B       [0]    EPOUTEN_UEP11_bit
0x0F7B       [0]    EPSTALL_UEP11_bit
0x0F7B       [0]    EPINEN_UEP11_bit
0x0F7B       [1]    UEP11
0x0F7C       [0]    EPOUTEN_UEP12_bit
0x0F7C       [0]    EPCONDIS_UEP12_bit
0x0F7C       [0]    EPHSHK_UEP12_bit
0x0F7C       [0]    EPINEN_UEP12_bit
0x0F7C       [1]    UEP12
0x0F7C       [0]    EPSTALL_UEP12_bit
0x0F7D       [0]    EPSTALL_UEP13_bit
0x0F7D       [1]    UEP13
0x0F7D       [0]    EPCONDIS_UEP13_bit
0x0F7D       [0]    EPHSHK_UEP13_bit
0x0F7D       [0]    EPINEN_UEP13_bit
0x0F7D       [0]    EPOUTEN_UEP13_bit
0x0F7E       [0]    EPOUTEN_UEP14_bit
0x0F7E       [0]    EPCONDIS_UEP14_bit
0x0F7E       [0]    EPHSHK_UEP14_bit
0x0F7E       [0]    EPSTALL_UEP14_bit
0x0F7E       [0]    EPINEN_UEP14_bit
0x0F7E       [1]    UEP14
0x0F7F       [0]    EPOUTEN_UEP15_bit
0x0F7F       [0]    EPCONDIS_UEP15_bit
0x0F7F       [0]    EPHSHK_UEP15_bit
0x0F7F       [1]    UEP15
0x0F7F       [0]    EPSTALL_UEP15_bit
0x0F7F       [0]    EPINEN_UEP15_bit
0x0F80       [0]    RA4_bit
0x0F80       [0]    RA3_bit
0x0F80       [0]    RA6_bit
0x0F80       [0]    RA5_bit
0x0F80       [0]    RA2_bit
0x0F80       [1]    PORTA
0x0F80       [0]    HLVDIN_bit
0x0F80       [0]    RA1_bit
0x0F80       [0]    RA0_bit
0x0F80       [0]    LVDIN_bit
0x0F80       [0]    AN2_bit
0x0F80       [0]    AN1_bit
0x0F80       [0]    T0CKI_bit
0x0F80       [0]    AN3_bit
0x0F80       [0]    AN0_bit
0x0F80       [0]    VREFM_bit
0x0F80       [0]    VREFP_bit
0x0F80       [0]    AN4_bit
0x0F80       [0]    OSC2_bit
0x0F81       [1]    PORTB
0x0F81       [0]    RB6_bit
0x0F81       [0]    RB7_bit
0x0F81       [0]    RB5_bit
0x0F81       [0]    RB2_bit
0x0F81       [0]    RB3_bit
0x0F81       [0]    RB4_bit
0x0F81       [0]    RB0_bit
0x0F81       [0]    PGM_bit
0x0F81       [0]    PGC_bit
0x0F81       [0]    PGD_bit
0x0F81       [0]    INT2_bit
0x0F81       [0]    RB1_bit
0x0F81       [0]    INT0_bit
0x0F81       [0]    INT1_bit
0x0F82       [0]    RC5_bit
0x0F82       [0]    RC4_bit
0x0F82       [0]    RC7_bit
0x0F82       [0]    RC6_bit
0x0F82       [0]    RC0_bit
0x0F82       [1]    PORTC
0x0F82       [0]    RC2_bit
0x0F82       [0]    RC1_bit
0x0F82       [0]    T13CKI_bit
0x0F82       [0]    RX__bit
0x0F82       [0]    CK_bit
0x0F82       [0]    P1A_bit
0x0F82       [0]    T1OSI_bit
0x0F82       [0]    T1OSO_bit
0x0F82       [0]    TX_bit
0x0F82       [0]    CCP1_bit
0x0F83       [0]    RD2_bit
0x0F83       [0]    RD1_bit
0x0F83       [0]    RD3_bit
0x0F83       [0]    RD5_bit
0x0F83       [0]    RD4_bit
0x0F83       [0]    RD0_bit
0x0F83       [0]    LCD_D4
0x0F83       [0]    LCD_RS
0x0F83       [0]    LCD_D7
0x0F83       [0]    LCD_EN
0x0F83       [0]    SPP4_bit
0x0F83       [0]    SPP3_bit
0x0F83       [0]    SPP5_bit
0x0F83       [0]    SPP7_bit
0x0F83       [0]    SPP6_bit
0x0F83       [0]    RD7_bit
0x0F83       [0]    RD6_bit
0x0F83       [0]    SPP0_bit
0x0F83       [0]    SPP2_bit
0x0F83       [0]    SPP1_bit
0x0F83       [1]    PORTD
0x0F83       [0]    LCD_D6
0x0F83       [0]    LCD_D5
0x0F84       [0]    RE1_bit
0x0F84       [0]    RE0_bit
0x0F84       [0]    CK1SPP_bit
0x0F84       [0]    RDPU_PORTE_bit
0x0F84       [0]    RDPU_bit
0x0F84       [0]    RE2_bit
0x0F84       [0]    RE3_bit
0x0F84       [0]    CK2SPP_bit
0x0F84       [1]    PORTE
0x0F84       [0]    OESPP_bit
0x0F89       [0]    LATA4_bit
0x0F89       [0]    LATA5_bit
0x0F89       [0]    LATA6_bit
0x0F89       [0]    LATA1_bit
0x0F89       [0]    LATA0_bit
0x0F89       [0]    LATA3_bit
0x0F89       [0]    LATA2_bit
0x0F89       [1]    LATA
0x0F8A       [0]    LATB2_bit
0x0F8A       [0]    LATB1_bit
0x0F8A       [0]    LATB0_bit
0x0F8A       [0]    LATB3_bit
0x0F8A       [0]    LATB6_bit
0x0F8A       [0]    LATB7_bit
0x0F8A       [0]    LATB4_bit
0x0F8A       [0]    LATB5_bit
0x0F8A       [1]    LATB
0x0F8B       [0]    LATC0_bit
0x0F8B       [1]    LATC
0x0F8B       [0]    LATC1_bit
0x0F8B       [0]    LATC7_bit
0x0F8B       [0]    LATC6_bit
0x0F8B       [0]    LATC2_bit
0x0F8C       [0]    LATD1_bit
0x0F8C       [0]    LATD2_bit
0x0F8C       [1]    LATD
0x0F8C       [0]    LATD0_bit
0x0F8C       [0]    LATD3_bit
0x0F8C       [0]    LATD5_bit
0x0F8C       [0]    LATD4_bit
0x0F8C       [0]    LATD7_bit
0x0F8C       [0]    LATD6_bit
0x0F8D       [0]    LATE1_bit
0x0F8D       [0]    LATE2_bit
0x0F8D       [1]    LATE
0x0F8D       [0]    LATE0_bit
0x0F92       [0]    TRISA3_bit
0x0F92       [0]    TRISA6_bit
0x0F92       [0]    TRISA2_bit
0x0F92       [1]    TRISA
0x0F92       [0]    TRISA1_bit
0x0F92       [0]    TRISA0_bit
0x0F92       [0]    TRISA4_bit
0x0F92       [0]    TRISA5_bit
0x0F93       [0]    TRISB4_bit
0x0F93       [0]    TRISB3_bit
0x0F93       [0]    TRISB2_bit
0x0F93       [0]    TRISB6_bit
0x0F93       [0]    TRISB5_bit
0x0F93       [0]    TRISB1_bit
0x0F93       [0]    TRISB7_bit
0x0F93       [0]    TRISB0_bit
0x0F93       [1]    TRISB
0x0F94       [0]    TRISC2_bit
0x0F94       [0]    TRISC6_bit
0x0F94       [0]    TRISC7_bit
0x0F94       [0]    TRISC0_bit
0x0F94       [1]    TRISC
0x0F94       [0]    TRISC1_bit
0x0F95       [0]    TRISD2_bit
0x0F95       [0]    TRISD1_bit
0x0F95       [0]    TRISD0_bit
0x0F95       [0]    TRISD7_bit
0x0F95       [0]    LCD_RS_Direction
0x0F95       [0]    LCD_EN_Direction
0x0F95       [1]    TRISD
0x0F95       [0]    TRISD5_bit
0x0F95       [0]    TRISD6_bit
0x0F95       [0]    LCD_D4_Direction
0x0F95       [0]    TRISD4_bit
0x0F95       [0]    TRISD3_bit
0x0F95       [0]    LCD_D7_Direction
0x0F95       [0]    LCD_D6_Direction
0x0F95       [0]    LCD_D5_Direction
0x0F96       [0]    TRISE0_bit
0x0F96       [1]    TRISE
0x0F96       [0]    TRISE1_bit
0x0F96       [0]    TRISE2_bit
0x0F9B       [0]    TUN0_bit
0x0F9B       [0]    TUN3_bit
0x0F9B       [0]    TUN2_bit
0x0F9B       [0]    TUN1_bit
0x0F9B       [0]    TUN4_bit
0x0F9B       [0]    INTSRC_bit
0x0F9B       [1]    OSCTUNE
0x0F9D       [0]    RCIE_bit
0x0F9D       [0]    TXIE_bit
0x0F9D       [0]    SPPIE_bit
0x0F9D       [0]    ADIE_bit
0x0F9D       [0]    TMR2IE_bit
0x0F9D       [0]    TMR1IE_bit
0x0F9D       [0]    SSPIE_bit
0x0F9D       [0]    CCP1IE_bit
0x0F9D       [1]    PIE1
0x0F9E       [0]    CCP1IF_bit
0x0F9E       [0]    SSPIF_bit
0x0F9E       [0]    TMR1IF_bit
0x0F9E       [0]    TMR2IF_bit
0x0F9E       [0]    SPPIF_bit
0x0F9E       [1]    PIR1
0x0F9E       [0]    ADIF_bit
0x0F9E       [0]    TXIF_bit
0x0F9E       [0]    RCIF_bit
0x0F9F       [0]    ADIP_bit
0x0F9F       [0]    SPPIP_bit
0x0F9F       [1]    IPR1
0x0F9F       [0]    RCIP_bit
0x0F9F       [0]    TMR2IP_bit
0x0F9F       [0]    TMR1IP_bit
0x0F9F       [0]    CCP1IP_bit
0x0F9F       [0]    TXIP_bit
0x0F9F       [0]    SSPIP_bit
0x0FA0       [0]    CMIE_bit
0x0FA0       [0]    USBIE_bit
0x0FA0       [0]    OSCFIE_bit
0x0FA0       [1]    PIE2
0x0FA0       [0]    HLVDIE_bit
0x0FA0       [0]    TMR3IE_bit
0x0FA0       [0]    CCP2IE_bit
0x0FA0       [0]    LVDIE_bit
0x0FA0       [0]    EEIE_bit
0x0FA0       [0]    BCLIE_bit
0x0FA1       [1]    PIR2
0x0FA1       [0]    CMIF_bit
0x0FA1       [0]    USBIF_bit
0x0FA1       [0]    HLVDIF_bit
0x0FA1       [0]    OSCFIF_bit
0x0FA1       [0]    EEIF_bit
0x0FA1       [0]    TMR3IF_bit
0x0FA1       [0]    CCP2IF_bit
0x0FA1       [0]    BCLIF_bit
0x0FA1       [0]    LVDIF_bit
0x0FA2       [0]    CMIP_bit
0x0FA2       [0]    USBIP_bit
0x0FA2       [0]    OSCFIP_bit
0x0FA2       [1]    IPR2
0x0FA2       [0]    HLVDIP_bit
0x0FA2       [0]    TMR3IP_bit
0x0FA2       [0]    CCP2IP_bit
0x0FA2       [0]    LVDIP_bit
0x0FA2       [0]    EEIP_bit
0x0FA2       [0]    BCLIP_bit
0x0FA6       [0]    CFGS_bit
0x0FA6       [0]    EEPGD_bit
0x0FA6       [1]    EECON1
0x0FA6       [0]    FREE_bit
0x0FA6       [0]    WR_bit
0x0FA6       [0]    RD_bit
0x0FA6       [0]    WRERR_bit
0x0FA6       [0]    WREN_bit
0x0FA7       [1]    EECON2
0x0FA8       [1]    EEDATA
0x0FA9       [1]    EEADR
0x0FAB       [0]    ADEN_bit
0x0FAB       [1]    RCSTA
0x0FAB       [0]    SPEN_bit
0x0FAB       [0]    SREN_bit
0x0FAB       [0]    CREN_bit
0x0FAB       [0]    RX9D_bit
0x0FAB       [0]    OERR_bit
0x0FAB       [0]    RX9_bit
0x0FAB       [0]    FERR_bit
0x0FAB       [0]    ADDEN_bit
0x0FAC       [1]    TXSTA
0x0FAC       [0]    CSRC_bit
0x0FAC       [0]    BRGH_bit
0x0FAC       [0]    SENDB_bit
0x0FAC       [0]    TX9D_bit
0x0FAC       [0]    TRMT_bit
0x0FAC       [0]    SYNC_bit
0x0FAC       [0]    TXEN_bit
0x0FAC       [0]    TX9_bit
0x0FAD       [1]    TXREG
0x0FAE       [1]    RCREG
0x0FAF       [1]    SPBRG
0x0FB0       [1]    SPBRGH
0x0FB1       [1]    T3CON
0x0FB1       [0]    T3CCP2_bit
0x0FB1       [0]    T3CKPS1_bit
0x0FB1       [0]    T3CKPS0_bit
0x0FB1       [0]    NOT_T3SYNC_bit
0x0FB1       [0]    T3NSYNC_bit
0x0FB1       [0]    RD16_bit
0x0FB1       [0]    TMR3CS_bit
0x0FB1       [0]    TMR3ON_bit
0x0FB1       [0]    T3CCP1_bit
0x0FB1       [0]    T3SYNC_bit
0x0FB2       [1]    TMR3L
0x0FB3       [1]    TMR3H
0x0FB4       [0]    CM1_bit
0x0FB4       [0]    CM0_bit
0x0FB4       [1]    CMCON
0x0FB4       [0]    C2INV_bit
0x0FB4       [0]    C1OUT_bit
0x0FB4       [0]    C2OUT_bit
0x0FB4       [0]    CM2_bit
0x0FB4       [0]    CIS_bit
0x0FB4       [0]    C1INV_bit
0x0FB5       [0]    CVR1_bit
0x0FB5       [0]    CVR0_bit
0x0FB5       [0]    CVR2_bit
0x0FB5       [0]    CVROE_bit
0x0FB5       [0]    CVRR_bit
0x0FB5       [0]    CVRSS_bit
0x0FB5       [0]    CVREN_bit
0x0FB5       [1]    CVRCON
0x0FB5       [0]    CVR3_bit
0x0FB5       [0]    CVREF_bit
0x0FB6       [1]    ECCP1AS
0x0FB6       [1]    CCP1AS
0x0FB6       [0]    PSSAC0_bit
0x0FB6       [0]    PSSAC1_bit
0x0FB6       [0]    PSSBD0_bit
0x0FB6       [0]    PSSBD1_bit
0x0FB6       [0]    ECCPAS2_bit
0x0FB6       [0]    ECCPASE_bit
0x0FB6       [0]    ECCPAS0_bit
0x0FB6       [0]    ECCPAS1_bit
0x0FB7       [0]    PDC5_bit
0x0FB7       [0]    PDC4_bit
0x0FB7       [0]    PDC3_bit
0x0FB7       [1]    ECCP1DEL
0x0FB7       [0]    PRSEN_bit
0x0FB7       [0]    PDC6_bit
0x0FB7       [0]    PDC2_bit
0x0FB7       [1]    CCP1DEL
0x0FB7       [0]    PDC0_bit
0x0FB7       [0]    PDC1_bit
0x0FB8       [0]    ABDOVF_bit
0x0FB8       [0]    RCIDL_bit
0x0FB8       [0]    RCMT_bit
0x0FB8       [0]    RXDTP_bit
0x0FB8       [0]    TXCKP_bit
0x0FB8       [0]    BRG16_bit
0x0FB8       [0]    SCKP_bit
0x0FB8       [1]    BAUDCON
0x0FB8       [0]    WUE_bit
0x0FB8       [0]    ABDEN_bit
0x0FBA       [0]    CCP2M3_bit
0x0FBA       [0]    DC2B0_bit
0x0FBA       [0]    DC2B1_bit
0x0FBA       [1]    CCP2CON
0x0FBA       [0]    CCP2M0_bit
0x0FBA       [0]    CCP2M1_bit
0x0FBA       [0]    CCP2M2_bit
0x0FBB       [2]    CCPR2
0x0FBB       [1]    CCPR2L
0x0FBC       [1]    CCPR2H
0x0FBD       [0]    CCP1M3_bit
0x0FBD       [0]    DC1B0_bit
0x0FBD       [0]    DC1B1_bit
0x0FBD       [0]    CCP1M0_bit
0x0FBD       [1]    CCP1CON
0x0FBD       [0]    CCP1M2_bit
0x0FBD       [0]    CCP1M1_bit
0x0FBD       [0]    P1M1_bit
0x0FBD       [1]    ECCP1CON
0x0FBD       [0]    P1M0_bit
0x0FBE       [1]    CCPR1L
0x0FBE       [2]    CCPR1
0x0FBF       [1]    CCPR1H
0x0FC0       [0]    ACQT1_bit
0x0FC0       [0]    ADCS0_bit
0x0FC0       [0]    ADFM_bit
0x0FC0       [0]    ACQT2_bit
0x0FC0       [0]    ADCS2_bit
0x0FC0       [0]    ADCS1_bit
0x0FC0       [1]    ADCON2
0x0FC0       [0]    ACQT0_bit
0x0FC1       [0]    PCFG2_bit
0x0FC1       [0]    PCFG3_bit
0x0FC1       [0]    PCFG0_bit
0x0FC1       [0]    PCFG1_bit
0x0FC1       [1]    ADCON1
0x0FC1       [0]    VCFG1_bit
0x0FC1       [0]    VCFG0_bit
0x0FC2       [1]    ADCON0
0x0FC2       [0]    CHS3_bit
0x0FC2       [0]    CHS2_bit
0x0FC2       [0]    DONE_bit
0x0FC2       [0]    NOT_DONE_bit
0x0FC2       [0]    GO_bit
0x0FC2       [0]    CHS1_bit
0x0FC2       [0]    ADON_bit
0x0FC2       [0]    GO_DONE_bit
0x0FC2       [0]    CHS0_bit
0x0FC3       [2]    ADRES
0x0FC3       [1]    ADRESL
0x0FC4       [1]    ADRESH
0x0FC5       [0]    ACKSTAT_bit
0x0FC5       [0]    ACKDT_bit
0x0FC5       [0]    GCEN_bit
0x0FC5       [1]    SSPCON2
0x0FC5       [0]    ACKEN_bit
0x0FC5       [0]    RSEN_bit
0x0FC5       [0]    SEN_bit
0x0FC5       [0]    RCEN_bit
0x0FC5       [0]    PEN_bit
0x0FC6       [0]    CKP_bit
0x0FC6       [0]    SSPM3_bit
0x0FC6       [0]    WCOL_bit
0x0FC6       [0]    SSPOV_bit
0x0FC6       [0]    SSPEN_bit
0x0FC6       [1]    SSPCON1
0x0FC6       [0]    SSPM0_bit
0x0FC6       [0]    SSPM2_bit
0x0FC6       [0]    SSPM1_bit
0x0FC7       [0]    D_A_bit
0x0FC7       [0]    P_bit
0x0FC7       [0]    SMP_bit
0x0FC7       [0]    CKE_bit
0x0FC7       [0]    S_bit
0x0FC7       [0]    BF_bit
0x0FC7       [1]    SSPSTAT
0x0FC7       [0]    R_W_bit
0x0FC7       [0]    UA_bit
0x0FC7       [0]    NOT_WRITE_bit
0x0FC7       [0]    NOT_ADDRESS_bit
0x0FC7       [0]    NOT_W_bit
0x0FC7       [0]    NOT_A_bit
0x0FC7       [0]    R_bit
0x0FC7       [0]    D_bit
0x0FC7       [0]    READ_WRITE_bit
0x0FC7       [0]    DATA_ADDRESS_bit
0x0FC7       [0]    I2C_START__bit
0x0FC7       [0]    I2C_READ_bit
0x0FC7       [0]    I2C_DAT_bit
0x0FC7       [0]    I2C_STOP__bit
0x0FC8       [1]    SSPADD
0x0FC9       [1]    SSPBUF
0x0FCA       [0]    T2OUTPS1_bit
0x0FCA       [0]    T2OUTPS0_bit
0x0FCA       [0]    T2OUTPS2_bit
0x0FCA       [0]    T2OUTPS3_bit
0x0FCA       [1]    T2CON
0x0FCA       [0]    T2CKPS0_bit
0x0FCA       [0]    T2CKPS1_bit
0x0FCA       [0]    TMR2ON_bit
0x0FCB       [1]    PR2
0x0FCC       [1]    TMR2
0x0FCD       [0]    TMR1CS_bit
0x0FCD       [0]    TMR1ON_bit
0x0FCD       [0]    T1CKPS1_bit
0x0FCD       [0]    T1CKPS0_bit
0x0FCD       [0]    T1RUN_bit
0x0FCD       [0]    NOT_T1SYNC_bit
0x0FCD       [0]    RD16_T1CON_bit
0x0FCD       [0]    T1OSCEN_bit
0x0FCD       [1]    T1CON
0x0FCD       [0]    T1SYNC_bit
0x0FCE       [1]    TMR1L
0x0FCF       [1]    TMR1H
0x0FD0       [0]    POR_bit
0x0FD0       [0]    BOR_bit
0x0FD0       [0]    NOT_IPEN_bit
0x0FD0       [0]    PD_bit
0x0FD0       [0]    RI_bit
0x0FD0       [0]    IPEN_bit
0x0FD0       [0]    TO__bit
0x0FD0       [0]    NOT_POR_bit
0x0FD0       [1]    RCON
0x0FD0       [0]    NOT_BOR_bit
0x0FD0       [0]    NOT_PD_bit
0x0FD0       [0]    NOT_RI_bit
0x0FD0       [0]    SBOREN_bit
0x0FD0       [0]    NOT_TO_bit
0x0FD1       [1]    WDTCON
0x0FD1       [0]    SWDTE_bit
0x0FD1       [0]    SWDTEN_bit
0x0FD2       [1]    LVDCON
0x0FD2       [1]    HLVDCON
0x0FD2       [0]    HLVDL0_bit
0x0FD2       [0]    HLVDL1_bit
0x0FD2       [0]    LVV3_bit
0x0FD2       [0]    BGST_bit
0x0FD2       [0]    HLVDL2_bit
0x0FD2       [0]    VDIRMAG_bit
0x0FD2       [0]    IVRST_bit
0x0FD2       [0]    HLVDL3_bit
0x0FD2       [0]    HLVDEN_bit
0x0FD2       [0]    LVDL2_bit
0x0FD2       [0]    LVDL3_bit
0x0FD2       [0]    LVDL0_bit
0x0FD2       [0]    LVDL1_bit
0x0FD2       [0]    LVDEN_bit
0x0FD2       [0]    LVV1_bit
0x0FD2       [0]    LVV2_bit
0x0FD2       [0]    IRVST_bit
0x0FD2       [0]    LVV0_bit
0x0FD3       [0]    FLTS_bit
0x0FD3       [1]    OSCCON
0x0FD3       [0]    IDLEN_bit
0x0FD3       [0]    IRCF1_bit
0x0FD3       [0]    IRCF2_bit
0x0FD3       [0]    IOFS_bit
0x0FD3       [0]    OSTS_bit
0x0FD3       [0]    SCS1_bit
0x0FD3       [0]    IRCF0_bit
0x0FD3       [0]    SCS0_bit
0x0FD5       [0]    T0PS1_bit
0x0FD5       [0]    T0PS0_bit
0x0FD5       [0]    T0PS2_bit
0x0FD5       [0]    T08BIT_bit
0x0FD5       [0]    TMR0ON_bit
0x0FD5       [1]    T0CON
0x0FD5       [0]    PSA_bit
0x0FD5       [0]    T0SE_bit
0x0FD5       [0]    T0CS_bit
0x0FD6       [1]    TMR0L
0x0FD7       [1]    TMR0H
0x0FD8       [0]    N_bit
0x0FD8       [0]    C_bit
0x0FD8       [1]    STATUS
0x0FD8       [0]    DC_bit
0x0FD8       [0]    Z_bit
0x0FD8       [0]    OV_bit
0x0FD9       [1]    FSR2L
0x0FD9       [2]    FSR2PTR
0x0FD9       [2]    FSR2
0x0FDA       [1]    FSR2H
0x0FDB       [1]    PLUSW2
0x0FDC       [1]    PREINC2
0x0FDD       [1]    POSTDEC2
0x0FDE       [1]    POSTINC2
0x0FDF       [1]    INDF2
0x0FE0       [1]    BSR
0x0FE1       [2]    FSR1PTR
0x0FE1       [1]    FSR1L
0x0FE1       [2]    FSR1
0x0FE2       [1]    FSR1H
0x0FE3       [1]    PLUSW1
0x0FE4       [1]    PREINC1
0x0FE5       [1]    POSTDEC1
0x0FE6       [1]    POSTINC1
0x0FE7       [1]    INDF1
0x0FE8       [1]    WREG
0x0FE9       [1]    FSR0L
0x0FE9       [2]    FSR0PTR
0x0FE9       [2]    FSR0
0x0FEA       [1]    FSR0H
0x0FEB       [1]    PLUSW0
0x0FEC       [1]    PREINC0
0x0FED       [1]    POSTDEC0
0x0FEE       [1]    POSTINC0
0x0FEF       [1]    INDF0
0x0FF0       [1]    INTCON3
0x0FF0       [0]    INT1IF_bit
0x0FF0       [0]    INT2IF_bit
0x0FF0       [0]    INT1IE_bit
0x0FF0       [0]    INT2P_bit
0x0FF0       [0]    INT1P_bit
0x0FF0       [0]    INT2E_bit
0x0FF0       [0]    INT1F_bit
0x0FF0       [0]    INT2F_bit
0x0FF0       [0]    INT1E_bit
0x0FF0       [0]    INT2IE_bit
0x0FF0       [0]    INT1IP_bit
0x0FF0       [0]    INT2IP_bit
0x0FF1       [0]    INTEDG1_bit
0x0FF1       [0]    INTEDG0_bit
0x0FF1       [0]    INTEDG2_bit
0x0FF1       [0]    RBIP_bit
0x0FF1       [0]    TMR0IP_bit
0x0FF1       [0]    T0IP_bit
0x0FF1       [0]    RBPU_bit
0x0FF1       [1]    INTCON2
0x0FF1       [0]    NOT_RBPU_bit
0x0FF2       [0]    RBIE_bit
0x0FF2       [0]    TMR0IF_bit
0x0FF2       [0]    INT0IF_bit
0x0FF2       [0]    INT0IE_bit
0x0FF2       [0]    GIE_bit
0x0FF2       [0]    PEIE_bit
0x0FF2       [0]    TMR0IE_bit
0x0FF2       [0]    T0IE_bit
0x0FF2       [0]    GIEL_bit
0x0FF2       [0]    GIEH_bit
0x0FF2       [0]    INT0E_bit
0x0FF2       [0]    RBIF_bit
0x0FF2       [0]    INT0F_bit
0x0FF2       [0]    T0IF_bit
0x0FF2       [1]    INTCON
0x0FF3       [1]    PRODL
0x0FF3       [2]    PROD
0x0FF4       [1]    PRODH
0x0FF5       [1]    TABLAT
0x0FF6       [3]    TBLPTR
0x0FF6       [1]    TBLPTRL
0x0FF7       [1]    TBLPTRH
0x0FF8       [1]    TBLPTRU
0x0FF9       [1]    PC
0x0FF9       [1]    PCL
0x0FFA       [1]    PCLATH
0x0FFB       [1]    PCLATU
0x0FFB       [0]    PCU0_bit
0x0FFB       [0]    PCU4_bit
0x0FFB       [0]    PCU3_bit
0x0FFB       [0]    PCU2_bit
0x0FFB       [0]    PCU1_bit
0x0FFC       [0]    STKPTR4_bit
0x0FFC       [0]    STKUNF_bit
0x0FFC       [0]    STKFUL_bit
0x0FFC       [0]    STKPTR0_bit
0x0FFC       [1]    STKPTR
0x0FFC       [0]    STKPTR1_bit
0x0FFC       [0]    STKPTR3_bit
0x0FFC       [0]    STKPTR2_bit
0x0FFD       [1]    TOSL
0x0FFE       [1]    TOSH
0x0FFF       [1]    TOSU
//** Constants locations ** 
//ADDRESS    SIZE    CONSTANT
//----------------------------------------------
0x0486       [8]    _character7
0x048E       [8]    _character5
0x0496       [8]    _character0
0x049E       [8]    _character6
0x04A6       [8]    _character3
0x04AE       [8]    _character2
0x04B6       [8]    _character1
0x04BE       [8]    _character4
//** Label List: ** 
//----------------------------------------------
  L_CustomChar00
  L_CustomChar01
  L_CustomChar02
  L_CustomChar13
  L_CustomChar14
  L_CustomChar15
  L_CustomChar26
  L_CustomChar27
  L_CustomChar28
  L_CustomChar39
  L_CustomChar310
  L_CustomChar311
  L_CustomChar412
  L_CustomChar413
  L_CustomChar414
  L_CustomChar515
  L_CustomChar516
  L_CustomChar517
  L_CustomChar618
  L_CustomChar619
  L_CustomChar620
  L_CustomChar721
  L_CustomChar722
  L_CustomChar723
  L_main24
  L_main25
  _CustomChar0
  _CustomChar1
  _CustomChar2
  _CustomChar3
  _CustomChar4
  _CustomChar5
  _CustomChar6
  _CustomChar7
  _main
  L_Delay_10us0
  L_Delay_22us1
  L_Delay_50us2
  L_Delay_80us3
  L_Delay_500us4
  L_Delay_5500us5
  L_Delay_1ms6
  L_Delay_5ms7
  L_Delay_8ms8
  L_Delay_100ms9
  L_Delay_10ms10
  L_Delay_1sec11
  L____Boot_Delay4k12
  L____Boot_Delay8k13
  L____Boot_Delay12k14
  L____Boot_Delay16k15
  L____Boot_Delay24k16
  L____Boot_Delay32k17
  L____Boot_Delay48k18
  L____Boot_Delay64k19
  L____Boot_Delay128k20
  L_Delay_Cyc21
  L_Delay_Cyc22
  L_VDelay_ms23
  L_VDelay_ms24
  L_VDelay_ms25
  L_VDelay_Advanced_ms26
  L_VDelay_Advanced_ms27
  L_VDelay_Advanced_ms28
  _Get_Fosc_kHz
  _Delay_1us
  _Delay_10us
  _Delay_22us
  _Delay_50us
  _Delay_80us
  _Delay_500us
  _Delay_5500us
  _Delay_1ms
  _Delay_5ms
  _Delay_8ms
  _Delay_100ms
  _Delay_10ms
  _Delay_1sec
  ____Boot_Delay4k
  ____Boot_Delay8k
  ____Boot_Delay12k
  ____Boot_Delay16k
  ____Boot_Delay24k
  ____Boot_Delay32k
  ____Boot_Delay48k
  ____Boot_Delay64k
  ____Boot_Delay128k
  _Delay_Cyc
  _VDelay_ms
  L__VDelay_ms29
  L__VDelay_ms30
  L__VDelay_ms31
  _VDelay_Advanced_ms
  L__VDelay_Advanced_ms32
  L__VDelay_Advanced_ms33
  L__VDelay_Advanced_ms34
  L_Lcd_Cmd0
  L_Lcd_Cmd1
  L_Lcd_Out_CP2
  L_Lcd_Out_CP3
  L_Lcd_Chr4
  L_Lcd_Chr5
  L_Lcd_Chr6
  L_Lcd_Chr7
  L_Lcd_Chr8
  L_Lcd_Chr9
  L_Lcd_Chr10
  L_Lcd_Out11
  L_Lcd_Out12
  L_Lcd_Out13
  L_Lcd_Out14
  L_Lcd_Out15
  L_Lcd_Out16
  L_Lcd_Out17
  L_Lcd_Out18
  L_Lcd_Out19
  _Lcd_Cmd
  L__Lcd_Cmd20
  L__Lcd_Cmd21
  L__Lcd_Cmd22
  L__Lcd_Cmd23
  L__Lcd_Cmd24
  L__Lcd_Cmd25
  L__Lcd_Cmd26
  L__Lcd_Cmd27
  L__Lcd_Cmd28
  L__Lcd_Cmd29
  L__Lcd_Cmd30
  L__Lcd_Cmd31
  L__Lcd_Cmd32
  L__Lcd_Cmd33
  L__Lcd_Cmd34
  L__Lcd_Cmd35
  L__Lcd_Cmd36
  L__Lcd_Cmd37
  L__Lcd_Cmd38
  L__Lcd_Cmd39
  _Lcd_Chr_CP
  _Lcd_Out_CP
  _Lcd_Chr
  _Lcd_Init
  _Lcd_Out
  _CC2D_Loop1
  _CC2DL_Loop1
  L_longjmp2
  ___CC2D
  ___CC2DW
  _____DoIFC
  _Swap
  _setjmp
  _longjmp
