;  LST file generated by mikroListExporter - v.2.0 
; Date/Time: 29/10/2017 04:15:57
;----------------------------------------------

;Address Opcode 	ASM
0x0000	0xF003EFE6  	GOTO        1996
0x0004	0x0000      	NOP
0x0006	0x0000      	NOP
0x0008	0xF000EF00  	GOTO        0
0x000C	0x0000      	NOP
0x000E	0x0000      	NOP
0x0010	0x0000      	NOP
0x0012	0x0000      	NOP
0x0014	0x0000      	NOP
0x0016	0x0000      	NOP
0x0018	0xD7F3      	BRA         0
_Delay_5500us:
;__Lib_Delays.c,31 :: 		void Delay_5500us() {
;__Lib_Delays.c,32 :: 		Delay_us(5500);
0x001C	0x0E0F      	MOVLW       15
0x001E	0x6E0C      	MOVWF       R12, 0
0x0020	0x0E47      	MOVLW       71
0x0022	0x6E0D      	MOVWF       R13, 0
L_Delay_5500us5:
0x0024	0x2E0D      	DECFSZ      R13, 1, 0
0x0026	0xD7FE      	BRA         L_Delay_5500us5
0x0028	0x2E0C      	DECFSZ      R12, 1, 0
0x002A	0xD7FC      	BRA         L_Delay_5500us5
0x002C	0x0000      	NOP
0x002E	0x0000      	NOP
;__Lib_Delays.c,33 :: 		}
0x0030	0x0012      	RETURN      0
; end of _Delay_5500us
_Delay_1us:
;__Lib_Delays.c,7 :: 		void Delay_1us() {
;__Lib_Delays.c,8 :: 		Delay_us(1);
0x0032	0x0000      	NOP
0x0034	0x0000      	NOP
;__Lib_Delays.c,9 :: 		}
0x0036	0x0012      	RETURN      0
; end of _Delay_1us
_Delay_50us:
;__Lib_Delays.c,19 :: 		void Delay_50us() {
;__Lib_Delays.c,20 :: 		Delay_us(50);
0x0038	0x0E21      	MOVLW       33
0x003A	0x6E0D      	MOVWF       R13, 0
L_Delay_50us2:
0x003C	0x2E0D      	DECFSZ      R13, 1, 0
0x003E	0xD7FE      	BRA         L_Delay_50us2
;__Lib_Delays.c,21 :: 		}
0x0040	0x0012      	RETURN      0
; end of _Delay_50us
_Lcd_Cmd:
;__Lib_Lcd.c,18 :: 		
;__Lib_Lcd.c,20 :: 		
0x0042	0xBE41      	BTFSC       FARG_Lcd_Cmd_out_char, 7 
0x0044	0xD002      	BRA         L__Lcd_Cmd20
0x0046	0x9E81      	BCF         LCD_D7, BitPos(LCD_D7+0) 
0x0048	0xD001      	BRA         L__Lcd_Cmd21
L__Lcd_Cmd20:
0x004A	0x8E81      	BSF         LCD_D7, BitPos(LCD_D7+0) 
L__Lcd_Cmd21:
;__Lib_Lcd.c,21 :: 		
0x004C	0xBC41      	BTFSC       FARG_Lcd_Cmd_out_char, 6 
0x004E	0xD002      	BRA         L__Lcd_Cmd22
0x0050	0x9C81      	BCF         LCD_D6, BitPos(LCD_D6+0) 
0x0052	0xD001      	BRA         L__Lcd_Cmd23
L__Lcd_Cmd22:
0x0054	0x8C81      	BSF         LCD_D6, BitPos(LCD_D6+0) 
L__Lcd_Cmd23:
;__Lib_Lcd.c,22 :: 		
0x0056	0xBA41      	BTFSC       FARG_Lcd_Cmd_out_char, 5 
0x0058	0xD002      	BRA         L__Lcd_Cmd24
0x005A	0x9A81      	BCF         LCD_D5, BitPos(LCD_D5+0) 
0x005C	0xD001      	BRA         L__Lcd_Cmd25
L__Lcd_Cmd24:
0x005E	0x8A81      	BSF         LCD_D5, BitPos(LCD_D5+0) 
L__Lcd_Cmd25:
;__Lib_Lcd.c,23 :: 		
0x0060	0xB841      	BTFSC       FARG_Lcd_Cmd_out_char, 4 
0x0062	0xD002      	BRA         L__Lcd_Cmd26
0x0064	0x9881      	BCF         LCD_D4, BitPos(LCD_D4+0) 
0x0066	0xD001      	BRA         L__Lcd_Cmd27
L__Lcd_Cmd26:
0x0068	0x8881      	BSF         LCD_D4, BitPos(LCD_D4+0) 
L__Lcd_Cmd27:
;__Lib_Lcd.c,25 :: 		
0x006A	0xB036      	BTFSC       __Lib_Lcd_cmd_status, BitPos(__Lib_Lcd_cmd_status+0) 
0x006C	0xD002      	BRA         L__Lcd_Cmd28
0x006E	0x8681      	BSF         LCD_RS, BitPos(LCD_RS+0) 
0x0070	0xD001      	BRA         L__Lcd_Cmd29
L__Lcd_Cmd28:
0x0072	0x9681      	BCF         LCD_RS, BitPos(LCD_RS+0) 
L__Lcd_Cmd29:
;__Lib_Lcd.c,28 :: 		
0x0074	0x8481      	BSF         LCD_EN, BitPos(LCD_EN+0) 
;__Lib_Lcd.c,29 :: 		
0x0076	0xDFDD      	RCALL       _Delay_1us
;__Lib_Lcd.c,30 :: 		
0x0078	0x9481      	BCF         LCD_EN, BitPos(LCD_EN+0) 
;__Lib_Lcd.c,33 :: 		
0x007A	0xB641      	BTFSC       FARG_Lcd_Cmd_out_char, 3 
0x007C	0xD002      	BRA         L__Lcd_Cmd30
0x007E	0x9E81      	BCF         LCD_D7, BitPos(LCD_D7+0) 
0x0080	0xD001      	BRA         L__Lcd_Cmd31
L__Lcd_Cmd30:
0x0082	0x8E81      	BSF         LCD_D7, BitPos(LCD_D7+0) 
L__Lcd_Cmd31:
;__Lib_Lcd.c,34 :: 		
0x0084	0xB441      	BTFSC       FARG_Lcd_Cmd_out_char, 2 
0x0086	0xD002      	BRA         L__Lcd_Cmd32
0x0088	0x9C81      	BCF         LCD_D6, BitPos(LCD_D6+0) 
0x008A	0xD001      	BRA         L__Lcd_Cmd33
L__Lcd_Cmd32:
0x008C	0x8C81      	BSF         LCD_D6, BitPos(LCD_D6+0) 
L__Lcd_Cmd33:
;__Lib_Lcd.c,35 :: 		
0x008E	0xB241      	BTFSC       FARG_Lcd_Cmd_out_char, 1 
0x0090	0xD002      	BRA         L__Lcd_Cmd34
0x0092	0x9A81      	BCF         LCD_D5, BitPos(LCD_D5+0) 
0x0094	0xD001      	BRA         L__Lcd_Cmd35
L__Lcd_Cmd34:
0x0096	0x8A81      	BSF         LCD_D5, BitPos(LCD_D5+0) 
L__Lcd_Cmd35:
;__Lib_Lcd.c,36 :: 		
0x0098	0xB041      	BTFSC       FARG_Lcd_Cmd_out_char, 0 
0x009A	0xD002      	BRA         L__Lcd_Cmd36
0x009C	0x9881      	BCF         LCD_D4, BitPos(LCD_D4+0) 
0x009E	0xD001      	BRA         L__Lcd_Cmd37
L__Lcd_Cmd36:
0x00A0	0x8881      	BSF         LCD_D4, BitPos(LCD_D4+0) 
L__Lcd_Cmd37:
;__Lib_Lcd.c,38 :: 		
0x00A2	0xB036      	BTFSC       __Lib_Lcd_cmd_status, BitPos(__Lib_Lcd_cmd_status+0) 
0x00A4	0xD002      	BRA         L__Lcd_Cmd38
0x00A6	0x8681      	BSF         LCD_RS, BitPos(LCD_RS+0) 
0x00A8	0xD001      	BRA         L__Lcd_Cmd39
L__Lcd_Cmd38:
0x00AA	0x9681      	BCF         LCD_RS, BitPos(LCD_RS+0) 
L__Lcd_Cmd39:
;__Lib_Lcd.c,40 :: 		
0x00AC	0x8481      	BSF         LCD_EN, BitPos(LCD_EN+0) 
;__Lib_Lcd.c,41 :: 		
0x00AE	0xDFC1      	RCALL       _Delay_1us
;__Lib_Lcd.c,42 :: 		
0x00B0	0x9481      	BCF         LCD_EN, BitPos(LCD_EN+0) 
;__Lib_Lcd.c,44 :: 		
0x00B2	0xA036      	BTFSS       __Lib_Lcd_cmd_status, BitPos(__Lib_Lcd_cmd_status+0) 
0x00B4	0xD002      	BRA         L_Lcd_Cmd0
;__Lib_Lcd.c,45 :: 		
0x00B6	0xDFB2      	RCALL       _Delay_5500us
0x00B8	0xD001      	BRA         L_Lcd_Cmd1
L_Lcd_Cmd0:
;__Lib_Lcd.c,47 :: 		
0x00BA	0xDFBE      	RCALL       _Delay_50us
L_Lcd_Cmd1:
;__Lib_Lcd.c,48 :: 		
0x00BC	0x0012      	RETURN      0
; end of _Lcd_Cmd
_Lcd_Chr_CP:
;__Lib_Lcd.c,50 :: 		
;__Lib_Lcd.c,52 :: 		
0x00BE	0x9036      	BCF         __Lib_Lcd_cmd_status, BitPos(__Lib_Lcd_cmd_status+0) 
;__Lib_Lcd.c,53 :: 		
0x00C0	0xF041C03E  	MOVFF       FARG_Lcd_Chr_CP_out_char, FARG_Lcd_Cmd_out_char
0x00C4	0xDFBE      	RCALL       _Lcd_Cmd
;__Lib_Lcd.c,54 :: 		
0x00C6	0x8036      	BSF         __Lib_Lcd_cmd_status, BitPos(__Lib_Lcd_cmd_status+0) 
;__Lib_Lcd.c,55 :: 		
0x00C8	0x0012      	RETURN      0
; end of _Lcd_Chr_CP
_Lcd_Chr:
;__Lib_Lcd.c,65 :: 		
;__Lib_Lcd.c,66 :: 		
0x00CA	0xD00F      	BRA         L_Lcd_Chr4
;__Lib_Lcd.c,67 :: 		
L_Lcd_Chr6:
0x00CC	0x0E80      	MOVLW       128
0x00CE	0x6E3E      	MOVWF       FARG_Lcd_Chr_row 
0x00D0	0xD019      	BRA         L_Lcd_Chr5
;__Lib_Lcd.c,68 :: 		
L_Lcd_Chr7:
0x00D2	0x0EC0      	MOVLW       192
0x00D4	0x6E3E      	MOVWF       FARG_Lcd_Chr_row 
0x00D6	0xD016      	BRA         L_Lcd_Chr5
;__Lib_Lcd.c,69 :: 		
L_Lcd_Chr8:
0x00D8	0x0E94      	MOVLW       148
0x00DA	0x6E3E      	MOVWF       FARG_Lcd_Chr_row 
0x00DC	0xD013      	BRA         L_Lcd_Chr5
;__Lib_Lcd.c,70 :: 		
L_Lcd_Chr9:
0x00DE	0x0ED4      	MOVLW       212
0x00E0	0x6E3E      	MOVWF       FARG_Lcd_Chr_row 
0x00E2	0xD010      	BRA         L_Lcd_Chr5
;__Lib_Lcd.c,71 :: 		
L_Lcd_Chr10:
0x00E4	0x0E80      	MOVLW       128
0x00E6	0x6E3E      	MOVWF       FARG_Lcd_Chr_row 
;__Lib_Lcd.c,72 :: 		
0x00E8	0xD00D      	BRA         L_Lcd_Chr5
L_Lcd_Chr4:
0x00EA	0x503E      	MOVF        FARG_Lcd_Chr_row, 0 
0x00EC	0x0A01      	XORLW       1
0x00EE	0xE0EE      	BZ          L_Lcd_Chr6
0x00F0	0x503E      	MOVF        FARG_Lcd_Chr_row, 0 
0x00F2	0x0A02      	XORLW       2
0x00F4	0xE0EE      	BZ          L_Lcd_Chr7
0x00F6	0x503E      	MOVF        FARG_Lcd_Chr_row, 0 
0x00F8	0x0A03      	XORLW       3
0x00FA	0xE0EE      	BZ          L_Lcd_Chr8
0x00FC	0x503E      	MOVF        FARG_Lcd_Chr_row, 0 
0x00FE	0x0A04      	XORLW       4
0x0100	0xE0EE      	BZ          L_Lcd_Chr9
0x0102	0xD7F0      	BRA         L_Lcd_Chr10
L_Lcd_Chr5:
;__Lib_Lcd.c,74 :: 		
0x0104	0x043F      	DECF        FARG_Lcd_Chr_column, 0 
0x0106	0x6E00      	MOVWF       R0 
0x0108	0x503E      	MOVF        FARG_Lcd_Chr_row, 0 
0x010A	0x2600      	ADDWF       R0, 1 
0x010C	0xF03EC000  	MOVFF       R0, FARG_Lcd_Chr_row
;__Lib_Lcd.c,76 :: 		
0x0110	0x8036      	BSF         __Lib_Lcd_cmd_status, BitPos(__Lib_Lcd_cmd_status+0) 
;__Lib_Lcd.c,77 :: 		
0x0112	0xF041C000  	MOVFF       R0, FARG_Lcd_Cmd_out_char
0x0116	0xDF95      	RCALL       _Lcd_Cmd
;__Lib_Lcd.c,79 :: 		
0x0118	0x9036      	BCF         __Lib_Lcd_cmd_status, BitPos(__Lib_Lcd_cmd_status+0) 
;__Lib_Lcd.c,80 :: 		
0x011A	0xF041C040  	MOVFF       FARG_Lcd_Chr_out_char, FARG_Lcd_Cmd_out_char
0x011E	0xDF91      	RCALL       _Lcd_Cmd
;__Lib_Lcd.c,81 :: 		
0x0120	0x8036      	BSF         __Lib_Lcd_cmd_status, BitPos(__Lib_Lcd_cmd_status+0) 
;__Lib_Lcd.c,82 :: 		
0x0122	0x0012      	RETURN      0
; end of _Lcd_Chr
_CustomChar:
;LCD keypad.c,20 :: 		void CustomChar(char pos_row, char pos_char) {
;LCD keypad.c,22 :: 		Lcd_Cmd(120);
0x0124	0x0E78      	MOVLW       120
0x0126	0x6E41      	MOVWF       FARG_Lcd_Cmd_out_char 
0x0128	0xDF8C      	RCALL       _Lcd_Cmd
;LCD keypad.c,23 :: 		for (i = 0; i<=7; i++) Lcd_Chr_CP(character[i]);
0x012A	0x6A3B      	CLRF        CustomChar_i_L0 
L_CustomChar0:
0x012C	0x503B      	MOVF        CustomChar_i_L0, 0 
0x012E	0x0807      	SUBLW       7
0x0130	0xE311      	BNC         L_CustomChar1
0x0132	0x0E39      	MOVLW       _character
0x0134	0x243B      	ADDWF       CustomChar_i_L0, 0 
0x0136	0x6EF6      	MOVWF       4086 
0x0138	0x0E09      	MOVLW       hi_addr(_character)
0x013A	0x6EF7      	MOVWF       TBLPTRH 
0x013C	0x0E00      	MOVLW       0
0x013E	0x22F7      	ADDWFC      TBLPTRH, 1 
0x0140	0x0E00      	MOVLW       higher_addr(_character)
0x0142	0x6EF8      	MOVWF       TBLPTRU 
0x0144	0x0E00      	MOVLW       0
0x0146	0x22F8      	ADDWFC      TBLPTRU, 1 
0x0148	0x0009      	TBLRD*+
0x014A	0xF03ECFF5  	MOVFF       TABLAT, FARG_Lcd_Chr_CP_out_char
0x014E	0xDFB7      	RCALL       _Lcd_Chr_CP
0x0150	0x2A3B      	INCF        CustomChar_i_L0, 1 
0x0152	0xD7EC      	BRA         L_CustomChar0
L_CustomChar1:
;LCD keypad.c,24 :: 		Lcd_Cmd(_LCD_RETURN_HOME);
0x0154	0x0E02      	MOVLW       2
0x0156	0x6E41      	MOVWF       FARG_Lcd_Cmd_out_char 
0x0158	0xDF74      	RCALL       _Lcd_Cmd
;LCD keypad.c,25 :: 		Lcd_Chr(pos_row, pos_char, 7);
0x015A	0xF03EC039  	MOVFF       FARG_CustomChar_pos_row, FARG_Lcd_Chr_row
0x015E	0xF03FC03A  	MOVFF       FARG_CustomChar_pos_char, FARG_Lcd_Chr_column
0x0162	0x0E07      	MOVLW       7
0x0164	0x6E40      	MOVWF       FARG_Lcd_Chr_out_char 
0x0166	0xDFB1      	RCALL       _Lcd_Chr
;LCD keypad.c,26 :: 		}
0x0168	0x0012      	RETURN      0
; end of _CustomChar
_Lcd_Out:
;__Lib_Lcd.c,184 :: 		
;__Lib_Lcd.c,187 :: 		
0x016A	0xD00F      	BRA         L_Lcd_Out11
;__Lib_Lcd.c,188 :: 		
L_Lcd_Out13:
0x016C	0x0E80      	MOVLW       128
0x016E	0x6E39      	MOVWF       FARG_Lcd_Out_row 
0x0170	0xD019      	BRA         L_Lcd_Out12
;__Lib_Lcd.c,189 :: 		
L_Lcd_Out14:
0x0172	0x0EC0      	MOVLW       192
0x0174	0x6E39      	MOVWF       FARG_Lcd_Out_row 
0x0176	0xD016      	BRA         L_Lcd_Out12
;__Lib_Lcd.c,190 :: 		
L_Lcd_Out15:
0x0178	0x0E94      	MOVLW       148
0x017A	0x6E39      	MOVWF       FARG_Lcd_Out_row 
0x017C	0xD013      	BRA         L_Lcd_Out12
;__Lib_Lcd.c,191 :: 		
L_Lcd_Out16:
0x017E	0x0ED4      	MOVLW       212
0x0180	0x6E39      	MOVWF       FARG_Lcd_Out_row 
0x0182	0xD010      	BRA         L_Lcd_Out12
;__Lib_Lcd.c,192 :: 		
L_Lcd_Out17:
0x0184	0x0E80      	MOVLW       128
0x0186	0x6E39      	MOVWF       FARG_Lcd_Out_row 
;__Lib_Lcd.c,193 :: 		
0x0188	0xD00D      	BRA         L_Lcd_Out12
L_Lcd_Out11:
0x018A	0x5039      	MOVF        FARG_Lcd_Out_row, 0 
0x018C	0x0A01      	XORLW       1
0x018E	0xE0EE      	BZ          L_Lcd_Out13
0x0190	0x5039      	MOVF        FARG_Lcd_Out_row, 0 
0x0192	0x0A02      	XORLW       2
0x0194	0xE0EE      	BZ          L_Lcd_Out14
0x0196	0x5039      	MOVF        FARG_Lcd_Out_row, 0 
0x0198	0x0A03      	XORLW       3
0x019A	0xE0EE      	BZ          L_Lcd_Out15
0x019C	0x5039      	MOVF        FARG_Lcd_Out_row, 0 
0x019E	0x0A04      	XORLW       4
0x01A0	0xE0EE      	BZ          L_Lcd_Out16
0x01A2	0xD7F0      	BRA         L_Lcd_Out17
L_Lcd_Out12:
;__Lib_Lcd.c,194 :: 		
0x01A4	0x043A      	DECF        FARG_Lcd_Out_column, 0 
0x01A6	0x6E00      	MOVWF       R0 
0x01A8	0x5039      	MOVF        FARG_Lcd_Out_row, 0 
0x01AA	0x2600      	ADDWF       R0, 1 
0x01AC	0xF039C000  	MOVFF       R0, FARG_Lcd_Out_row
;__Lib_Lcd.c,196 :: 		
0x01B0	0xF041C000  	MOVFF       R0, FARG_Lcd_Cmd_out_char
0x01B4	0xDF46      	RCALL       _Lcd_Cmd
;__Lib_Lcd.c,197 :: 		
0x01B6	0x9036      	BCF         __Lib_Lcd_cmd_status, BitPos(__Lib_Lcd_cmd_status+0) 
;__Lib_Lcd.c,198 :: 		
0x01B8	0x6A3D      	CLRF        Lcd_Out_i_L0 
;__Lib_Lcd.c,199 :: 		
L_Lcd_Out18:
0x01BA	0x503D      	MOVF        Lcd_Out_i_L0, 0 
0x01BC	0x243B      	ADDWF       FARG_Lcd_Out_text, 0 
0x01BE	0x6EE9      	MOVWF       FSR0L 
0x01C0	0x0E00      	MOVLW       0
0x01C2	0x203C      	ADDWFC      FARG_Lcd_Out_text+1, 0 
0x01C4	0x6EEA      	MOVWF       FSR0H 
0x01C6	0x52EE      	MOVF        POSTINC0, 1 
0x01C8	0xE00B      	BZ          L_Lcd_Out19
;__Lib_Lcd.c,200 :: 		
0x01CA	0x503D      	MOVF        Lcd_Out_i_L0, 0 
0x01CC	0x243B      	ADDWF       FARG_Lcd_Out_text, 0 
0x01CE	0x6EE9      	MOVWF       FSR0L 
0x01D0	0x0E00      	MOVLW       0
0x01D2	0x203C      	ADDWFC      FARG_Lcd_Out_text+1, 0 
0x01D4	0x6EEA      	MOVWF       FSR0H 
0x01D6	0xF03ECFEE  	MOVFF       POSTINC0, FARG_Lcd_Chr_CP_out_char
0x01DA	0xDF71      	RCALL       _Lcd_Chr_CP
0x01DC	0x2A3D      	INCF        Lcd_Out_i_L0, 1 
0x01DE	0xD7ED      	BRA         L_Lcd_Out18
L_Lcd_Out19:
;__Lib_Lcd.c,201 :: 		
0x01E0	0x8036      	BSF         __Lib_Lcd_cmd_status, BitPos(__Lib_Lcd_cmd_status+0) 
;__Lib_Lcd.c,202 :: 		
0x01E2	0x0012      	RETURN      0
; end of _Lcd_Out
_linhas:
;LCD keypad.c,28 :: 		void linhas(int entrada){
;LCD keypad.c,29 :: 		switch (entrada){
0x01E4	0xD1DC      	BRA         L_linhas3
;LCD keypad.c,30 :: 		case 0b01000001:
L_linhas5:
;LCD keypad.c,31 :: 		if (i==0){
0x01E6	0x0E00      	MOVLW       0
0x01E8	0x182B      	XORWF       _i+1, 0 
0x01EA	0xE102      	BNZ         L__linhas89
0x01EC	0x0E00      	MOVLW       0
0x01EE	0x182A      	XORWF       _i, 0 
L__linhas89:
0x01F0	0xE10E      	BNZ         L_linhas6
;LCD keypad.c,32 :: 		Lcd_Out(2, 3, " ");
0x01F2	0x0E02      	MOVLW       2
0x01F4	0x6E39      	MOVWF       FARG_Lcd_Out_row 
0x01F6	0x0E03      	MOVLW       3
0x01F8	0x6E3A      	MOVWF       FARG_Lcd_Out_column 
0x01FA	0x0E32      	MOVLW       ?lstr2_LCD_32keypad
0x01FC	0x6E3B      	MOVWF       FARG_Lcd_Out_text 
0x01FE	0x0E00      	MOVLW       hi_addr(?lstr2_LCD_32keypad)
0x0200	0x6E3C      	MOVWF       FARG_Lcd_Out_text+1 
0x0202	0xDFB3      	RCALL       _Lcd_Out
;LCD keypad.c,33 :: 		CustomChar(2,4);
0x0204	0x0E02      	MOVLW       2
0x0206	0x6E39      	MOVWF       FARG_CustomChar_pos_row 
0x0208	0x0E04      	MOVLW       4
0x020A	0x6E3A      	MOVWF       FARG_CustomChar_pos_char 
0x020C	0xDF8B      	RCALL       _CustomChar
;LCD keypad.c,34 :: 		}
L_linhas6:
;LCD keypad.c,35 :: 		if (i==1){
0x020E	0x0E00      	MOVLW       0
0x0210	0x182B      	XORWF       _i+1, 0 
0x0212	0xE102      	BNZ         L__linhas90
0x0214	0x0E01      	MOVLW       1
0x0216	0x182A      	XORWF       _i, 0 
L__linhas90:
0x0218	0xE10E      	BNZ         L_linhas7
;LCD keypad.c,36 :: 		Lcd_Out(2, 4, " ");
0x021A	0x0E02      	MOVLW       2
0x021C	0x6E39      	MOVWF       FARG_Lcd_Out_row 
0x021E	0x0E04      	MOVLW       4
0x0220	0x6E3A      	MOVWF       FARG_Lcd_Out_column 
0x0222	0x0E30      	MOVLW       ?lstr3_LCD_32keypad
0x0224	0x6E3B      	MOVWF       FARG_Lcd_Out_text 
0x0226	0x0E00      	MOVLW       hi_addr(?lstr3_LCD_32keypad)
0x0228	0x6E3C      	MOVWF       FARG_Lcd_Out_text+1 
0x022A	0xDF9F      	RCALL       _Lcd_Out
;LCD keypad.c,37 :: 		CustomChar(2,6);
0x022C	0x0E02      	MOVLW       2
0x022E	0x6E39      	MOVWF       FARG_CustomChar_pos_row 
0x0230	0x0E06      	MOVLW       6
0x0232	0x6E3A      	MOVWF       FARG_CustomChar_pos_char 
0x0234	0xDF77      	RCALL       _CustomChar
;LCD keypad.c,38 :: 		}
L_linhas7:
;LCD keypad.c,39 :: 		if (i==2){
0x0236	0x0E00      	MOVLW       0
0x0238	0x182B      	XORWF       _i+1, 0 
0x023A	0xE102      	BNZ         L__linhas91
0x023C	0x0E02      	MOVLW       2
0x023E	0x182A      	XORWF       _i, 0 
L__linhas91:
0x0240	0xE10E      	BNZ         L_linhas8
;LCD keypad.c,40 :: 		Lcd_Out(2, 6, " ");
0x0242	0x0E02      	MOVLW       2
0x0244	0x6E39      	MOVWF       FARG_Lcd_Out_row 
0x0246	0x0E06      	MOVLW       6
0x0248	0x6E3A      	MOVWF       FARG_Lcd_Out_column 
0x024A	0x0E34      	MOVLW       ?lstr4_LCD_32keypad
0x024C	0x6E3B      	MOVWF       FARG_Lcd_Out_text 
0x024E	0x0E00      	MOVLW       hi_addr(?lstr4_LCD_32keypad)
0x0250	0x6E3C      	MOVWF       FARG_Lcd_Out_text+1 
0x0252	0xDF8B      	RCALL       _Lcd_Out
;LCD keypad.c,41 :: 		CustomChar(2,7);
0x0254	0x0E02      	MOVLW       2
0x0256	0x6E39      	MOVWF       FARG_CustomChar_pos_row 
0x0258	0x0E07      	MOVLW       7
0x025A	0x6E3A      	MOVWF       FARG_CustomChar_pos_char 
0x025C	0xDF63      	RCALL       _CustomChar
;LCD keypad.c,42 :: 		}
L_linhas8:
;LCD keypad.c,43 :: 		if (i==3){
0x025E	0x0E00      	MOVLW       0
0x0260	0x182B      	XORWF       _i+1, 0 
0x0262	0xE102      	BNZ         L__linhas92
0x0264	0x0E03      	MOVLW       3
0x0266	0x182A      	XORWF       _i, 0 
L__linhas92:
0x0268	0xE10E      	BNZ         L_linhas9
;LCD keypad.c,44 :: 		Lcd_Out(2, 7, " ");
0x026A	0x0E02      	MOVLW       2
0x026C	0x6E39      	MOVWF       FARG_Lcd_Out_row 
0x026E	0x0E07      	MOVLW       7
0x0270	0x6E3A      	MOVWF       FARG_Lcd_Out_column 
0x0272	0x0E2C      	MOVLW       ?lstr5_LCD_32keypad
0x0274	0x6E3B      	MOVWF       FARG_Lcd_Out_text 
0x0276	0x0E00      	MOVLW       hi_addr(?lstr5_LCD_32keypad)
0x0278	0x6E3C      	MOVWF       FARG_Lcd_Out_text+1 
0x027A	0xDF77      	RCALL       _Lcd_Out
;LCD keypad.c,45 :: 		CustomChar(2,3);
0x027C	0x0E02      	MOVLW       2
0x027E	0x6E39      	MOVWF       FARG_CustomChar_pos_row 
0x0280	0x0E03      	MOVLW       3
0x0282	0x6E3A      	MOVWF       FARG_CustomChar_pos_char 
0x0284	0xDF4F      	RCALL       _CustomChar
;LCD keypad.c,46 :: 		}
L_linhas9:
;LCD keypad.c,47 :: 		Delay_ms(100);
0x0286	0x0E02      	MOVLW       2
0x0288	0x6E0B      	MOVWF       R11, 0
0x028A	0x0E04      	MOVLW       4
0x028C	0x6E0C      	MOVWF       R12, 0
0x028E	0x0EBA      	MOVLW       186
0x0290	0x6E0D      	MOVWF       R13, 0
L_linhas10:
0x0292	0x2E0D      	DECFSZ      R13, 1, 0
0x0294	0xD7FE      	BRA         L_linhas10
0x0296	0x2E0C      	DECFSZ      R12, 1, 0
0x0298	0xD7FC      	BRA         L_linhas10
0x029A	0x2E0B      	DECFSZ      R11, 1, 0
0x029C	0xD7FA      	BRA         L_linhas10
0x029E	0x0000      	NOP
;LCD keypad.c,48 :: 		i++;
0x02A0	0x4A2A      	INFSNZ      _i, 1 
0x02A2	0x2A2B      	INCF        _i+1, 1 
;LCD keypad.c,49 :: 		if (i==4){
0x02A4	0x0E00      	MOVLW       0
0x02A6	0x182B      	XORWF       _i+1, 0 
0x02A8	0xE102      	BNZ         L__linhas93
0x02AA	0x0E04      	MOVLW       4
0x02AC	0x182A      	XORWF       _i, 0 
L__linhas93:
0x02AE	0xE102      	BNZ         L_linhas11
;LCD keypad.c,50 :: 		i = 0;
0x02B0	0x6A2A      	CLRF        _i 
0x02B2	0x6A2B      	CLRF        _i+1 
;LCD keypad.c,51 :: 		}
L_linhas11:
;LCD keypad.c,52 :: 		Delay_ms(100);
0x02B4	0x0E02      	MOVLW       2
0x02B6	0x6E0B      	MOVWF       R11, 0
0x02B8	0x0E04      	MOVLW       4
0x02BA	0x6E0C      	MOVWF       R12, 0
0x02BC	0x0EBA      	MOVLW       186
0x02BE	0x6E0D      	MOVWF       R13, 0
L_linhas12:
0x02C0	0x2E0D      	DECFSZ      R13, 1, 0
0x02C2	0xD7FE      	BRA         L_linhas12
0x02C4	0x2E0C      	DECFSZ      R12, 1, 0
0x02C6	0xD7FC      	BRA         L_linhas12
0x02C8	0x2E0B      	DECFSZ      R11, 1, 0
0x02CA	0xD7FA      	BRA         L_linhas12
0x02CC	0x0000      	NOP
;LCD keypad.c,53 :: 		break;
0x02CE	0xD1BA      	BRA         L_linhas4
;LCD keypad.c,54 :: 		case 0b01000100:
L_linhas13:
;LCD keypad.c,55 :: 		dhor=0;
0x02D0	0x6A19      	CLRF        _dhor 
0x02D2	0x6A1A      	CLRF        _dhor+1 
;LCD keypad.c,56 :: 		uhor=0;
0x02D4	0x6A17      	CLRF        _uhor 
0x02D6	0x6A18      	CLRF        _uhor+1 
;LCD keypad.c,57 :: 		dmin=0;
0x02D8	0x6A15      	CLRF        _dmin 
0x02DA	0x6A16      	CLRF        _dmin+1 
;LCD keypad.c,58 :: 		umin=0;
0x02DC	0x6A1B      	CLRF        _umin 
0x02DE	0x6A1C      	CLRF        _umin+1 
;LCD keypad.c,59 :: 		dsec=0;
0x02E0	0x6A1F      	CLRF        _dsec 
0x02E2	0x6A20      	CLRF        _dsec+1 
;LCD keypad.c,60 :: 		usec=0;
0x02E4	0x6A1D      	CLRF        _usec 
0x02E6	0x6A1E      	CLRF        _usec+1 
;LCD keypad.c,61 :: 		break;
0x02E8	0xD1AD      	BRA         L_linhas4
;LCD keypad.c,62 :: 		case 0b01000010:
L_linhas14:
;LCD keypad.c,63 :: 		if (i==0){
0x02EA	0x0E00      	MOVLW       0
0x02EC	0x182B      	XORWF       _i+1, 0 
0x02EE	0xE102      	BNZ         L__linhas94
0x02F0	0x0E00      	MOVLW       0
0x02F2	0x182A      	XORWF       _i, 0 
L__linhas94:
0x02F4	0xE102      	BNZ         L_linhas15
;LCD keypad.c,64 :: 		dhor = 0;
0x02F6	0x6A19      	CLRF        _dhor 
0x02F8	0x6A1A      	CLRF        _dhor+1 
;LCD keypad.c,65 :: 		}
L_linhas15:
;LCD keypad.c,66 :: 		if (i==1){
0x02FA	0x0E00      	MOVLW       0
0x02FC	0x182B      	XORWF       _i+1, 0 
0x02FE	0xE102      	BNZ         L__linhas95
0x0300	0x0E01      	MOVLW       1
0x0302	0x182A      	XORWF       _i, 0 
L__linhas95:
0x0304	0xE102      	BNZ         L_linhas16
;LCD keypad.c,67 :: 		uhor = 0;
0x0306	0x6A17      	CLRF        _uhor 
0x0308	0x6A18      	CLRF        _uhor+1 
;LCD keypad.c,68 :: 		}
L_linhas16:
;LCD keypad.c,69 :: 		if (i==2){
0x030A	0x0E00      	MOVLW       0
0x030C	0x182B      	XORWF       _i+1, 0 
0x030E	0xE102      	BNZ         L__linhas96
0x0310	0x0E02      	MOVLW       2
0x0312	0x182A      	XORWF       _i, 0 
L__linhas96:
0x0314	0xE102      	BNZ         L_linhas17
;LCD keypad.c,70 :: 		dmin = 0;
0x0316	0x6A15      	CLRF        _dmin 
0x0318	0x6A16      	CLRF        _dmin+1 
;LCD keypad.c,71 :: 		}
L_linhas17:
;LCD keypad.c,72 :: 		if (i==3){
0x031A	0x0E00      	MOVLW       0
0x031C	0x182B      	XORWF       _i+1, 0 
0x031E	0xE102      	BNZ         L__linhas97
0x0320	0x0E03      	MOVLW       3
0x0322	0x182A      	XORWF       _i, 0 
L__linhas97:
0x0324	0xE102      	BNZ         L_linhas18
;LCD keypad.c,73 :: 		umin = 0;
0x0326	0x6A1B      	CLRF        _umin 
0x0328	0x6A1C      	CLRF        _umin+1 
;LCD keypad.c,74 :: 		}
L_linhas18:
;LCD keypad.c,75 :: 		break;
0x032A	0xD18C      	BRA         L_linhas4
;LCD keypad.c,76 :: 		case 0b00001001:
L_linhas19:
;LCD keypad.c,78 :: 		if (i==0){
0x032C	0x0E00      	MOVLW       0
0x032E	0x182B      	XORWF       _i+1, 0 
0x0330	0xE102      	BNZ         L__linhas98
0x0332	0x0E00      	MOVLW       0
0x0334	0x182A      	XORWF       _i, 0 
L__linhas98:
0x0336	0xE104      	BNZ         L_linhas20
;LCD keypad.c,79 :: 		dhor = 1;
0x0338	0x0E01      	MOVLW       1
0x033A	0x6E19      	MOVWF       _dhor 
0x033C	0x0E00      	MOVLW       0
0x033E	0x6E1A      	MOVWF       _dhor+1 
;LCD keypad.c,80 :: 		}
L_linhas20:
;LCD keypad.c,81 :: 		if (i==1){
0x0340	0x0E00      	MOVLW       0
0x0342	0x182B      	XORWF       _i+1, 0 
0x0344	0xE102      	BNZ         L__linhas99
0x0346	0x0E01      	MOVLW       1
0x0348	0x182A      	XORWF       _i, 0 
L__linhas99:
0x034A	0xE104      	BNZ         L_linhas21
;LCD keypad.c,82 :: 		uhor = 1;
0x034C	0x0E01      	MOVLW       1
0x034E	0x6E17      	MOVWF       _uhor 
0x0350	0x0E00      	MOVLW       0
0x0352	0x6E18      	MOVWF       _uhor+1 
;LCD keypad.c,83 :: 		}
L_linhas21:
;LCD keypad.c,84 :: 		if (i==2){
0x0354	0x0E00      	MOVLW       0
0x0356	0x182B      	XORWF       _i+1, 0 
0x0358	0xE102      	BNZ         L__linhas100
0x035A	0x0E02      	MOVLW       2
0x035C	0x182A      	XORWF       _i, 0 
L__linhas100:
0x035E	0xE104      	BNZ         L_linhas22
;LCD keypad.c,85 :: 		dmin = 1;
0x0360	0x0E01      	MOVLW       1
0x0362	0x6E15      	MOVWF       _dmin 
0x0364	0x0E00      	MOVLW       0
0x0366	0x6E16      	MOVWF       _dmin+1 
;LCD keypad.c,86 :: 		}
L_linhas22:
;LCD keypad.c,87 :: 		if (i==3){
0x0368	0x0E00      	MOVLW       0
0x036A	0x182B      	XORWF       _i+1, 0 
0x036C	0xE102      	BNZ         L__linhas101
0x036E	0x0E03      	MOVLW       3
0x0370	0x182A      	XORWF       _i, 0 
L__linhas101:
0x0372	0xE104      	BNZ         L_linhas23
;LCD keypad.c,88 :: 		umin = 1;
0x0374	0x0E01      	MOVLW       1
0x0376	0x6E1B      	MOVWF       _umin 
0x0378	0x0E00      	MOVLW       0
0x037A	0x6E1C      	MOVWF       _umin+1 
;LCD keypad.c,89 :: 		}
L_linhas23:
;LCD keypad.c,90 :: 		break;
0x037C	0xD163      	BRA         L_linhas4
;LCD keypad.c,91 :: 		case 0b00001010:
L_linhas24:
;LCD keypad.c,92 :: 		if (i==0){
0x037E	0x0E00      	MOVLW       0
0x0380	0x182B      	XORWF       _i+1, 0 
0x0382	0xE102      	BNZ         L__linhas102
0x0384	0x0E00      	MOVLW       0
0x0386	0x182A      	XORWF       _i, 0 
L__linhas102:
0x0388	0xE104      	BNZ         L_linhas25
;LCD keypad.c,93 :: 		dhor = 2;
0x038A	0x0E02      	MOVLW       2
0x038C	0x6E19      	MOVWF       _dhor 
0x038E	0x0E00      	MOVLW       0
0x0390	0x6E1A      	MOVWF       _dhor+1 
;LCD keypad.c,94 :: 		}
L_linhas25:
;LCD keypad.c,95 :: 		if (i==1){
0x0392	0x0E00      	MOVLW       0
0x0394	0x182B      	XORWF       _i+1, 0 
0x0396	0xE102      	BNZ         L__linhas103
0x0398	0x0E01      	MOVLW       1
0x039A	0x182A      	XORWF       _i, 0 
L__linhas103:
0x039C	0xE104      	BNZ         L_linhas26
;LCD keypad.c,96 :: 		uhor = 2;
0x039E	0x0E02      	MOVLW       2
0x03A0	0x6E17      	MOVWF       _uhor 
0x03A2	0x0E00      	MOVLW       0
0x03A4	0x6E18      	MOVWF       _uhor+1 
;LCD keypad.c,97 :: 		}
L_linhas26:
;LCD keypad.c,98 :: 		if (i==2){
0x03A6	0x0E00      	MOVLW       0
0x03A8	0x182B      	XORWF       _i+1, 0 
0x03AA	0xE102      	BNZ         L__linhas104
0x03AC	0x0E02      	MOVLW       2
0x03AE	0x182A      	XORWF       _i, 0 
L__linhas104:
0x03B0	0xE104      	BNZ         L_linhas27
;LCD keypad.c,99 :: 		dmin = 2;
0x03B2	0x0E02      	MOVLW       2
0x03B4	0x6E15      	MOVWF       _dmin 
0x03B6	0x0E00      	MOVLW       0
0x03B8	0x6E16      	MOVWF       _dmin+1 
;LCD keypad.c,100 :: 		}
L_linhas27:
;LCD keypad.c,101 :: 		if (i==3){
0x03BA	0x0E00      	MOVLW       0
0x03BC	0x182B      	XORWF       _i+1, 0 
0x03BE	0xE102      	BNZ         L__linhas105
0x03C0	0x0E03      	MOVLW       3
0x03C2	0x182A      	XORWF       _i, 0 
L__linhas105:
0x03C4	0xE104      	BNZ         L_linhas28
;LCD keypad.c,102 :: 		umin = 2;
0x03C6	0x0E02      	MOVLW       2
0x03C8	0x6E1B      	MOVWF       _umin 
0x03CA	0x0E00      	MOVLW       0
0x03CC	0x6E1C      	MOVWF       _umin+1 
;LCD keypad.c,103 :: 		}
L_linhas28:
;LCD keypad.c,104 :: 		break;
0x03CE	0xD13A      	BRA         L_linhas4
;LCD keypad.c,105 :: 		case 0b00001100:
L_linhas29:
;LCD keypad.c,106 :: 		if (i==1){
0x03D0	0x0E00      	MOVLW       0
0x03D2	0x182B      	XORWF       _i+1, 0 
0x03D4	0xE102      	BNZ         L__linhas106
0x03D6	0x0E01      	MOVLW       1
0x03D8	0x182A      	XORWF       _i, 0 
L__linhas106:
0x03DA	0xE104      	BNZ         L_linhas30
;LCD keypad.c,107 :: 		uhor = 3;
0x03DC	0x0E03      	MOVLW       3
0x03DE	0x6E17      	MOVWF       _uhor 
0x03E0	0x0E00      	MOVLW       0
0x03E2	0x6E18      	MOVWF       _uhor+1 
;LCD keypad.c,108 :: 		}
L_linhas30:
;LCD keypad.c,109 :: 		if (i==2){
0x03E4	0x0E00      	MOVLW       0
0x03E6	0x182B      	XORWF       _i+1, 0 
0x03E8	0xE102      	BNZ         L__linhas107
0x03EA	0x0E02      	MOVLW       2
0x03EC	0x182A      	XORWF       _i, 0 
L__linhas107:
0x03EE	0xE104      	BNZ         L_linhas31
;LCD keypad.c,110 :: 		dmin = 3;
0x03F0	0x0E03      	MOVLW       3
0x03F2	0x6E15      	MOVWF       _dmin 
0x03F4	0x0E00      	MOVLW       0
0x03F6	0x6E16      	MOVWF       _dmin+1 
;LCD keypad.c,111 :: 		}
L_linhas31:
;LCD keypad.c,112 :: 		if (i==3){
0x03F8	0x0E00      	MOVLW       0
0x03FA	0x182B      	XORWF       _i+1, 0 
0x03FC	0xE102      	BNZ         L__linhas108
0x03FE	0x0E03      	MOVLW       3
0x0400	0x182A      	XORWF       _i, 0 
L__linhas108:
0x0402	0xE104      	BNZ         L_linhas32
;LCD keypad.c,113 :: 		umin = 3;
0x0404	0x0E03      	MOVLW       3
0x0406	0x6E1B      	MOVWF       _umin 
0x0408	0x0E00      	MOVLW       0
0x040A	0x6E1C      	MOVWF       _umin+1 
;LCD keypad.c,114 :: 		}
L_linhas32:
;LCD keypad.c,115 :: 		break;
0x040C	0xD11B      	BRA         L_linhas4
;LCD keypad.c,116 :: 		case 0b00010001:
L_linhas33:
;LCD keypad.c,117 :: 		if (i==1 && dhor<=1){
0x040E	0x0E00      	MOVLW       0
0x0410	0x182B      	XORWF       _i+1, 0 
0x0412	0xE102      	BNZ         L__linhas109
0x0414	0x0E01      	MOVLW       1
0x0416	0x182A      	XORWF       _i, 0 
L__linhas109:
0x0418	0xE10D      	BNZ         L_linhas36
0x041A	0x0E80      	MOVLW       128
0x041C	0x6E00      	MOVWF       R0 
0x041E	0x0E80      	MOVLW       128
0x0420	0x181A      	XORWF       _dhor+1, 0 
0x0422	0x5C00      	SUBWF       R0, 0 
0x0424	0xE102      	BNZ         L__linhas110
0x0426	0x5019      	MOVF        _dhor, 0 
0x0428	0x0801      	SUBLW       1
L__linhas110:
0x042A	0xE304      	BNC         L_linhas36
L__linhas86:
;LCD keypad.c,118 :: 		uhor = 4;
0x042C	0x0E04      	MOVLW       4
0x042E	0x6E17      	MOVWF       _uhor 
0x0430	0x0E00      	MOVLW       0
0x0432	0x6E18      	MOVWF       _uhor+1 
;LCD keypad.c,119 :: 		}
L_linhas36:
;LCD keypad.c,120 :: 		if (i==2){
0x0434	0x0E00      	MOVLW       0
0x0436	0x182B      	XORWF       _i+1, 0 
0x0438	0xE102      	BNZ         L__linhas111
0x043A	0x0E02      	MOVLW       2
0x043C	0x182A      	XORWF       _i, 0 
L__linhas111:
0x043E	0xE104      	BNZ         L_linhas37
;LCD keypad.c,121 :: 		dmin = 4;
0x0440	0x0E04      	MOVLW       4
0x0442	0x6E15      	MOVWF       _dmin 
0x0444	0x0E00      	MOVLW       0
0x0446	0x6E16      	MOVWF       _dmin+1 
;LCD keypad.c,122 :: 		}
L_linhas37:
;LCD keypad.c,123 :: 		if (i==3){
0x0448	0x0E00      	MOVLW       0
0x044A	0x182B      	XORWF       _i+1, 0 
0x044C	0xE102      	BNZ         L__linhas112
0x044E	0x0E03      	MOVLW       3
0x0450	0x182A      	XORWF       _i, 0 
L__linhas112:
0x0452	0xE104      	BNZ         L_linhas38
;LCD keypad.c,124 :: 		umin = 4;
0x0454	0x0E04      	MOVLW       4
0x0456	0x6E1B      	MOVWF       _umin 
0x0458	0x0E00      	MOVLW       0
0x045A	0x6E1C      	MOVWF       _umin+1 
;LCD keypad.c,125 :: 		}
L_linhas38:
;LCD keypad.c,126 :: 		break;
0x045C	0xD0F3      	BRA         L_linhas4
;LCD keypad.c,127 :: 		case 0b00010010:
L_linhas39:
;LCD keypad.c,128 :: 		if (i==1 && dhor<=1){
0x045E	0x0E00      	MOVLW       0
0x0460	0x182B      	XORWF       _i+1, 0 
0x0462	0xE102      	BNZ         L__linhas113
0x0464	0x0E01      	MOVLW       1
0x0466	0x182A      	XORWF       _i, 0 
L__linhas113:
0x0468	0xE10D      	BNZ         L_linhas42
0x046A	0x0E80      	MOVLW       128
0x046C	0x6E00      	MOVWF       R0 
0x046E	0x0E80      	MOVLW       128
0x0470	0x181A      	XORWF       _dhor+1, 0 
0x0472	0x5C00      	SUBWF       R0, 0 
0x0474	0xE102      	BNZ         L__linhas114
0x0476	0x5019      	MOVF        _dhor, 0 
0x0478	0x0801      	SUBLW       1
L__linhas114:
0x047A	0xE304      	BNC         L_linhas42
L__linhas85:
;LCD keypad.c,129 :: 		uhor = 5;
0x047C	0x0E05      	MOVLW       5
0x047E	0x6E17      	MOVWF       _uhor 
0x0480	0x0E00      	MOVLW       0
0x0482	0x6E18      	MOVWF       _uhor+1 
;LCD keypad.c,130 :: 		}
L_linhas42:
;LCD keypad.c,131 :: 		if (i==2){
0x0484	0x0E00      	MOVLW       0
0x0486	0x182B      	XORWF       _i+1, 0 
0x0488	0xE102      	BNZ         L__linhas115
0x048A	0x0E02      	MOVLW       2
0x048C	0x182A      	XORWF       _i, 0 
L__linhas115:
0x048E	0xE104      	BNZ         L_linhas43
;LCD keypad.c,132 :: 		dmin = 5;
0x0490	0x0E05      	MOVLW       5
0x0492	0x6E15      	MOVWF       _dmin 
0x0494	0x0E00      	MOVLW       0
0x0496	0x6E16      	MOVWF       _dmin+1 
;LCD keypad.c,133 :: 		}
L_linhas43:
;LCD keypad.c,134 :: 		if (i==3){
0x0498	0x0E00      	MOVLW       0
0x049A	0x182B      	XORWF       _i+1, 0 
0x049C	0xE102      	BNZ         L__linhas116
0x049E	0x0E03      	MOVLW       3
0x04A0	0x182A      	XORWF       _i, 0 
L__linhas116:
0x04A2	0xE104      	BNZ         L_linhas44
;LCD keypad.c,135 :: 		umin = 5;
0x04A4	0x0E05      	MOVLW       5
0x04A6	0x6E1B      	MOVWF       _umin 
0x04A8	0x0E00      	MOVLW       0
0x04AA	0x6E1C      	MOVWF       _umin+1 
;LCD keypad.c,136 :: 		}
L_linhas44:
;LCD keypad.c,137 :: 		break;
0x04AC	0xD0CB      	BRA         L_linhas4
;LCD keypad.c,138 :: 		case 0b00010100:
L_linhas45:
;LCD keypad.c,139 :: 		if (i==1 && dhor<=1){
0x04AE	0x0E00      	MOVLW       0
0x04B0	0x182B      	XORWF       _i+1, 0 
0x04B2	0xE102      	BNZ         L__linhas117
0x04B4	0x0E01      	MOVLW       1
0x04B6	0x182A      	XORWF       _i, 0 
L__linhas117:
0x04B8	0xE10D      	BNZ         L_linhas48
0x04BA	0x0E80      	MOVLW       128
0x04BC	0x6E00      	MOVWF       R0 
0x04BE	0x0E80      	MOVLW       128
0x04C0	0x181A      	XORWF       _dhor+1, 0 
0x04C2	0x5C00      	SUBWF       R0, 0 
0x04C4	0xE102      	BNZ         L__linhas118
0x04C6	0x5019      	MOVF        _dhor, 0 
0x04C8	0x0801      	SUBLW       1
L__linhas118:
0x04CA	0xE304      	BNC         L_linhas48
L__linhas84:
;LCD keypad.c,140 :: 		uhor = 6;
0x04CC	0x0E06      	MOVLW       6
0x04CE	0x6E17      	MOVWF       _uhor 
0x04D0	0x0E00      	MOVLW       0
0x04D2	0x6E18      	MOVWF       _uhor+1 
;LCD keypad.c,141 :: 		}
L_linhas48:
;LCD keypad.c,142 :: 		if (i==3){
0x04D4	0x0E00      	MOVLW       0
0x04D6	0x182B      	XORWF       _i+1, 0 
0x04D8	0xE102      	BNZ         L__linhas119
0x04DA	0x0E03      	MOVLW       3
0x04DC	0x182A      	XORWF       _i, 0 
L__linhas119:
0x04DE	0xE104      	BNZ         L_linhas49
;LCD keypad.c,143 :: 		umin = 6;
0x04E0	0x0E06      	MOVLW       6
0x04E2	0x6E1B      	MOVWF       _umin 
0x04E4	0x0E00      	MOVLW       0
0x04E6	0x6E1C      	MOVWF       _umin+1 
;LCD keypad.c,144 :: 		}
L_linhas49:
;LCD keypad.c,145 :: 		break;
0x04E8	0xD0AD      	BRA         L_linhas4
;LCD keypad.c,146 :: 		case 0b00100001:
L_linhas50:
;LCD keypad.c,147 :: 		if (i==1 && dhor<=1){
0x04EA	0x0E00      	MOVLW       0
0x04EC	0x182B      	XORWF       _i+1, 0 
0x04EE	0xE102      	BNZ         L__linhas120
0x04F0	0x0E01      	MOVLW       1
0x04F2	0x182A      	XORWF       _i, 0 
L__linhas120:
0x04F4	0xE10D      	BNZ         L_linhas53
0x04F6	0x0E80      	MOVLW       128
0x04F8	0x6E00      	MOVWF       R0 
0x04FA	0x0E80      	MOVLW       128
0x04FC	0x181A      	XORWF       _dhor+1, 0 
0x04FE	0x5C00      	SUBWF       R0, 0 
0x0500	0xE102      	BNZ         L__linhas121
0x0502	0x5019      	MOVF        _dhor, 0 
0x0504	0x0801      	SUBLW       1
L__linhas121:
0x0506	0xE304      	BNC         L_linhas53
L__linhas83:
;LCD keypad.c,148 :: 		uhor = 7;
0x0508	0x0E07      	MOVLW       7
0x050A	0x6E17      	MOVWF       _uhor 
0x050C	0x0E00      	MOVLW       0
0x050E	0x6E18      	MOVWF       _uhor+1 
;LCD keypad.c,149 :: 		}
L_linhas53:
;LCD keypad.c,150 :: 		if (i==3){
0x0510	0x0E00      	MOVLW       0
0x0512	0x182B      	XORWF       _i+1, 0 
0x0514	0xE102      	BNZ         L__linhas122
0x0516	0x0E03      	MOVLW       3
0x0518	0x182A      	XORWF       _i, 0 
L__linhas122:
0x051A	0xE104      	BNZ         L_linhas54
;LCD keypad.c,151 :: 		umin = 7;
0x051C	0x0E07      	MOVLW       7
0x051E	0x6E1B      	MOVWF       _umin 
0x0520	0x0E00      	MOVLW       0
0x0522	0x6E1C      	MOVWF       _umin+1 
;LCD keypad.c,152 :: 		}
L_linhas54:
;LCD keypad.c,153 :: 		break;
0x0524	0xD08F      	BRA         L_linhas4
;LCD keypad.c,154 :: 		case 0b00100010:
L_linhas55:
;LCD keypad.c,155 :: 		if (i==1 && dhor<=1){
0x0526	0x0E00      	MOVLW       0
0x0528	0x182B      	XORWF       _i+1, 0 
0x052A	0xE102      	BNZ         L__linhas123
0x052C	0x0E01      	MOVLW       1
0x052E	0x182A      	XORWF       _i, 0 
L__linhas123:
0x0530	0xE10D      	BNZ         L_linhas58
0x0532	0x0E80      	MOVLW       128
0x0534	0x6E00      	MOVWF       R0 
0x0536	0x0E80      	MOVLW       128
0x0538	0x181A      	XORWF       _dhor+1, 0 
0x053A	0x5C00      	SUBWF       R0, 0 
0x053C	0xE102      	BNZ         L__linhas124
0x053E	0x5019      	MOVF        _dhor, 0 
0x0540	0x0801      	SUBLW       1
L__linhas124:
0x0542	0xE304      	BNC         L_linhas58
L__linhas82:
;LCD keypad.c,156 :: 		uhor = 8;
0x0544	0x0E08      	MOVLW       8
0x0546	0x6E17      	MOVWF       _uhor 
0x0548	0x0E00      	MOVLW       0
0x054A	0x6E18      	MOVWF       _uhor+1 
;LCD keypad.c,157 :: 		}
L_linhas58:
;LCD keypad.c,158 :: 		if (i==3){
0x054C	0x0E00      	MOVLW       0
0x054E	0x182B      	XORWF       _i+1, 0 
0x0550	0xE102      	BNZ         L__linhas125
0x0552	0x0E03      	MOVLW       3
0x0554	0x182A      	XORWF       _i, 0 
L__linhas125:
0x0556	0xE104      	BNZ         L_linhas59
;LCD keypad.c,159 :: 		umin = 8;
0x0558	0x0E08      	MOVLW       8
0x055A	0x6E1B      	MOVWF       _umin 
0x055C	0x0E00      	MOVLW       0
0x055E	0x6E1C      	MOVWF       _umin+1 
;LCD keypad.c,160 :: 		}
L_linhas59:
;LCD keypad.c,161 :: 		break;
0x0560	0xD071      	BRA         L_linhas4
;LCD keypad.c,162 :: 		case 0b00100100:
L_linhas60:
;LCD keypad.c,163 :: 		if (i==1 && dhor<=1){
0x0562	0x0E00      	MOVLW       0
0x0564	0x182B      	XORWF       _i+1, 0 
0x0566	0xE102      	BNZ         L__linhas126
0x0568	0x0E01      	MOVLW       1
0x056A	0x182A      	XORWF       _i, 0 
L__linhas126:
0x056C	0xE10D      	BNZ         L_linhas63
0x056E	0x0E80      	MOVLW       128
0x0570	0x6E00      	MOVWF       R0 
0x0572	0x0E80      	MOVLW       128
0x0574	0x181A      	XORWF       _dhor+1, 0 
0x0576	0x5C00      	SUBWF       R0, 0 
0x0578	0xE102      	BNZ         L__linhas127
0x057A	0x5019      	MOVF        _dhor, 0 
0x057C	0x0801      	SUBLW       1
L__linhas127:
0x057E	0xE304      	BNC         L_linhas63
L__linhas81:
;LCD keypad.c,164 :: 		uhor = 9;
0x0580	0x0E09      	MOVLW       9
0x0582	0x6E17      	MOVWF       _uhor 
0x0584	0x0E00      	MOVLW       0
0x0586	0x6E18      	MOVWF       _uhor+1 
;LCD keypad.c,165 :: 		}
L_linhas63:
;LCD keypad.c,166 :: 		if (i==3){
0x0588	0x0E00      	MOVLW       0
0x058A	0x182B      	XORWF       _i+1, 0 
0x058C	0xE102      	BNZ         L__linhas128
0x058E	0x0E03      	MOVLW       3
0x0590	0x182A      	XORWF       _i, 0 
L__linhas128:
0x0592	0xE104      	BNZ         L_linhas64
;LCD keypad.c,167 :: 		umin = 9;
0x0594	0x0E09      	MOVLW       9
0x0596	0x6E1B      	MOVWF       _umin 
0x0598	0x0E00      	MOVLW       0
0x059A	0x6E1C      	MOVWF       _umin+1 
;LCD keypad.c,168 :: 		}
L_linhas64:
;LCD keypad.c,169 :: 		break;
0x059C	0xD053      	BRA         L_linhas4
;LCD keypad.c,170 :: 		}
L_linhas3:
0x059E	0x0E00      	MOVLW       0
0x05A0	0x1838      	XORWF       FARG_linhas_entrada+1, 0 
0x05A2	0xE102      	BNZ         L__linhas129
0x05A4	0x0E41      	MOVLW       65
0x05A6	0x1837      	XORWF       FARG_linhas_entrada, 0 
L__linhas129:
0x05A8	0xB4D8      	BTFSC       STATUS, 2 
0x05AA	0xD61D      	BRA         L_linhas5
0x05AC	0x0E00      	MOVLW       0
0x05AE	0x1838      	XORWF       FARG_linhas_entrada+1, 0 
0x05B0	0xE102      	BNZ         L__linhas130
0x05B2	0x0E44      	MOVLW       68
0x05B4	0x1837      	XORWF       FARG_linhas_entrada, 0 
L__linhas130:
0x05B6	0xB4D8      	BTFSC       STATUS, 2 
0x05B8	0xD68B      	BRA         L_linhas13
0x05BA	0x0E00      	MOVLW       0
0x05BC	0x1838      	XORWF       FARG_linhas_entrada+1, 0 
0x05BE	0xE102      	BNZ         L__linhas131
0x05C0	0x0E42      	MOVLW       66
0x05C2	0x1837      	XORWF       FARG_linhas_entrada, 0 
L__linhas131:
0x05C4	0xB4D8      	BTFSC       STATUS, 2 
0x05C6	0xD691      	BRA         L_linhas14
0x05C8	0x0E00      	MOVLW       0
0x05CA	0x1838      	XORWF       FARG_linhas_entrada+1, 0 
0x05CC	0xE102      	BNZ         L__linhas132
0x05CE	0x0E09      	MOVLW       9
0x05D0	0x1837      	XORWF       FARG_linhas_entrada, 0 
L__linhas132:
0x05D2	0xB4D8      	BTFSC       STATUS, 2 
0x05D4	0xD6AB      	BRA         L_linhas19
0x05D6	0x0E00      	MOVLW       0
0x05D8	0x1838      	XORWF       FARG_linhas_entrada+1, 0 
0x05DA	0xE102      	BNZ         L__linhas133
0x05DC	0x0E0A      	MOVLW       10
0x05DE	0x1837      	XORWF       FARG_linhas_entrada, 0 
L__linhas133:
0x05E0	0xB4D8      	BTFSC       STATUS, 2 
0x05E2	0xD6CD      	BRA         L_linhas24
0x05E4	0x0E00      	MOVLW       0
0x05E6	0x1838      	XORWF       FARG_linhas_entrada+1, 0 
0x05E8	0xE102      	BNZ         L__linhas134
0x05EA	0x0E0C      	MOVLW       12
0x05EC	0x1837      	XORWF       FARG_linhas_entrada, 0 
L__linhas134:
0x05EE	0xB4D8      	BTFSC       STATUS, 2 
0x05F0	0xD6EF      	BRA         L_linhas29
0x05F2	0x0E00      	MOVLW       0
0x05F4	0x1838      	XORWF       FARG_linhas_entrada+1, 0 
0x05F6	0xE102      	BNZ         L__linhas135
0x05F8	0x0E11      	MOVLW       17
0x05FA	0x1837      	XORWF       FARG_linhas_entrada, 0 
L__linhas135:
0x05FC	0xB4D8      	BTFSC       STATUS, 2 
0x05FE	0xD707      	BRA         L_linhas33
0x0600	0x0E00      	MOVLW       0
0x0602	0x1838      	XORWF       FARG_linhas_entrada+1, 0 
0x0604	0xE102      	BNZ         L__linhas136
0x0606	0x0E12      	MOVLW       18
0x0608	0x1837      	XORWF       FARG_linhas_entrada, 0 
L__linhas136:
0x060A	0xB4D8      	BTFSC       STATUS, 2 
0x060C	0xD728      	BRA         L_linhas39
0x060E	0x0E00      	MOVLW       0
0x0610	0x1838      	XORWF       FARG_linhas_entrada+1, 0 
0x0612	0xE102      	BNZ         L__linhas137
0x0614	0x0E14      	MOVLW       20
0x0616	0x1837      	XORWF       FARG_linhas_entrada, 0 
L__linhas137:
0x0618	0xB4D8      	BTFSC       STATUS, 2 
0x061A	0xD749      	BRA         L_linhas45
0x061C	0x0E00      	MOVLW       0
0x061E	0x1838      	XORWF       FARG_linhas_entrada+1, 0 
0x0620	0xE102      	BNZ         L__linhas138
0x0622	0x0E21      	MOVLW       33
0x0624	0x1837      	XORWF       FARG_linhas_entrada, 0 
L__linhas138:
0x0626	0xB4D8      	BTFSC       STATUS, 2 
0x0628	0xD760      	BRA         L_linhas50
0x062A	0x0E00      	MOVLW       0
0x062C	0x1838      	XORWF       FARG_linhas_entrada+1, 0 
0x062E	0xE102      	BNZ         L__linhas139
0x0630	0x0E22      	MOVLW       34
0x0632	0x1837      	XORWF       FARG_linhas_entrada, 0 
L__linhas139:
0x0634	0xB4D8      	BTFSC       STATUS, 2 
0x0636	0xD777      	BRA         L_linhas55
0x0638	0x0E00      	MOVLW       0
0x063A	0x1838      	XORWF       FARG_linhas_entrada+1, 0 
0x063C	0xE102      	BNZ         L__linhas140
0x063E	0x0E24      	MOVLW       36
0x0640	0x1837      	XORWF       FARG_linhas_entrada, 0 
L__linhas140:
0x0642	0xE08F      	BZ          L_linhas60
L_linhas4:
;LCD keypad.c,171 :: 		}
0x0644	0x0012      	RETURN      0
; end of _linhas
_Lcd_Init:
;__Lib_Lcd.c,84 :: 		
;__Lib_Lcd.c,86 :: 		
0x0646	0x9493      	BCF         LCD_EN_Direction, BitPos(LCD_EN_Direction+0) 
;__Lib_Lcd.c,87 :: 		
0x0648	0x9693      	BCF         LCD_RS_Direction, BitPos(LCD_RS_Direction+0) 
;__Lib_Lcd.c,88 :: 		
0x064A	0x9893      	BCF         LCD_D4_Direction, BitPos(LCD_D4_Direction+0) 
;__Lib_Lcd.c,89 :: 		
0x064C	0x9A93      	BCF         LCD_D5_Direction, BitPos(LCD_D5_Direction+0) 
;__Lib_Lcd.c,90 :: 		
0x064E	0x9C93      	BCF         LCD_D6_Direction, BitPos(LCD_D6_Direction+0) 
;__Lib_Lcd.c,91 :: 		
0x0650	0x9E93      	BCF         LCD_D7_Direction, BitPos(LCD_D7_Direction+0) 
;__Lib_Lcd.c,93 :: 		
0x0652	0x9481      	BCF         LCD_EN, BitPos(LCD_EN+0) 
;__Lib_Lcd.c,94 :: 		
0x0654	0x9681      	BCF         LCD_RS, BitPos(LCD_RS+0) 
;__Lib_Lcd.c,95 :: 		
0x0656	0x9E81      	BCF         LCD_D7, BitPos(LCD_D7+0) 
;__Lib_Lcd.c,96 :: 		
0x0658	0x9C81      	BCF         LCD_D6, BitPos(LCD_D6+0) 
;__Lib_Lcd.c,97 :: 		
0x065A	0x9A81      	BCF         LCD_D5, BitPos(LCD_D5+0) 
;__Lib_Lcd.c,98 :: 		
0x065C	0x9881      	BCF         LCD_D4, BitPos(LCD_D4+0) 
;__Lib_Lcd.c,100 :: 		
0x065E	0xDCDE      	RCALL       _Delay_5500us
;__Lib_Lcd.c,101 :: 		
0x0660	0xDCDD      	RCALL       _Delay_5500us
;__Lib_Lcd.c,102 :: 		
0x0662	0xDCDC      	RCALL       _Delay_5500us
;__Lib_Lcd.c,105 :: 		
0x0664	0x8A81      	BSF         LCD_D5, BitPos(LCD_D5+0) 
;__Lib_Lcd.c,106 :: 		
0x0666	0x8881      	BSF         LCD_D4, BitPos(LCD_D4+0) 
;__Lib_Lcd.c,107 :: 		
0x0668	0x8481      	BSF         LCD_EN, BitPos(LCD_EN+0) 
;__Lib_Lcd.c,108 :: 		
0x066A	0xDCE3      	RCALL       _Delay_1us
;__Lib_Lcd.c,109 :: 		
0x066C	0x9481      	BCF         LCD_EN, BitPos(LCD_EN+0) 
;__Lib_Lcd.c,110 :: 		
0x066E	0xDCD6      	RCALL       _Delay_5500us
;__Lib_Lcd.c,112 :: 		
0x0670	0x8481      	BSF         LCD_EN, BitPos(LCD_EN+0) 
;__Lib_Lcd.c,113 :: 		
0x0672	0xDCDF      	RCALL       _Delay_1us
;__Lib_Lcd.c,114 :: 		
0x0674	0x9481      	BCF         LCD_EN, BitPos(LCD_EN+0) 
;__Lib_Lcd.c,115 :: 		
0x0676	0xDCD2      	RCALL       _Delay_5500us
;__Lib_Lcd.c,117 :: 		
0x0678	0x8481      	BSF         LCD_EN, BitPos(LCD_EN+0) 
;__Lib_Lcd.c,118 :: 		
0x067A	0xDCDB      	RCALL       _Delay_1us
;__Lib_Lcd.c,119 :: 		
0x067C	0x9481      	BCF         LCD_EN, BitPos(LCD_EN+0) 
;__Lib_Lcd.c,120 :: 		
0x067E	0xDCCE      	RCALL       _Delay_5500us
;__Lib_Lcd.c,123 :: 		
0x0680	0x9881      	BCF         LCD_D4, BitPos(LCD_D4+0) 
;__Lib_Lcd.c,124 :: 		
0x0682	0x8481      	BSF         LCD_EN, BitPos(LCD_EN+0) 
;__Lib_Lcd.c,125 :: 		
0x0684	0xDCD6      	RCALL       _Delay_1us
;__Lib_Lcd.c,126 :: 		
0x0686	0x9481      	BCF         LCD_EN, BitPos(LCD_EN+0) 
;__Lib_Lcd.c,127 :: 		
0x0688	0xDCC9      	RCALL       _Delay_5500us
;__Lib_Lcd.c,130 :: 		
0x068A	0x8481      	BSF         LCD_EN, BitPos(LCD_EN+0) 
;__Lib_Lcd.c,131 :: 		
0x068C	0xDCD2      	RCALL       _Delay_1us
;__Lib_Lcd.c,132 :: 		
0x068E	0x9481      	BCF         LCD_EN, BitPos(LCD_EN+0) 
;__Lib_Lcd.c,134 :: 		
0x0690	0x9A81      	BCF         LCD_D5, BitPos(LCD_D5+0) 
;__Lib_Lcd.c,135 :: 		
0x0692	0x8E81      	BSF         LCD_D7, BitPos(LCD_D7+0) 
;__Lib_Lcd.c,136 :: 		
0x0694	0x8481      	BSF         LCD_EN, BitPos(LCD_EN+0) 
;__Lib_Lcd.c,137 :: 		
0x0696	0xDCCD      	RCALL       _Delay_1us
;__Lib_Lcd.c,138 :: 		
0x0698	0x9481      	BCF         LCD_EN, BitPos(LCD_EN+0) 
;__Lib_Lcd.c,139 :: 		
0x069A	0xDCC0      	RCALL       _Delay_5500us
;__Lib_Lcd.c,142 :: 		
0x069C	0x9E81      	BCF         LCD_D7, BitPos(LCD_D7+0) 
;__Lib_Lcd.c,143 :: 		
0x069E	0x8881      	BSF         LCD_D4, BitPos(LCD_D4+0) 
;__Lib_Lcd.c,144 :: 		
0x06A0	0x8481      	BSF         LCD_EN, BitPos(LCD_EN+0) 
;__Lib_Lcd.c,145 :: 		
0x06A2	0xDCC7      	RCALL       _Delay_1us
;__Lib_Lcd.c,146 :: 		
0x06A4	0x9481      	BCF         LCD_EN, BitPos(LCD_EN+0) 
;__Lib_Lcd.c,148 :: 		
0x06A6	0x9881      	BCF         LCD_D4, BitPos(LCD_D4+0) 
;__Lib_Lcd.c,149 :: 		
0x06A8	0x8481      	BSF         LCD_EN, BitPos(LCD_EN+0) 
;__Lib_Lcd.c,150 :: 		
0x06AA	0xDCC3      	RCALL       _Delay_1us
;__Lib_Lcd.c,151 :: 		
0x06AC	0x9481      	BCF         LCD_EN, BitPos(LCD_EN+0) 
;__Lib_Lcd.c,152 :: 		
0x06AE	0xDCB6      	RCALL       _Delay_5500us
;__Lib_Lcd.c,155 :: 		
0x06B0	0x8481      	BSF         LCD_EN, BitPos(LCD_EN+0) 
;__Lib_Lcd.c,156 :: 		
0x06B2	0xDCBF      	RCALL       _Delay_1us
;__Lib_Lcd.c,157 :: 		
0x06B4	0x9481      	BCF         LCD_EN, BitPos(LCD_EN+0) 
;__Lib_Lcd.c,159 :: 		
0x06B6	0x8881      	BSF         LCD_D4, BitPos(LCD_D4+0) 
;__Lib_Lcd.c,160 :: 		
0x06B8	0x8481      	BSF         LCD_EN, BitPos(LCD_EN+0) 
;__Lib_Lcd.c,161 :: 		
0x06BA	0xDCBB      	RCALL       _Delay_1us
;__Lib_Lcd.c,162 :: 		
0x06BC	0x9481      	BCF         LCD_EN, BitPos(LCD_EN+0) 
;__Lib_Lcd.c,163 :: 		
0x06BE	0xDCAE      	RCALL       _Delay_5500us
;__Lib_Lcd.c,166 :: 		
0x06C0	0x9881      	BCF         LCD_D4, BitPos(LCD_D4+0) 
;__Lib_Lcd.c,167 :: 		
0x06C2	0x8481      	BSF         LCD_EN, BitPos(LCD_EN+0) 
;__Lib_Lcd.c,168 :: 		
0x06C4	0xDCB6      	RCALL       _Delay_1us
;__Lib_Lcd.c,169 :: 		
0x06C6	0x9481      	BCF         LCD_EN, BitPos(LCD_EN+0) 
;__Lib_Lcd.c,171 :: 		
0x06C8	0x8E81      	BSF         LCD_D7, BitPos(LCD_D7+0) 
;__Lib_Lcd.c,172 :: 		
0x06CA	0x8C81      	BSF         LCD_D6, BitPos(LCD_D6+0) 
;__Lib_Lcd.c,173 :: 		
0x06CC	0x8A81      	BSF         LCD_D5, BitPos(LCD_D5+0) 
;__Lib_Lcd.c,174 :: 		
0x06CE	0x8881      	BSF         LCD_D4, BitPos(LCD_D4+0) 
;__Lib_Lcd.c,175 :: 		
0x06D0	0x8481      	BSF         LCD_EN, BitPos(LCD_EN+0) 
;__Lib_Lcd.c,176 :: 		
0x06D2	0xDCAF      	RCALL       _Delay_1us
;__Lib_Lcd.c,177 :: 		
0x06D4	0x9481      	BCF         LCD_EN, BitPos(LCD_EN+0) 
;__Lib_Lcd.c,179 :: 		
0x06D6	0xDCA2      	RCALL       _Delay_5500us
;__Lib_Lcd.c,181 :: 		
0x06D8	0x8036      	BSF         __Lib_Lcd_cmd_status, BitPos(__Lib_Lcd_cmd_status+0) 
;__Lib_Lcd.c,182 :: 		
0x06DA	0x0012      	RETURN      0
; end of _Lcd_Init
___CC2DW:
;__Lib_System.c,21 :: 		
;__Lib_System.c,23 :: 		
_CC2DL_Loop1:
;__Lib_System.c,24 :: 		
0x06DC	0x0009      	TBLRD*+
;__Lib_System.c,25 :: 		
0x06DE	0xFFE6CFF5  	MOVFF       TABLAT, POSTINC1
;__Lib_System.c,26 :: 		
0x06E2	0x0600      	DECF        R0, 1, 0
;__Lib_System.c,27 :: 		
0x06E4	0xE1FB      	BNZ         _CC2DL_Loop1
;__Lib_System.c,28 :: 		
0x06E6	0x0601      	DECF        R1, 1, 0
;__Lib_System.c,29 :: 		
0x06E8	0xE1F9      	BNZ         _CC2DL_Loop1
;__Lib_System.c,31 :: 		
0x06EA	0x0012      	RETURN      0
; end of ___CC2DW
_colunas:
;LCD keypad.c,173 :: 		void colunas(){
;LCD keypad.c,174 :: 		PORTD = 0b00000001;
0x06EC	0x0E01      	MOVLW       1
0x06EE	0x6E83      	MOVWF       PORTD 
;LCD keypad.c,175 :: 		Delay_us(1000);
0x06F0	0x0E03      	MOVLW       3
0x06F2	0x6E0C      	MOVWF       R12, 0
0x06F4	0x0E97      	MOVLW       151
0x06F6	0x6E0D      	MOVWF       R13, 0
L_colunas65:
0x06F8	0x2E0D      	DECFSZ      R13, 1, 0
0x06FA	0xD7FE      	BRA         L_colunas65
0x06FC	0x2E0C      	DECFSZ      R12, 1, 0
0x06FE	0xD7FC      	BRA         L_colunas65
0x0700	0x0000      	NOP
0x0702	0x0000      	NOP
;LCD keypad.c,176 :: 		linhas(PORTD);
0x0704	0xF037CF83  	MOVFF       PORTD, FARG_linhas_entrada
0x0708	0x0E00      	MOVLW       0
0x070A	0x6E38      	MOVWF       FARG_linhas_entrada+1 
0x070C	0xDD6B      	RCALL       _linhas
;LCD keypad.c,177 :: 		PORTD = 0b00000010;
0x070E	0x0E02      	MOVLW       2
0x0710	0x6E83      	MOVWF       PORTD 
;LCD keypad.c,178 :: 		Delay_us(1000);
0x0712	0x0E03      	MOVLW       3
0x0714	0x6E0C      	MOVWF       R12, 0
0x0716	0x0E97      	MOVLW       151
0x0718	0x6E0D      	MOVWF       R13, 0
L_colunas66:
0x071A	0x2E0D      	DECFSZ      R13, 1, 0
0x071C	0xD7FE      	BRA         L_colunas66
0x071E	0x2E0C      	DECFSZ      R12, 1, 0
0x0720	0xD7FC      	BRA         L_colunas66
0x0722	0x0000      	NOP
0x0724	0x0000      	NOP
;LCD keypad.c,179 :: 		linhas(PORTD);
0x0726	0xF037CF83  	MOVFF       PORTD, FARG_linhas_entrada
0x072A	0x0E00      	MOVLW       0
0x072C	0x6E38      	MOVWF       FARG_linhas_entrada+1 
0x072E	0xDD5A      	RCALL       _linhas
;LCD keypad.c,180 :: 		PORTD = 0b00000100;
0x0730	0x0E04      	MOVLW       4
0x0732	0x6E83      	MOVWF       PORTD 
;LCD keypad.c,181 :: 		Delay_us(1000);
0x0734	0x0E03      	MOVLW       3
0x0736	0x6E0C      	MOVWF       R12, 0
0x0738	0x0E97      	MOVLW       151
0x073A	0x6E0D      	MOVWF       R13, 0
L_colunas67:
0x073C	0x2E0D      	DECFSZ      R13, 1, 0
0x073E	0xD7FE      	BRA         L_colunas67
0x0740	0x2E0C      	DECFSZ      R12, 1, 0
0x0742	0xD7FC      	BRA         L_colunas67
0x0744	0x0000      	NOP
0x0746	0x0000      	NOP
;LCD keypad.c,182 :: 		linhas(PORTD);
0x0748	0xF037CF83  	MOVFF       PORTD, FARG_linhas_entrada
0x074C	0x0E00      	MOVLW       0
0x074E	0x6E38      	MOVWF       FARG_linhas_entrada+1 
0x0750	0xDD49      	RCALL       _linhas
;LCD keypad.c,183 :: 		}
0x0752	0x0012      	RETURN      0
; end of _colunas
_Clock:
;LCD keypad.c,185 :: 		void Clock(){
;LCD keypad.c,187 :: 		if(usec==10){
0x0754	0x0E00      	MOVLW       0
0x0756	0x181E      	XORWF       _usec+1, 0 
0x0758	0xE102      	BNZ         L__Clock141
0x075A	0x0E0A      	MOVLW       10
0x075C	0x181D      	XORWF       _usec, 0 
L__Clock141:
0x075E	0xE135      	BNZ         L_Clock68
;LCD keypad.c,188 :: 		usec=0;
0x0760	0x6A1D      	CLRF        _usec 
0x0762	0x6A1E      	CLRF        _usec+1 
;LCD keypad.c,189 :: 		dsec++;
0x0764	0x4A1F      	INFSNZ      _dsec, 1 
0x0766	0x2A20      	INCF        _dsec+1, 1 
;LCD keypad.c,190 :: 		if(dsec==6){
0x0768	0x0E00      	MOVLW       0
0x076A	0x1820      	XORWF       _dsec+1, 0 
0x076C	0xE102      	BNZ         L__Clock142
0x076E	0x0E06      	MOVLW       6
0x0770	0x181F      	XORWF       _dsec, 0 
L__Clock142:
0x0772	0xE12B      	BNZ         L_Clock69
;LCD keypad.c,191 :: 		dsec=0;
0x0774	0x6A1F      	CLRF        _dsec 
0x0776	0x6A20      	CLRF        _dsec+1 
;LCD keypad.c,192 :: 		umin++;
0x0778	0x4A1B      	INFSNZ      _umin, 1 
0x077A	0x2A1C      	INCF        _umin+1, 1 
;LCD keypad.c,193 :: 		if(umin==10){
0x077C	0x0E00      	MOVLW       0
0x077E	0x181C      	XORWF       _umin+1, 0 
0x0780	0xE102      	BNZ         L__Clock143
0x0782	0x0E0A      	MOVLW       10
0x0784	0x181B      	XORWF       _umin, 0 
L__Clock143:
0x0786	0xE121      	BNZ         L_Clock70
;LCD keypad.c,194 :: 		umin=0;
0x0788	0x6A1B      	CLRF        _umin 
0x078A	0x6A1C      	CLRF        _umin+1 
;LCD keypad.c,195 :: 		dmin++;
0x078C	0x4A15      	INFSNZ      _dmin, 1 
0x078E	0x2A16      	INCF        _dmin+1, 1 
;LCD keypad.c,196 :: 		if(dmin==6){
0x0790	0x0E00      	MOVLW       0
0x0792	0x1816      	XORWF       _dmin+1, 0 
0x0794	0xE102      	BNZ         L__Clock144
0x0796	0x0E06      	MOVLW       6
0x0798	0x1815      	XORWF       _dmin, 0 
L__Clock144:
0x079A	0xE117      	BNZ         L_Clock71
;LCD keypad.c,197 :: 		dmin=0;
0x079C	0x6A15      	CLRF        _dmin 
0x079E	0x6A16      	CLRF        _dmin+1 
;LCD keypad.c,198 :: 		uhor++;
0x07A0	0x4A17      	INFSNZ      _uhor, 1 
0x07A2	0x2A18      	INCF        _uhor+1, 1 
;LCD keypad.c,199 :: 		if(uhor==10 && dhor<2){
0x07A4	0x0E00      	MOVLW       0
0x07A6	0x1818      	XORWF       _uhor+1, 0 
0x07A8	0xE102      	BNZ         L__Clock145
0x07AA	0x0E0A      	MOVLW       10
0x07AC	0x1817      	XORWF       _uhor, 0 
L__Clock145:
0x07AE	0xE10D      	BNZ         L_Clock74
0x07B0	0x0E80      	MOVLW       128
0x07B2	0x181A      	XORWF       _dhor+1, 0 
0x07B4	0x6E00      	MOVWF       R0 
0x07B6	0x0E80      	MOVLW       128
0x07B8	0x5C00      	SUBWF       R0, 0 
0x07BA	0xE102      	BNZ         L__Clock146
0x07BC	0x0E02      	MOVLW       2
0x07BE	0x5C19      	SUBWF       _dhor, 0 
L__Clock146:
0x07C0	0xE204      	BC          L_Clock74
L__Clock87:
;LCD keypad.c,200 :: 		uhor=0;
0x07C2	0x6A17      	CLRF        _uhor 
0x07C4	0x6A18      	CLRF        _uhor+1 
;LCD keypad.c,201 :: 		dhor++;
0x07C6	0x4A19      	INFSNZ      _dhor, 1 
0x07C8	0x2A1A      	INCF        _dhor+1, 1 
;LCD keypad.c,202 :: 		}
L_Clock74:
;LCD keypad.c,203 :: 		}
L_Clock71:
;LCD keypad.c,205 :: 		}
L_Clock70:
;LCD keypad.c,206 :: 		}
L_Clock69:
;LCD keypad.c,207 :: 		}
L_Clock68:
;LCD keypad.c,209 :: 		}
0x07CA	0x0012      	RETURN      0
; end of _Clock
_main:
0x07CC	0xF004ECA1  	CALL        2370, 0
;LCD keypad.c,211 :: 		void main() {
;LCD keypad.c,212 :: 		ADCON1 = 0xFF;
0x07D0	0x0EFF      	MOVLW       255
0x07D2	0x6EC1      	MOVWF       ADCON1 
;LCD keypad.c,213 :: 		TRISB = 0b00000000;
0x07D4	0x6A93      	CLRF        TRISB 
;LCD keypad.c,214 :: 		PORTB = 0x00;
0x07D6	0x6A81      	CLRF        PORTB 
;LCD keypad.c,215 :: 		TRISD = 0b01111000;
0x07D8	0x0E78      	MOVLW       120
0x07DA	0x6E95      	MOVWF       TRISD 
;LCD keypad.c,216 :: 		PORTD = 0x00;
0x07DC	0x6A83      	CLRF        PORTD 
;LCD keypad.c,217 :: 		Lcd_Init();
0x07DE	0xDF33      	RCALL       _Lcd_Init
;LCD keypad.c,218 :: 		Lcd_Cmd(_LCD_CLEAR);
0x07E0	0x0E01      	MOVLW       1
0x07E2	0x6E41      	MOVWF       FARG_Lcd_Cmd_out_char 
0x07E4	0xDC2E      	RCALL       _Lcd_Cmd
;LCD keypad.c,219 :: 		Lcd_Cmd(_LCD_CURSOR_OFF);
0x07E6	0x0E0C      	MOVLW       12
0x07E8	0x6E41      	MOVWF       FARG_Lcd_Cmd_out_char 
0x07EA	0xDC2B      	RCALL       _Lcd_Cmd
;LCD keypad.c,220 :: 		CustomChar(2,3);
0x07EC	0x0E02      	MOVLW       2
0x07EE	0x6E39      	MOVWF       FARG_CustomChar_pos_row 
0x07F0	0x0E03      	MOVLW       3
0x07F2	0x6E3A      	MOVWF       FARG_CustomChar_pos_char 
0x07F4	0xDC97      	RCALL       _CustomChar
;LCD keypad.c,221 :: 		while(1){
L_main75:
;LCD keypad.c,222 :: 		Lcd_Out(1, 3, texto);
0x07F6	0x0E01      	MOVLW       1
0x07F8	0x6E39      	MOVWF       FARG_Lcd_Out_row 
0x07FA	0x0E03      	MOVLW       3
0x07FC	0x6E3A      	MOVWF       FARG_Lcd_Out_column 
0x07FE	0xF03BC02E  	MOVFF       _texto, FARG_Lcd_Out_text
0x0802	0xF03CC02F  	MOVFF       _texto+1, FARG_Lcd_Out_text+1
0x0806	0xDCB1      	RCALL       _Lcd_Out
;LCD keypad.c,223 :: 		if(dhor==2 && uhor==3 && dmin==5 && umin==9 && dsec==5 && usec==9){
0x0808	0x0E00      	MOVLW       0
0x080A	0x181A      	XORWF       _dhor+1, 0 
0x080C	0xE102      	BNZ         L__main147
0x080E	0x0E02      	MOVLW       2
0x0810	0x1819      	XORWF       _dhor, 0 
L__main147:
0x0812	0xE12E      	BNZ         L_main79
0x0814	0x0E00      	MOVLW       0
0x0816	0x1818      	XORWF       _uhor+1, 0 
0x0818	0xE102      	BNZ         L__main148
0x081A	0x0E03      	MOVLW       3
0x081C	0x1817      	XORWF       _uhor, 0 
L__main148:
0x081E	0xE128      	BNZ         L_main79
0x0820	0x0E00      	MOVLW       0
0x0822	0x1816      	XORWF       _dmin+1, 0 
0x0824	0xE102      	BNZ         L__main149
0x0826	0x0E05      	MOVLW       5
0x0828	0x1815      	XORWF       _dmin, 0 
L__main149:
0x082A	0xE122      	BNZ         L_main79
0x082C	0x0E00      	MOVLW       0
0x082E	0x181C      	XORWF       _umin+1, 0 
0x0830	0xE102      	BNZ         L__main150
0x0832	0x0E09      	MOVLW       9
0x0834	0x181B      	XORWF       _umin, 0 
L__main150:
0x0836	0xE11C      	BNZ         L_main79
0x0838	0x0E00      	MOVLW       0
0x083A	0x1820      	XORWF       _dsec+1, 0 
0x083C	0xE102      	BNZ         L__main151
0x083E	0x0E05      	MOVLW       5
0x0840	0x181F      	XORWF       _dsec, 0 
L__main151:
0x0842	0xE116      	BNZ         L_main79
0x0844	0x0E00      	MOVLW       0
0x0846	0x181E      	XORWF       _usec+1, 0 
0x0848	0xE102      	BNZ         L__main152
0x084A	0x0E09      	MOVLW       9
0x084C	0x181D      	XORWF       _usec, 0 
L__main152:
0x084E	0xE110      	BNZ         L_main79
L__main88:
;LCD keypad.c,224 :: 		dhor=0;
0x0850	0x6A19      	CLRF        _dhor 
0x0852	0x6A1A      	CLRF        _dhor+1 
;LCD keypad.c,225 :: 		uhor=0;
0x0854	0x6A17      	CLRF        _uhor 
0x0856	0x6A18      	CLRF        _uhor+1 
;LCD keypad.c,226 :: 		dmin=0;
0x0858	0x6A15      	CLRF        _dmin 
0x085A	0x6A16      	CLRF        _dmin+1 
;LCD keypad.c,227 :: 		umin=0;
0x085C	0x6A1B      	CLRF        _umin 
0x085E	0x6A1C      	CLRF        _umin+1 
;LCD keypad.c,228 :: 		dsec=0;
0x0860	0x6A1F      	CLRF        _dsec 
0x0862	0x6A20      	CLRF        _dsec+1 
;LCD keypad.c,229 :: 		usec=0;
0x0864	0x6A1D      	CLRF        _usec 
0x0866	0x6A1E      	CLRF        _usec+1 
;LCD keypad.c,230 :: 		usec--;
0x0868	0x0EFF      	MOVLW       255
0x086A	0x6E1D      	MOVWF       _usec 
0x086C	0x0EFF      	MOVLW       255
0x086E	0x6E1E      	MOVWF       _usec+1 
;LCD keypad.c,232 :: 		}
L_main79:
;LCD keypad.c,233 :: 		delay_ms(1000);
0x0870	0x0E0B      	MOVLW       11
0x0872	0x6E0B      	MOVWF       R11, 0
0x0874	0x0E26      	MOVLW       38
0x0876	0x6E0C      	MOVWF       R12, 0
0x0878	0x0E5D      	MOVLW       93
0x087A	0x6E0D      	MOVWF       R13, 0
L_main80:
0x087C	0x2E0D      	DECFSZ      R13, 1, 0
0x087E	0xD7FE      	BRA         L_main80
0x0880	0x2E0C      	DECFSZ      R12, 1, 0
0x0882	0xD7FC      	BRA         L_main80
0x0884	0x2E0B      	DECFSZ      R11, 1, 0
0x0886	0xD7FA      	BRA         L_main80
0x0888	0x0000      	NOP
0x088A	0x0000      	NOP
;LCD keypad.c,234 :: 		usec++;
0x088C	0x4A1D      	INFSNZ      _usec, 1 
0x088E	0x2A1E      	INCF        _usec+1, 1 
;LCD keypad.c,235 :: 		Clock();
0x0890	0xDF61      	RCALL       _Clock
;LCD keypad.c,236 :: 		colunas();
0x0892	0xDF2C      	RCALL       _colunas
;LCD keypad.c,237 :: 		texto[6] = dsec + '0';
0x0894	0x0E06      	MOVLW       6
0x0896	0x242E      	ADDWF       _texto, 0 
0x0898	0x6EE1      	MOVWF       FSR1L 
0x089A	0x0E00      	MOVLW       0
0x089C	0x202F      	ADDWFC      _texto+1, 0 
0x089E	0x6EE2      	MOVWF       FSR1H 
0x08A0	0x0E30      	MOVLW       48
0x08A2	0x241F      	ADDWF       _dsec, 0 
0x08A4	0x6E00      	MOVWF       R0 
0x08A6	0xFFE6C000  	MOVFF       R0, POSTINC1
;LCD keypad.c,238 :: 		texto[7] = usec + '0';
0x08AA	0x0E07      	MOVLW       7
0x08AC	0x242E      	ADDWF       _texto, 0 
0x08AE	0x6EE1      	MOVWF       FSR1L 
0x08B0	0x0E00      	MOVLW       0
0x08B2	0x202F      	ADDWFC      _texto+1, 0 
0x08B4	0x6EE2      	MOVWF       FSR1H 
0x08B6	0x0E30      	MOVLW       48
0x08B8	0x241D      	ADDWF       _usec, 0 
0x08BA	0x6E00      	MOVWF       R0 
0x08BC	0xFFE6C000  	MOVFF       R0, POSTINC1
;LCD keypad.c,239 :: 		texto[3] = dmin + '0';
0x08C0	0x0E03      	MOVLW       3
0x08C2	0x242E      	ADDWF       _texto, 0 
0x08C4	0x6EE1      	MOVWF       FSR1L 
0x08C6	0x0E00      	MOVLW       0
0x08C8	0x202F      	ADDWFC      _texto+1, 0 
0x08CA	0x6EE2      	MOVWF       FSR1H 
0x08CC	0x0E30      	MOVLW       48
0x08CE	0x2415      	ADDWF       _dmin, 0 
0x08D0	0x6E00      	MOVWF       R0 
0x08D2	0xFFE6C000  	MOVFF       R0, POSTINC1
;LCD keypad.c,240 :: 		texto[4] = umin + '0';
0x08D6	0x0E04      	MOVLW       4
0x08D8	0x242E      	ADDWF       _texto, 0 
0x08DA	0x6EE1      	MOVWF       FSR1L 
0x08DC	0x0E00      	MOVLW       0
0x08DE	0x202F      	ADDWFC      _texto+1, 0 
0x08E0	0x6EE2      	MOVWF       FSR1H 
0x08E2	0x0E30      	MOVLW       48
0x08E4	0x241B      	ADDWF       _umin, 0 
0x08E6	0x6E00      	MOVWF       R0 
0x08E8	0xFFE6C000  	MOVFF       R0, POSTINC1
;LCD keypad.c,241 :: 		texto[0] = dhor + '0';
0x08EC	0x0E30      	MOVLW       48
0x08EE	0x2419      	ADDWF       _dhor, 0 
0x08F0	0x6E00      	MOVWF       R0 
0x08F2	0xFFE1C02E  	MOVFF       _texto, FSR1L
0x08F6	0xFFE2C02F  	MOVFF       _texto+1, FSR1H
0x08FA	0xFFE6C000  	MOVFF       R0, POSTINC1
;LCD keypad.c,242 :: 		texto[1] = uhor + '0';
0x08FE	0x0E01      	MOVLW       1
0x0900	0x242E      	ADDWF       _texto, 0 
0x0902	0x6EE1      	MOVWF       FSR1L 
0x0904	0x0E00      	MOVLW       0
0x0906	0x202F      	ADDWFC      _texto+1, 0 
0x0908	0x6EE2      	MOVWF       FSR1H 
0x090A	0x0E30      	MOVLW       48
0x090C	0x2417      	ADDWF       _uhor, 0 
0x090E	0x6E00      	MOVWF       R0 
0x0910	0xFFE6C000  	MOVFF       R0, POSTINC1
;LCD keypad.c,247 :: 		}
0x0914	0xD770      	BRA         L_main75
;LCD keypad.c,251 :: 		}
0x0916	0xD7FF      	BRA         $+0
; end of _main
0x0942	0xF015EE10  	LFSR        1, 21
0x0946	0x0E21      	MOVLW       33
0x0948	0x6E00      	MOVWF       R0 
0x094A	0x0E01      	MOVLW       1
0x094C	0x6E01      	MOVWF       R1 
0x094E	0x0E18      	MOVLW       24
0x0950	0x6EF6      	MOVWF       4086 
0x0952	0x0E09      	MOVLW       9
0x0954	0x6EF7      	MOVWF       TBLPTRH 
0x0956	0x0E00      	MOVLW       0
0x0958	0x6EF8      	MOVWF       TBLPTRU 
0x095A	0xF003EC6E  	CALL        1756, 0
0x095E	0x0012      	RETURN      0
;LCD keypad.c,0 :: ?ICS_dmin
0x0918	0x0000 ;?ICS_dmin+0
; end of ?ICS_dmin
;LCD keypad.c,0 :: ?ICS_uhor
0x091A	0x0000 ;?ICS_uhor+0
; end of ?ICS_uhor
;LCD keypad.c,0 :: ?ICS_dhor
0x091C	0x0000 ;?ICS_dhor+0
; end of ?ICS_dhor
;LCD keypad.c,0 :: ?ICS_umin
0x091E	0x0000 ;?ICS_umin+0
; end of ?ICS_umin
;LCD keypad.c,0 :: ?ICS_usec
0x0920	0x0000 ;?ICS_usec+0
; end of ?ICS_usec
;LCD keypad.c,0 :: ?ICS_dsec
0x0922	0x0000 ;?ICS_dsec+0
; end of ?ICS_dsec
;LCD keypad.c,0 :: ?ICS?lstr1_LCD_32keypad
0x0924	0x3030 ;?ICS?lstr1_LCD_32keypad+0
0x0926	0x303A ;?ICS?lstr1_LCD_32keypad+2
0x0928	0x3A30 ;?ICS?lstr1_LCD_32keypad+4
0x092A	0x3030 ;?ICS?lstr1_LCD_32keypad+6
0x092C	0x00 ;?ICS?lstr1_LCD_32keypad+8
; end of ?ICS?lstr1_LCD_32keypad
;LCD keypad.c,0 :: ?ICS_i
0x092D	0x0000 ;?ICS_i+0
; end of ?ICS_i
;LCD keypad.c,0 :: ?ICS?lstr5_LCD_32keypad
0x092F	0x0020 ;?ICS?lstr5_LCD_32keypad+0
; end of ?ICS?lstr5_LCD_32keypad
;LCD keypad.c,0 :: ?ICS_texto
0x0931	0x0021 ;?ICS_texto+0
; end of ?ICS_texto
;LCD keypad.c,0 :: ?ICS?lstr3_LCD_32keypad
0x0933	0x0020 ;?ICS?lstr3_LCD_32keypad+0
; end of ?ICS?lstr3_LCD_32keypad
;LCD keypad.c,0 :: ?ICS?lstr2_LCD_32keypad
0x0935	0x0020 ;?ICS?lstr2_LCD_32keypad+0
; end of ?ICS?lstr2_LCD_32keypad
;LCD keypad.c,0 :: ?ICS?lstr4_LCD_32keypad
0x0937	0x0020 ;?ICS?lstr4_LCD_32keypad+0
; end of ?ICS?lstr4_LCD_32keypad
;LCD keypad.c,19 :: _character
0x0939	0x0E04 ;_character+0
0x093B	0x0415 ;_character+2
0x093D	0x0404 ;_character+4
0x093F	0x0004 ;_character+6
; end of _character
Symbol List:
//** Routines locations **
//ADDRESS    SIZE    PROCEDURE
//----------------------------------------------
0x001C      [22]    _Delay_5500us
0x0032       [6]    _Delay_1us
0x0038      [10]    _Delay_50us
0x0042     [124]    _Lcd_Cmd
0x00BE      [12]    _Lcd_Chr_CP
0x00CA      [90]    _Lcd_Chr
0x0124      [70]    _CustomChar
0x016A     [122]    _Lcd_Out
0x01E4    [1122]    _linhas
0x0646     [150]    _Lcd_Init
0x06DC      [16]    ___CC2DW
0x06EC     [104]    _colunas
0x0754     [120]    _Clock
0x07CC     [332]    _main
//** Variables locations ** 
//ADDRESS    SIZE    VARIABLE
//----------------------------------------------
0x0000       [1]    SPI1_Write_tmp_L0
0x0000       [1]    EEPROM_Write_SaveINTCON_L0
0x0000       [1]    FLASH_Erase_64_SaveINTCON_L0
0x0000       [1]    __Lib_SoftI2C_PutZerosToLATSda_temp_sda_L0
0x0000       [1]    R0
0x0000       [1]    UART1_Init_tmp_L0
0x0000       [1]    __Lib_SoftI2C_PutZerosToLATScl_temp_scl_L0
0x0001       [1]    __Lib_PS2_Wait_Falling_nsample_L0
0x0001       [1]    UART1_Read___tmp_UART1_Read_L0
0x0001       [1]    FLASH_Write_32_i_L0
0x0001       [1]    ispunct_rslt_L0
0x0001       [1]    R1
0x0001       [2]    FLASH_Read_N_Bytes_i_L0
0x0001       [1]    FLASH_Erase_Write_64_i_L0
0x0001       [1]    I2C1_Rd_tmp_L0
0x0002       [2]    __Lib_USB_genHID_memset_usb_pp_L0
0x0002       [2]    __Lib_USB_genHID_memset_usb_int_pp_L0
0x0002       [1]    FLASH_Write_32_SaveINTCON_L0
0x0002       [1]    FLASH_Erase_Write_64_j_L0
0x0002       [2]    memchr_s_L0
0x0002       [2]    strlen_cp_L0
0x0002       [1]    R2
0x0002       [2]    memcpy_dd_L0
0x0002       [2]    memset_pp_L0
0x0003       [2]    __Lib_USB_genHID_USB_CtrlTrf_Tx_Service_byteToSend_L0
0x0003       [1]    R3
0x0003       [2]    memmove_tt_L0
0x0003       [2]    Ltrim_original_L0
0x0003       [1]    FLASH_Erase_Write_64_SaveINTCON_L0
0x0004       [2]    __Lib_USB_genHID_USB_Std_Feature_Req_Handler_p_L0
0x0004       [2]    strncpy_cp_L0
0x0004       [2]    strncat_cp_L0
0x0004       [2]    __Lib_USB_genHID_USB_Transfer_Packet_Int_handle_L0
0x0004       [2]    frexp_pom_L0
0x0004       [2]    __Lib_USB_genHID_USB_Transfer_Packet_handle_L0
0x0004       [2]    __Lib_USB_genHID_USB_Get_Status_Handler_p_L2
0x0004       [2]    strcpy_cp_L0
0x0004       [2]    memcpy_ss_L0
0x0004       [1]    R4
0x0004       [2]    strcat_cp_L0
0x0005       [2]    Ltrim_p_L0
0x0005       [2]    LongIntToHex_input_half_L0
0x0005       [2]    LongWordToHex_input_half_L0
0x0005       [2]    memmove_ff_L0
0x0005       [2]    __Lib_USB_genHID_USB_Configure_Endpoint_handle_L0
0x0005       [1]    R5
0x0006       [1]    R6
0x0007       [1]    R7
0x0008       [1]    R8
0x0009       [1]    R9
0x000A       [1]    R10
0x000B       [1]    R11
0x000C       [1]    R12
0x000D       [1]    R13
0x000E       [1]    R14
0x000F       [1]    R15
0x0010       [1]    R16
0x0011       [1]    R17
0x0012       [1]    R18
0x0013       [1]    R19
0x0014       [1]    R20
0x0015       [2]    _dmin
0x0017       [2]    _uhor
0x0019       [2]    _dhor
0x001B       [2]    _umin
0x001D       [2]    _usec
0x001F       [2]    _dsec
0x0021       [9]    ?lstr1_LCD_32keypad
0x002A       [2]    _i
0x002C       [2]    ?lstr5_LCD_32keypad
0x002E       [2]    _texto
0x0030       [2]    ?lstr3_LCD_32keypad
0x0032       [2]    ?lstr2_LCD_32keypad
0x0034       [2]    ?lstr4_LCD_32keypad
0x0036       [0]    __Lib_Lcd_cmd_status
0x0037       [2]    FARG_linhas_entrada
0x0039       [1]    FARG_CustomChar_pos_row
0x0039       [1]    FARG_Lcd_Out_row
0x003A       [1]    FARG_Lcd_Out_column
0x003A       [1]    FARG_CustomChar_pos_char
0x003B       [2]    FARG_Lcd_Out_text
0x003B       [1]    CustomChar_i_L0
0x003D       [1]    Lcd_Out_i_L0
0x003E       [1]    FARG_Lcd_Chr_CP_out_char
0x003E       [1]    FARG_Lcd_Chr_row
0x003F       [1]    FARG_Lcd_Chr_column
0x0040       [1]    FARG_Lcd_Chr_out_char
0x0041       [1]    FARG_Lcd_Cmd_out_char
0x0400      [32]    __Lib_USB_genHID_BDT
0x0420       [8]    __Lib_USB_genHID_SetupPkt
0x0428       [8]    __Lib_USB_genHID_CtrlTrfData
0x0430       [3]    __Lib_USB_genHID_hid_report_out
0x0433       [3]    __Lib_USB_genHID_hid_report_in
0x0F62       [1]    SPPDATA
0x0F63       [0]    WS2_bit
0x0F63       [0]    WS3_bit
0x0F63       [0]    WS1_bit
0x0F63       [1]    SPPCFG
0x0F63       [0]    WS0_bit
0x0F63       [0]    CLKCFG0_bit
0x0F63       [0]    CLKCFG1_bit
0x0F63       [0]    CLK1EN_bit
0x0F63       [0]    CSEN_bit
0x0F64       [0]    ADDR3_bit
0x0F64       [0]    ADDR2_bit
0x0F64       [0]    WRSPP_bit
0x0F64       [0]    SPPBUSY_bit
0x0F64       [0]    ADDR1_bit
0x0F64       [0]    ADDR0_bit
0x0F64       [0]    RDSPP_bit
0x0F64       [1]    SPPEPS
0x0F65       [1]    SPPCON
0x0F65       [0]    SPPOWN_bit
0x0F65       [0]    SPPEN_bit
0x0F66       [0]    FRM6_bit
0x0F66       [0]    FRM7_bit
0x0F66       [1]    UFRM
0x0F66       [0]    FRM5_bit
0x0F66       [0]    FRM1_bit
0x0F66       [0]    FRM2_bit
0x0F66       [0]    FRM0_bit
0x0F66       [0]    FRM4_bit
0x0F66       [0]    FRM3_bit
0x0F66       [1]    UFRML
0x0F67       [0]    FRM8_bit
0x0F67       [0]    FRM10_bit
0x0F67       [0]    FRM9_bit
0x0F67       [1]    UFRMH
0x0F68       [0]    TRNIF_bit
0x0F68       [0]    ACTVIF_bit
0x0F68       [0]    IDLEIF_bit
0x0F68       [0]    SOFIF_bit
0x0F68       [0]    STALLIF_bit
0x0F68       [0]    UERRIF_bit
0x0F68       [1]    UIR
0x0F68       [0]    URSTIF_bit
0x0F69       [0]    TRNIE_bit
0x0F69       [0]    ACTVIE_bit
0x0F69       [0]    SOFIE_bit
0x0F69       [0]    STALLIE_bit
0x0F69       [0]    IDLEIE_bit
0x0F69       [1]    UIE
0x0F69       [0]    URSTIE_bit
0x0F69       [0]    UERRIE_bit
0x0F6A       [0]    DFN8EF_bit
0x0F6A       [0]    CRC16EF_bit
0x0F6A       [0]    BTSEF_bit
0x0F6A       [0]    BTOEF_bit
0x0F6A       [1]    UEIR
0x0F6A       [0]    PIDEF_bit
0x0F6A       [0]    CRC5EF_bit
0x0F6B       [0]    CRC16EE_bit
0x0F6B       [0]    DFN8EE_bit
0x0F6B       [0]    CRC5EE_bit
0x0F6B       [1]    UEIE
0x0F6B       [0]    PIDEE_bit
0x0F6B       [0]    BTSEE_bit
0x0F6B       [0]    BTOEE_bit
0x0F6C       [0]    ENDP2_bit
0x0F6C       [0]    ENDP3_bit
0x0F6C       [1]    USTAT
0x0F6C       [0]    ENDP1_bit
0x0F6C       [0]    PPBI_bit
0x0F6C       [0]    DIR__bit
0x0F6C       [0]    ENDP0_bit
0x0F6D       [0]    SE0_bit
0x0F6D       [0]    PPBRST_bit
0x0F6D       [1]    UCON
0x0F6D       [0]    RESUME__bit
0x0F6D       [0]    SUSPND_bit
0x0F6D       [0]    PKTDIS_bit
0x0F6D       [0]    USBEN_bit
0x0F6E       [0]    ADDR5_bit
0x0F6E       [0]    ADDR6_bit
0x0F6E       [1]    UADDR
0x0F6E       [0]    ADDR0_UADDR_bit
0x0F6E       [0]    ADDR1_UADDR_bit
0x0F6E       [0]    ADDR2_UADDR_bit
0x0F6E       [0]    ADDR4_bit
0x0F6E       [0]    ADDR3_UADDR_bit
0x0F6F       [0]    UTEYE_bit
0x0F6F       [1]    UCFG
0x0F6F       [0]    UOEMON_bit
0x0F6F       [0]    FSEN_bit
0x0F6F       [0]    UTRDIS_bit
0x0F6F       [0]    PPB1_bit
0x0F6F       [0]    UPUEN_bit
0x0F6F       [0]    PPB0_bit
0x0F70       [0]    EPHSHK_bit
0x0F70       [0]    EPINEN_bit
0x0F70       [0]    EPSTALL_bit
0x0F70       [0]    EPCONDIS_bit
0x0F70       [0]    EPOUTEN_bit
0x0F70       [1]    UEP0
0x0F71       [0]    EPINEN_UEP1_bit
0x0F71       [0]    EPOUTEN_UEP1_bit
0x0F71       [0]    EPHSHK_UEP1_bit
0x0F71       [0]    EPCONDIS_UEP1_bit
0x0F71       [1]    UEP1
0x0F71       [0]    EPSTALL_UEP1_bit
0x0F72       [0]    EPOUTEN_UEP2_bit
0x0F72       [0]    EPHSHK_UEP2_bit
0x0F72       [0]    EPCONDIS_UEP2_bit
0x0F72       [0]    EPINEN_UEP2_bit
0x0F72       [1]    UEP2
0x0F72       [0]    EPSTALL_UEP2_bit
0x0F73       [0]    EPOUTEN_UEP3_bit
0x0F73       [0]    EPCONDIS_UEP3_bit
0x0F73       [0]    EPHSHK_UEP3_bit
0x0F73       [1]    UEP3
0x0F73       [0]    EPSTALL_UEP3_bit
0x0F73       [0]    EPINEN_UEP3_bit
0x0F74       [0]    EPCONDIS_UEP4_bit
0x0F74       [0]    EPHSHK_UEP4_bit
0x0F74       [1]    UEP4
0x0F74       [0]    EPSTALL_UEP4_bit
0x0F74       [0]    EPINEN_UEP4_bit
0x0F74       [0]    EPOUTEN_UEP4_bit
0x0F75       [0]    EPHSHK_UEP5_bit
0x0F75       [1]    UEP5
0x0F75       [0]    EPCONDIS_UEP5_bit
0x0F75       [0]    EPINEN_UEP5_bit
0x0F75       [0]    EPSTALL_UEP5_bit
0x0F75       [0]    EPOUTEN_UEP5_bit
0x0F76       [0]    EPHSHK_UEP6_bit
0x0F76       [1]    UEP6
0x0F76       [0]    EPINEN_UEP6_bit
0x0F76       [0]    EPOUTEN_UEP6_bit
0x0F76       [0]    EPSTALL_UEP6_bit
0x0F76       [0]    EPCONDIS_UEP6_bit
0x0F77       [1]    UEP7
0x0F77       [0]    EPHSHK_UEP7_bit
0x0F77       [0]    EPINEN_UEP7_bit
0x0F77       [0]    EPSTALL_UEP7_bit
0x0F77       [0]    EPCONDIS_UEP7_bit
0x0F77       [0]    EPOUTEN_UEP7_bit
0x0F78       [0]    EPOUTEN_UEP8_bit
0x0F78       [0]    EPCONDIS_UEP8_bit
0x0F78       [0]    EPHSHK_UEP8_bit
0x0F78       [0]    EPINEN_UEP8_bit
0x0F78       [0]    EPSTALL_UEP8_bit
0x0F78       [1]    UEP8
0x0F79       [0]    EPOUTEN_UEP9_bit
0x0F79       [0]    EPCONDIS_UEP9_bit
0x0F79       [0]    EPINEN_UEP9_bit
0x0F79       [1]    UEP9
0x0F79       [0]    EPSTALL_UEP9_bit
0x0F79       [0]    EPHSHK_UEP9_bit
0x0F7A       [0]    EPCONDIS_UEP10_bit
0x0F7A       [0]    EPHSHK_UEP10_bit
0x0F7A       [1]    UEP10
0x0F7A       [0]    EPSTALL_UEP10_bit
0x0F7A       [0]    EPINEN_UEP10_bit
0x0F7A       [0]    EPOUTEN_UEP10_bit
0x0F7B       [0]    EPCONDIS_UEP11_bit
0x0F7B       [0]    EPHSHK_UEP11_bit
0x0F7B       [0]    EPOUTEN_UEP11_bit
0x0F7B       [0]    EPSTALL_UEP11_bit
0x0F7B       [0]    EPINEN_UEP11_bit
0x0F7B       [1]    UEP11
0x0F7C       [0]    EPOUTEN_UEP12_bit
0x0F7C       [0]    EPCONDIS_UEP12_bit
0x0F7C       [0]    EPHSHK_UEP12_bit
0x0F7C       [0]    EPINEN_UEP12_bit
0x0F7C       [1]    UEP12
0x0F7C       [0]    EPSTALL_UEP12_bit
0x0F7D       [0]    EPSTALL_UEP13_bit
0x0F7D       [1]    UEP13
0x0F7D       [0]    EPCONDIS_UEP13_bit
0x0F7D       [0]    EPHSHK_UEP13_bit
0x0F7D       [0]    EPINEN_UEP13_bit
0x0F7D       [0]    EPOUTEN_UEP13_bit
0x0F7E       [0]    EPOUTEN_UEP14_bit
0x0F7E       [0]    EPCONDIS_UEP14_bit
0x0F7E       [0]    EPHSHK_UEP14_bit
0x0F7E       [0]    EPSTALL_UEP14_bit
0x0F7E       [0]    EPINEN_UEP14_bit
0x0F7E       [1]    UEP14
0x0F7F       [0]    EPOUTEN_UEP15_bit
0x0F7F       [0]    EPCONDIS_UEP15_bit
0x0F7F       [0]    EPHSHK_UEP15_bit
0x0F7F       [1]    UEP15
0x0F7F       [0]    EPSTALL_UEP15_bit
0x0F7F       [0]    EPINEN_UEP15_bit
0x0F80       [0]    RA4_bit
0x0F80       [0]    RA3_bit
0x0F80       [0]    RA6_bit
0x0F80       [0]    RA5_bit
0x0F80       [0]    RA2_bit
0x0F80       [1]    PORTA
0x0F80       [0]    HLVDIN_bit
0x0F80       [0]    RA1_bit
0x0F80       [0]    RA0_bit
0x0F80       [0]    LVDIN_bit
0x0F80       [0]    AN2_bit
0x0F80       [0]    AN1_bit
0x0F80       [0]    T0CKI_bit
0x0F80       [0]    AN3_bit
0x0F80       [0]    AN0_bit
0x0F80       [0]    VREFM_bit
0x0F80       [0]    VREFP_bit
0x0F80       [0]    AN4_bit
0x0F80       [0]    OSC2_bit
0x0F81       [1]    PORTB
0x0F81       [0]    RB5_bit
0x0F81       [0]    LCD_D4
0x0F81       [0]    RB7_bit
0x0F81       [0]    RB6_bit
0x0F81       [0]    LCD_D5
0x0F81       [0]    LCD_D6
0x0F81       [0]    RB2_bit
0x0F81       [0]    RB4_bit
0x0F81       [0]    RB3_bit
0x0F81       [0]    LCD_RS
0x0F81       [0]    INT2_bit
0x0F81       [0]    INT1_bit
0x0F81       [0]    PGM_bit
0x0F81       [0]    PGD_bit
0x0F81       [0]    PGC_bit
0x0F81       [0]    LCD_D7
0x0F81       [0]    LCD_EN
0x0F81       [0]    RB0_bit
0x0F81       [0]    INT0_bit
0x0F81       [0]    RB1_bit
0x0F82       [0]    RC5_bit
0x0F82       [0]    RC4_bit
0x0F82       [0]    RC7_bit
0x0F82       [0]    RC6_bit
0x0F82       [0]    RC0_bit
0x0F82       [1]    PORTC
0x0F82       [0]    RC2_bit
0x0F82       [0]    RC1_bit
0x0F82       [0]    T13CKI_bit
0x0F82       [0]    RX__bit
0x0F82       [0]    CK_bit
0x0F82       [0]    P1A_bit
0x0F82       [0]    T1OSI_bit
0x0F82       [0]    T1OSO_bit
0x0F82       [0]    TX_bit
0x0F82       [0]    CCP1_bit
0x0F83       [0]    RD5_bit
0x0F83       [0]    RD4_bit
0x0F83       [0]    RD7_bit
0x0F83       [0]    RD6_bit
0x0F83       [0]    RD1_bit
0x0F83       [0]    RD0_bit
0x0F83       [0]    RD3_bit
0x0F83       [0]    RD2_bit
0x0F83       [0]    SPP5_bit
0x0F83       [0]    SPP4_bit
0x0F83       [0]    SPP7_bit
0x0F83       [0]    SPP6_bit
0x0F83       [0]    SPP1_bit
0x0F83       [0]    SPP0_bit
0x0F83       [0]    SPP3_bit
0x0F83       [0]    SPP2_bit
0x0F83       [1]    PORTD
0x0F84       [0]    RE1_bit
0x0F84       [0]    RE2_bit
0x0F84       [0]    CK1SPP_bit
0x0F84       [0]    RE0_bit
0x0F84       [0]    RDPU_bit
0x0F84       [1]    PORTE
0x0F84       [0]    RE3_bit
0x0F84       [0]    RDPU_PORTE_bit
0x0F84       [0]    OESPP_bit
0x0F84       [0]    CK2SPP_bit
0x0F89       [0]    LATA4_bit
0x0F89       [0]    LATA5_bit
0x0F89       [0]    LATA6_bit
0x0F89       [0]    LATA3_bit
0x0F89       [0]    LATA0_bit
0x0F89       [0]    LATA1_bit
0x0F89       [0]    LATA2_bit
0x0F89       [1]    LATA
0x0F8A       [0]    LATB2_bit
0x0F8A       [0]    LATB1_bit
0x0F8A       [0]    LATB0_bit
0x0F8A       [0]    LATB3_bit
0x0F8A       [0]    LATB6_bit
0x0F8A       [0]    LATB7_bit
0x0F8A       [0]    LATB4_bit
0x0F8A       [0]    LATB5_bit
0x0F8A       [1]    LATB
0x0F8B       [0]    LATC0_bit
0x0F8B       [1]    LATC
0x0F8B       [0]    LATC1_bit
0x0F8B       [0]    LATC7_bit
0x0F8B       [0]    LATC6_bit
0x0F8B       [0]    LATC2_bit
0x0F8C       [0]    LATD2_bit
0x0F8C       [0]    LATD3_bit
0x0F8C       [0]    LATD1_bit
0x0F8C       [1]    LATD
0x0F8C       [0]    LATD0_bit
0x0F8C       [0]    LATD6_bit
0x0F8C       [0]    LATD7_bit
0x0F8C       [0]    LATD4_bit
0x0F8C       [0]    LATD5_bit
0x0F8D       [0]    LATE1_bit
0x0F8D       [0]    LATE0_bit
0x0F8D       [1]    LATE
0x0F8D       [0]    LATE2_bit
0x0F92       [0]    TRISA6_bit
0x0F92       [0]    TRISA5_bit
0x0F92       [0]    TRISA4_bit
0x0F92       [1]    TRISA
0x0F92       [0]    TRISA2_bit
0x0F92       [0]    TRISA3_bit
0x0F92       [0]    TRISA1_bit
0x0F92       [0]    TRISA0_bit
0x0F93       [0]    LCD_D4_Direction
0x0F93       [0]    TRISB1_bit
0x0F93       [0]    LCD_D5_Direction
0x0F93       [0]    LCD_D7_Direction
0x0F93       [0]    LCD_D6_Direction
0x0F93       [1]    TRISB
0x0F93       [0]    TRISB4_bit
0x0F93       [0]    TRISB5_bit
0x0F93       [0]    TRISB3_bit
0x0F93       [0]    TRISB2_bit
0x0F93       [0]    TRISB6_bit
0x0F93       [0]    LCD_EN_Direction
0x0F93       [0]    TRISB7_bit
0x0F93       [0]    TRISB0_bit
0x0F93       [0]    LCD_RS_Direction
0x0F94       [1]    TRISC
0x0F94       [0]    TRISC0_bit
0x0F94       [0]    TRISC7_bit
0x0F94       [0]    TRISC2_bit
0x0F94       [0]    TRISC6_bit
0x0F94       [0]    TRISC1_bit
0x0F95       [0]    TRISD5_bit
0x0F95       [0]    TRISD6_bit
0x0F95       [0]    TRISD1_bit
0x0F95       [0]    TRISD3_bit
0x0F95       [0]    TRISD2_bit
0x0F95       [0]    TRISD0_bit
0x0F95       [0]    TRISD7_bit
0x0F95       [1]    TRISD
0x0F95       [0]    TRISD4_bit
0x0F96       [0]    TRISE0_bit
0x0F96       [1]    TRISE
0x0F96       [0]    TRISE1_bit
0x0F96       [0]    TRISE2_bit
0x0F9B       [0]    TUN2_bit
0x0F9B       [0]    TUN1_bit
0x0F9B       [0]    INTSRC_bit
0x0F9B       [0]    TUN3_bit
0x0F9B       [0]    TUN0_bit
0x0F9B       [0]    TUN4_bit
0x0F9B       [1]    OSCTUNE
0x0F9D       [0]    TXIE_bit
0x0F9D       [0]    SSPIE_bit
0x0F9D       [0]    RCIE_bit
0x0F9D       [0]    SPPIE_bit
0x0F9D       [0]    ADIE_bit
0x0F9D       [0]    TMR1IE_bit
0x0F9D       [1]    PIE1
0x0F9D       [0]    CCP1IE_bit
0x0F9D       [0]    TMR2IE_bit
0x0F9E       [0]    TMR2IF_bit
0x0F9E       [0]    CCP1IF_bit
0x0F9E       [1]    PIR1
0x0F9E       [0]    TMR1IF_bit
0x0F9E       [0]    SSPIF_bit
0x0F9E       [0]    ADIF_bit
0x0F9E       [0]    SPPIF_bit
0x0F9E       [0]    TXIF_bit
0x0F9E       [0]    RCIF_bit
0x0F9F       [0]    ADIP_bit
0x0F9F       [0]    RCIP_bit
0x0F9F       [1]    IPR1
0x0F9F       [0]    SPPIP_bit
0x0F9F       [0]    TXIP_bit
0x0F9F       [0]    TMR2IP_bit
0x0F9F       [0]    TMR1IP_bit
0x0F9F       [0]    SSPIP_bit
0x0F9F       [0]    CCP1IP_bit
0x0FA0       [0]    CMIE_bit
0x0FA0       [0]    USBIE_bit
0x0FA0       [0]    OSCFIE_bit
0x0FA0       [1]    PIE2
0x0FA0       [0]    HLVDIE_bit
0x0FA0       [0]    TMR3IE_bit
0x0FA0       [0]    CCP2IE_bit
0x0FA0       [0]    LVDIE_bit
0x0FA0       [0]    EEIE_bit
0x0FA0       [0]    BCLIE_bit
0x0FA1       [1]    PIR2
0x0FA1       [0]    CMIF_bit
0x0FA1       [0]    USBIF_bit
0x0FA1       [0]    HLVDIF_bit
0x0FA1       [0]    OSCFIF_bit
0x0FA1       [0]    EEIF_bit
0x0FA1       [0]    TMR3IF_bit
0x0FA1       [0]    CCP2IF_bit
0x0FA1       [0]    BCLIF_bit
0x0FA1       [0]    LVDIF_bit
0x0FA2       [0]    CMIP_bit
0x0FA2       [0]    USBIP_bit
0x0FA2       [0]    OSCFIP_bit
0x0FA2       [1]    IPR2
0x0FA2       [0]    HLVDIP_bit
0x0FA2       [0]    TMR3IP_bit
0x0FA2       [0]    CCP2IP_bit
0x0FA2       [0]    LVDIP_bit
0x0FA2       [0]    EEIP_bit
0x0FA2       [0]    BCLIP_bit
0x0FA6       [0]    CFGS_bit
0x0FA6       [0]    EEPGD_bit
0x0FA6       [1]    EECON1
0x0FA6       [0]    FREE_bit
0x0FA6       [0]    WR_bit
0x0FA6       [0]    RD_bit
0x0FA6       [0]    WRERR_bit
0x0FA6       [0]    WREN_bit
0x0FA7       [1]    EECON2
0x0FA8       [1]    EEDATA
0x0FA9       [1]    EEADR
0x0FAB       [0]    ADEN_bit
0x0FAB       [1]    RCSTA
0x0FAB       [0]    SPEN_bit
0x0FAB       [0]    SREN_bit
0x0FAB       [0]    CREN_bit
0x0FAB       [0]    RX9D_bit
0x0FAB       [0]    OERR_bit
0x0FAB       [0]    RX9_bit
0x0FAB       [0]    FERR_bit
0x0FAB       [0]    ADDEN_bit
0x0FAC       [1]    TXSTA
0x0FAC       [0]    CSRC_bit
0x0FAC       [0]    BRGH_bit
0x0FAC       [0]    SENDB_bit
0x0FAC       [0]    TX9D_bit
0x0FAC       [0]    TRMT_bit
0x0FAC       [0]    SYNC_bit
0x0FAC       [0]    TXEN_bit
0x0FAC       [0]    TX9_bit
0x0FAD       [1]    TXREG
0x0FAE       [1]    RCREG
0x0FAF       [1]    SPBRG
0x0FB0       [1]    SPBRGH
0x0FB1       [1]    T3CON
0x0FB1       [0]    T3CCP2_bit
0x0FB1       [0]    T3CKPS1_bit
0x0FB1       [0]    T3CKPS0_bit
0x0FB1       [0]    NOT_T3SYNC_bit
0x0FB1       [0]    T3NSYNC_bit
0x0FB1       [0]    RD16_bit
0x0FB1       [0]    TMR3CS_bit
0x0FB1       [0]    TMR3ON_bit
0x0FB1       [0]    T3CCP1_bit
0x0FB1       [0]    T3SYNC_bit
0x0FB2       [1]    TMR3L
0x0FB3       [1]    TMR3H
0x0FB4       [0]    CM1_bit
0x0FB4       [0]    CM0_bit
0x0FB4       [1]    CMCON
0x0FB4       [0]    C2INV_bit
0x0FB4       [0]    C1OUT_bit
0x0FB4       [0]    C2OUT_bit
0x0FB4       [0]    CM2_bit
0x0FB4       [0]    CIS_bit
0x0FB4       [0]    C1INV_bit
0x0FB5       [0]    CVR1_bit
0x0FB5       [0]    CVR0_bit
0x0FB5       [0]    CVR2_bit
0x0FB5       [0]    CVROE_bit
0x0FB5       [0]    CVRR_bit
0x0FB5       [0]    CVRSS_bit
0x0FB5       [0]    CVREN_bit
0x0FB5       [1]    CVRCON
0x0FB5       [0]    CVR3_bit
0x0FB5       [0]    CVREF_bit
0x0FB6       [1]    ECCP1AS
0x0FB6       [1]    CCP1AS
0x0FB6       [0]    PSSAC0_bit
0x0FB6       [0]    PSSAC1_bit
0x0FB6       [0]    PSSBD0_bit
0x0FB6       [0]    PSSBD1_bit
0x0FB6       [0]    ECCPAS2_bit
0x0FB6       [0]    ECCPASE_bit
0x0FB6       [0]    ECCPAS0_bit
0x0FB6       [0]    ECCPAS1_bit
0x0FB7       [0]    PDC5_bit
0x0FB7       [0]    PDC4_bit
0x0FB7       [0]    PDC3_bit
0x0FB7       [1]    ECCP1DEL
0x0FB7       [0]    PRSEN_bit
0x0FB7       [0]    PDC6_bit
0x0FB7       [0]    PDC2_bit
0x0FB7       [1]    CCP1DEL
0x0FB7       [0]    PDC0_bit
0x0FB7       [0]    PDC1_bit
0x0FB8       [0]    ABDOVF_bit
0x0FB8       [0]    RCIDL_bit
0x0FB8       [0]    RCMT_bit
0x0FB8       [0]    RXDTP_bit
0x0FB8       [0]    TXCKP_bit
0x0FB8       [0]    BRG16_bit
0x0FB8       [0]    SCKP_bit
0x0FB8       [1]    BAUDCON
0x0FB8       [0]    WUE_bit
0x0FB8       [0]    ABDEN_bit
0x0FBA       [0]    CCP2M3_bit
0x0FBA       [0]    DC2B0_bit
0x0FBA       [0]    DC2B1_bit
0x0FBA       [1]    CCP2CON
0x0FBA       [0]    CCP2M0_bit
0x0FBA       [0]    CCP2M1_bit
0x0FBA       [0]    CCP2M2_bit
0x0FBB       [2]    CCPR2
0x0FBB       [1]    CCPR2L
0x0FBC       [1]    CCPR2H
0x0FBD       [0]    CCP1M3_bit
0x0FBD       [0]    DC1B0_bit
0x0FBD       [0]    DC1B1_bit
0x0FBD       [0]    CCP1M0_bit
0x0FBD       [1]    CCP1CON
0x0FBD       [0]    CCP1M2_bit
0x0FBD       [0]    CCP1M1_bit
0x0FBD       [0]    P1M1_bit
0x0FBD       [1]    ECCP1CON
0x0FBD       [0]    P1M0_bit
0x0FBE       [1]    CCPR1L
0x0FBE       [2]    CCPR1
0x0FBF       [1]    CCPR1H
0x0FC0       [0]    ACQT1_bit
0x0FC0       [0]    ADCS0_bit
0x0FC0       [0]    ADFM_bit
0x0FC0       [0]    ACQT2_bit
0x0FC0       [0]    ADCS2_bit
0x0FC0       [0]    ADCS1_bit
0x0FC0       [1]    ADCON2
0x0FC0       [0]    ACQT0_bit
0x0FC1       [0]    PCFG2_bit
0x0FC1       [0]    PCFG3_bit
0x0FC1       [0]    PCFG0_bit
0x0FC1       [0]    PCFG1_bit
0x0FC1       [1]    ADCON1
0x0FC1       [0]    VCFG1_bit
0x0FC1       [0]    VCFG0_bit
0x0FC2       [1]    ADCON0
0x0FC2       [0]    CHS3_bit
0x0FC2       [0]    CHS2_bit
0x0FC2       [0]    DONE_bit
0x0FC2       [0]    NOT_DONE_bit
0x0FC2       [0]    GO_bit
0x0FC2       [0]    CHS1_bit
0x0FC2       [0]    ADON_bit
0x0FC2       [0]    GO_DONE_bit
0x0FC2       [0]    CHS0_bit
0x0FC3       [2]    ADRES
0x0FC3       [1]    ADRESL
0x0FC4       [1]    ADRESH
0x0FC5       [0]    ACKSTAT_bit
0x0FC5       [0]    ACKDT_bit
0x0FC5       [0]    GCEN_bit
0x0FC5       [1]    SSPCON2
0x0FC5       [0]    ACKEN_bit
0x0FC5       [0]    RSEN_bit
0x0FC5       [0]    SEN_bit
0x0FC5       [0]    RCEN_bit
0x0FC5       [0]    PEN_bit
0x0FC6       [0]    CKP_bit
0x0FC6       [0]    SSPM3_bit
0x0FC6       [0]    WCOL_bit
0x0FC6       [0]    SSPOV_bit
0x0FC6       [0]    SSPEN_bit
0x0FC6       [1]    SSPCON1
0x0FC6       [0]    SSPM0_bit
0x0FC6       [0]    SSPM2_bit
0x0FC6       [0]    SSPM1_bit
0x0FC7       [0]    D_A_bit
0x0FC7       [0]    P_bit
0x0FC7       [0]    SMP_bit
0x0FC7       [0]    CKE_bit
0x0FC7       [0]    S_bit
0x0FC7       [0]    BF_bit
0x0FC7       [1]    SSPSTAT
0x0FC7       [0]    R_W_bit
0x0FC7       [0]    UA_bit
0x0FC7       [0]    NOT_WRITE_bit
0x0FC7       [0]    NOT_ADDRESS_bit
0x0FC7       [0]    NOT_W_bit
0x0FC7       [0]    NOT_A_bit
0x0FC7       [0]    R_bit
0x0FC7       [0]    D_bit
0x0FC7       [0]    READ_WRITE_bit
0x0FC7       [0]    DATA_ADDRESS_bit
0x0FC7       [0]    I2C_START__bit
0x0FC7       [0]    I2C_READ_bit
0x0FC7       [0]    I2C_DAT_bit
0x0FC7       [0]    I2C_STOP__bit
0x0FC8       [1]    SSPADD
0x0FC9       [1]    SSPBUF
0x0FCA       [0]    T2OUTPS1_bit
0x0FCA       [0]    T2OUTPS0_bit
0x0FCA       [0]    T2OUTPS2_bit
0x0FCA       [0]    T2OUTPS3_bit
0x0FCA       [1]    T2CON
0x0FCA       [0]    T2CKPS0_bit
0x0FCA       [0]    T2CKPS1_bit
0x0FCA       [0]    TMR2ON_bit
0x0FCB       [1]    PR2
0x0FCC       [1]    TMR2
0x0FCD       [0]    TMR1CS_bit
0x0FCD       [0]    TMR1ON_bit
0x0FCD       [0]    T1CKPS1_bit
0x0FCD       [0]    T1CKPS0_bit
0x0FCD       [0]    T1RUN_bit
0x0FCD       [0]    NOT_T1SYNC_bit
0x0FCD       [0]    RD16_T1CON_bit
0x0FCD       [0]    T1OSCEN_bit
0x0FCD       [1]    T1CON
0x0FCD       [0]    T1SYNC_bit
0x0FCE       [1]    TMR1L
0x0FCF       [1]    TMR1H
0x0FD0       [0]    POR_bit
0x0FD0       [0]    BOR_bit
0x0FD0       [0]    NOT_IPEN_bit
0x0FD0       [0]    PD_bit
0x0FD0       [0]    RI_bit
0x0FD0       [0]    IPEN_bit
0x0FD0       [0]    TO__bit
0x0FD0       [0]    NOT_POR_bit
0x0FD0       [1]    RCON
0x0FD0       [0]    NOT_BOR_bit
0x0FD0       [0]    NOT_PD_bit
0x0FD0       [0]    NOT_RI_bit
0x0FD0       [0]    SBOREN_bit
0x0FD0       [0]    NOT_TO_bit
0x0FD1       [1]    WDTCON
0x0FD1       [0]    SWDTE_bit
0x0FD1       [0]    SWDTEN_bit
0x0FD2       [1]    LVDCON
0x0FD2       [1]    HLVDCON
0x0FD2       [0]    HLVDL0_bit
0x0FD2       [0]    HLVDL1_bit
0x0FD2       [0]    LVV3_bit
0x0FD2       [0]    BGST_bit
0x0FD2       [0]    HLVDL2_bit
0x0FD2       [0]    VDIRMAG_bit
0x0FD2       [0]    IVRST_bit
0x0FD2       [0]    HLVDL3_bit
0x0FD2       [0]    HLVDEN_bit
0x0FD2       [0]    LVDL2_bit
0x0FD2       [0]    LVDL3_bit
0x0FD2       [0]    LVDL0_bit
0x0FD2       [0]    LVDL1_bit
0x0FD2       [0]    LVDEN_bit
0x0FD2       [0]    LVV1_bit
0x0FD2       [0]    LVV2_bit
0x0FD2       [0]    IRVST_bit
0x0FD2       [0]    LVV0_bit
0x0FD3       [0]    FLTS_bit
0x0FD3       [1]    OSCCON
0x0FD3       [0]    IDLEN_bit
0x0FD3       [0]    IRCF1_bit
0x0FD3       [0]    IRCF2_bit
0x0FD3       [0]    IOFS_bit
0x0FD3       [0]    OSTS_bit
0x0FD3       [0]    SCS1_bit
0x0FD3       [0]    IRCF0_bit
0x0FD3       [0]    SCS0_bit
0x0FD5       [0]    T0PS1_bit
0x0FD5       [0]    T0PS0_bit
0x0FD5       [0]    T0PS2_bit
0x0FD5       [0]    T08BIT_bit
0x0FD5       [0]    TMR0ON_bit
0x0FD5       [1]    T0CON
0x0FD5       [0]    PSA_bit
0x0FD5       [0]    T0SE_bit
0x0FD5       [0]    T0CS_bit
0x0FD6       [1]    TMR0L
0x0FD7       [1]    TMR0H
0x0FD8       [0]    N_bit
0x0FD8       [0]    C_bit
0x0FD8       [1]    STATUS
0x0FD8       [0]    DC_bit
0x0FD8       [0]    Z_bit
0x0FD8       [0]    OV_bit
0x0FD9       [1]    FSR2L
0x0FD9       [2]    FSR2PTR
0x0FD9       [2]    FSR2
0x0FDA       [1]    FSR2H
0x0FDB       [1]    PLUSW2
0x0FDC       [1]    PREINC2
0x0FDD       [1]    POSTDEC2
0x0FDE       [1]    POSTINC2
0x0FDF       [1]    INDF2
0x0FE0       [1]    BSR
0x0FE1       [2]    FSR1PTR
0x0FE1       [1]    FSR1L
0x0FE1       [2]    FSR1
0x0FE2       [1]    FSR1H
0x0FE3       [1]    PLUSW1
0x0FE4       [1]    PREINC1
0x0FE5       [1]    POSTDEC1
0x0FE6       [1]    POSTINC1
0x0FE7       [1]    INDF1
0x0FE8       [1]    WREG
0x0FE9       [1]    FSR0L
0x0FE9       [2]    FSR0PTR
0x0FE9       [2]    FSR0
0x0FEA       [1]    FSR0H
0x0FEB       [1]    PLUSW0
0x0FEC       [1]    PREINC0
0x0FED       [1]    POSTDEC0
0x0FEE       [1]    POSTINC0
0x0FEF       [1]    INDF0
0x0FF0       [1]    INTCON3
0x0FF0       [0]    INT1IF_bit
0x0FF0       [0]    INT2IF_bit
0x0FF0       [0]    INT1IE_bit
0x0FF0       [0]    INT2P_bit
0x0FF0       [0]    INT1P_bit
0x0FF0       [0]    INT2E_bit
0x0FF0       [0]    INT1F_bit
0x0FF0       [0]    INT2F_bit
0x0FF0       [0]    INT1E_bit
0x0FF0       [0]    INT2IE_bit
0x0FF0       [0]    INT1IP_bit
0x0FF0       [0]    INT2IP_bit
0x0FF1       [0]    INTEDG1_bit
0x0FF1       [0]    INTEDG0_bit
0x0FF1       [0]    INTEDG2_bit
0x0FF1       [0]    RBIP_bit
0x0FF1       [0]    TMR0IP_bit
0x0FF1       [0]    T0IP_bit
0x0FF1       [0]    RBPU_bit
0x0FF1       [1]    INTCON2
0x0FF1       [0]    NOT_RBPU_bit
0x0FF2       [0]    RBIE_bit
0x0FF2       [0]    TMR0IF_bit
0x0FF2       [0]    INT0IF_bit
0x0FF2       [0]    INT0IE_bit
0x0FF2       [0]    GIE_bit
0x0FF2       [0]    PEIE_bit
0x0FF2       [0]    TMR0IE_bit
0x0FF2       [0]    T0IE_bit
0x0FF2       [0]    GIEL_bit
0x0FF2       [0]    GIEH_bit
0x0FF2       [0]    INT0E_bit
0x0FF2       [0]    RBIF_bit
0x0FF2       [0]    INT0F_bit
0x0FF2       [0]    T0IF_bit
0x0FF2       [1]    INTCON
0x0FF3       [1]    PRODL
0x0FF3       [2]    PROD
0x0FF4       [1]    PRODH
0x0FF5       [1]    TABLAT
0x0FF6       [3]    TBLPTR
0x0FF6       [1]    TBLPTRL
0x0FF7       [1]    TBLPTRH
0x0FF8       [1]    TBLPTRU
0x0FF9       [1]    PC
0x0FF9       [1]    PCL
0x0FFA       [1]    PCLATH
0x0FFB       [1]    PCLATU
0x0FFB       [0]    PCU0_bit
0x0FFB       [0]    PCU4_bit
0x0FFB       [0]    PCU3_bit
0x0FFB       [0]    PCU2_bit
0x0FFB       [0]    PCU1_bit
0x0FFC       [0]    STKPTR4_bit
0x0FFC       [0]    STKUNF_bit
0x0FFC       [0]    STKFUL_bit
0x0FFC       [0]    STKPTR0_bit
0x0FFC       [1]    STKPTR
0x0FFC       [0]    STKPTR1_bit
0x0FFC       [0]    STKPTR3_bit
0x0FFC       [0]    STKPTR2_bit
0x0FFD       [1]    TOSL
0x0FFE       [1]    TOSH
0x0FFF       [1]    TOSU
//** Constants locations ** 
//ADDRESS    SIZE    CONSTANT
//----------------------------------------------
0x0918       [2]    ?ICS_dmin
0x091A       [2]    ?ICS_uhor
0x091C       [2]    ?ICS_dhor
0x091E       [2]    ?ICS_umin
0x0920       [2]    ?ICS_usec
0x0922       [2]    ?ICS_dsec
0x0924       [9]    ?ICS?lstr1_LCD_32keypad
0x092D       [2]    ?ICS_i
0x092F       [2]    ?ICS?lstr5_LCD_32keypad
0x0931       [2]    ?ICS_texto
0x0933       [2]    ?ICS?lstr3_LCD_32keypad
0x0935       [2]    ?ICS?lstr2_LCD_32keypad
0x0937       [2]    ?ICS?lstr4_LCD_32keypad
0x0939       [8]    _character
//** Label List: ** 
//----------------------------------------------
  L_CustomChar0
  L_CustomChar1
  L_CustomChar2
  L_linhas3
  L_linhas4
  L_linhas5
  L_linhas6
  L_linhas7
  L_linhas8
  L_linhas9
  L_linhas10
  L_linhas11
  L_linhas12
  L_linhas13
  L_linhas14
  L_linhas15
  L_linhas16
  L_linhas17
  L_linhas18
  L_linhas19
  L_linhas20
  L_linhas21
  L_linhas22
  L_linhas23
  L_linhas24
  L_linhas25
  L_linhas26
  L_linhas27
  L_linhas28
  L_linhas29
  L_linhas30
  L_linhas31
  L_linhas32
  L_linhas33
  L_linhas34
  L_linhas35
  L_linhas36
  L_linhas37
  L_linhas38
  L_linhas39
  L_linhas40
  L_linhas41
  L_linhas42
  L_linhas43
  L_linhas44
  L_linhas45
  L_linhas46
  L_linhas47
  L_linhas48
  L_linhas49
  L_linhas50
  L_linhas51
  L_linhas52
  L_linhas53
  L_linhas54
  L_linhas55
  L_linhas56
  L_linhas57
  L_linhas58
  L_linhas59
  L_linhas60
  L_linhas61
  L_linhas62
  L_linhas63
  L_linhas64
  L_colunas65
  L_colunas66
  L_colunas67
  L_Clock68
  L_Clock69
  L_Clock70
  L_Clock71
  L_Clock72
  L_Clock73
  L_Clock74
  L_main75
  L_main76
  L_main77
  L_main78
  L_main79
  L_main80
  L__linhas81
  L__linhas82
  L__linhas83
  L__linhas84
  L__linhas85
  L__linhas86
  L__Clock87
  L__main88
  _CustomChar
  _linhas
  L__linhas89
  L__linhas90
  L__linhas91
  L__linhas92
  L__linhas93
  L__linhas94
  L__linhas95
  L__linhas96
  L__linhas97
  L__linhas98
  L__linhas99
  L__linhas100
  L__linhas101
  L__linhas102
  L__linhas103
  L__linhas104
  L__linhas105
  L__linhas106
  L__linhas107
  L__linhas108
  L__linhas109
  L__linhas110
  L__linhas111
  L__linhas112
  L__linhas113
  L__linhas114
  L__linhas115
  L__linhas116
  L__linhas117
  L__linhas118
  L__linhas119
  L__linhas120
  L__linhas121
  L__linhas122
  L__linhas123
  L__linhas124
  L__linhas125
  L__linhas126
  L__linhas127
  L__linhas128
  L__linhas129
  L__linhas130
  L__linhas131
  L__linhas132
  L__linhas133
  L__linhas134
  L__linhas135
  L__linhas136
  L__linhas137
  L__linhas138
  L__linhas139
  L__linhas140
  _colunas
  _Clock
  L__Clock141
  L__Clock142
  L__Clock143
  L__Clock144
  L__Clock145
  L__Clock146
  _main
  L__main147
  L__main148
  L__main149
  L__main150
  L__main151
  L__main152
  L_Delay_10us0
  L_Delay_22us1
  L_Delay_50us2
  L_Delay_80us3
  L_Delay_500us4
  L_Delay_5500us5
  L_Delay_1ms6
  L_Delay_5ms7
  L_Delay_8ms8
  L_Delay_100ms9
  L_Delay_10ms10
  L_Delay_1sec11
  L____Boot_Delay4k12
  L____Boot_Delay8k13
  L____Boot_Delay12k14
  L____Boot_Delay16k15
  L____Boot_Delay24k16
  L____Boot_Delay32k17
  L____Boot_Delay48k18
  L____Boot_Delay64k19
  L____Boot_Delay128k20
  L_Delay_Cyc21
  L_Delay_Cyc22
  L_VDelay_ms23
  L_VDelay_ms24
  L_VDelay_ms25
  L_VDelay_Advanced_ms26
  L_VDelay_Advanced_ms27
  L_VDelay_Advanced_ms28
  _Get_Fosc_kHz
  _Delay_1us
  _Delay_10us
  _Delay_22us
  _Delay_50us
  _Delay_80us
  _Delay_500us
  _Delay_5500us
  _Delay_1ms
  _Delay_5ms
  _Delay_8ms
  _Delay_100ms
  _Delay_10ms
  _Delay_1sec
  ____Boot_Delay4k
  ____Boot_Delay8k
  ____Boot_Delay12k
  ____Boot_Delay16k
  ____Boot_Delay24k
  ____Boot_Delay32k
  ____Boot_Delay48k
  ____Boot_Delay64k
  ____Boot_Delay128k
  _Delay_Cyc
  _VDelay_ms
  L__VDelay_ms29
  L__VDelay_ms30
  L__VDelay_ms31
  _VDelay_Advanced_ms
  L__VDelay_Advanced_ms32
  L__VDelay_Advanced_ms33
  L__VDelay_Advanced_ms34
  L_Lcd_Cmd0
  L_Lcd_Cmd1
  L_Lcd_Out_CP2
  L_Lcd_Out_CP3
  L_Lcd_Chr4
  L_Lcd_Chr5
  L_Lcd_Chr6
  L_Lcd_Chr7
  L_Lcd_Chr8
  L_Lcd_Chr9
  L_Lcd_Chr10
  L_Lcd_Out11
  L_Lcd_Out12
  L_Lcd_Out13
  L_Lcd_Out14
  L_Lcd_Out15
  L_Lcd_Out16
  L_Lcd_Out17
  L_Lcd_Out18
  L_Lcd_Out19
  _Lcd_Cmd
  L__Lcd_Cmd20
  L__Lcd_Cmd21
  L__Lcd_Cmd22
  L__Lcd_Cmd23
  L__Lcd_Cmd24
  L__Lcd_Cmd25
  L__Lcd_Cmd26
  L__Lcd_Cmd27
  L__Lcd_Cmd28
  L__Lcd_Cmd29
  L__Lcd_Cmd30
  L__Lcd_Cmd31
  L__Lcd_Cmd32
  L__Lcd_Cmd33
  L__Lcd_Cmd34
  L__Lcd_Cmd35
  L__Lcd_Cmd36
  L__Lcd_Cmd37
  L__Lcd_Cmd38
  L__Lcd_Cmd39
  _Lcd_Chr_CP
  _Lcd_Out_CP
  _Lcd_Chr
  _Lcd_Init
  _Lcd_Out
  _CC2D_Loop1
  _CC2DL_Loop1
  L_longjmp2
  ___CC2D
  ___CC2DW
  _____DoIFC
  _Swap
  _setjmp
  _longjmp
